%このファイルは日本語文字を含みます.
\BOOKMARK [0][-]{chapter.1}{はじめに}{}% 1
\BOOKMARK [1][-]{section.1.1}{BlackPokerとは}{chapter.1}% 2
\BOOKMARK [1][-]{section.1.2}{きっかけ}{chapter.1}% 3
\BOOKMARK [1][-]{section.1.3}{ゲームのストーリー}{chapter.1}% 4
\BOOKMARK [1][-]{section.1.4}{読み方}{chapter.1}% 5
\BOOKMARK [2][-]{subsection.1.4.1}{用途別読み方}{section.1.4}% 6
\BOOKMARK [1][-]{section.1.5}{ルール指針}{chapter.1}% 7
\BOOKMARK [0][-]{chapter.2}{対戦レギュレーション}{}% 8
\BOOKMARK [1][-]{section.2.1}{対戦レギュレーションとは}{chapter.2}% 9
\BOOKMARK [1][-]{section.2.2}{定義項目}{chapter.2}% 10
\BOOKMARK [2][-]{subsection.2.2.1}{対戦レギュレーションの表記}{section.2.2}% 11
\BOOKMARK [1][-]{section.2.3}{対戦レギュレーションの決め方}{chapter.2}% 12
\BOOKMARK [0][-]{chapter.3}{共通ルール: 基本}{}% 13
\BOOKMARK [1][-]{section.3.1}{プレイ人数}{chapter.3}% 14
\BOOKMARK [1][-]{section.3.2}{用意するもの}{chapter.3}% 15
\BOOKMARK [1][-]{section.3.3}{使用できるトランプ}{chapter.3}% 16
\BOOKMARK [1][-]{section.3.4}{トランプの数字}{chapter.3}% 17
\BOOKMARK [1][-]{section.3.5}{領域（ゾーン）}{chapter.3}% 18
\BOOKMARK [1][-]{section.3.6}{カードの配置}{chapter.3}% 19
\BOOKMARK [2][-]{subsection.3.6.1}{デッキとライフ}{section.3.6}% 20
\BOOKMARK [1][-]{section.3.7}{勝利条件}{chapter.3}% 21
\BOOKMARK [1][-]{section.3.8}{ダメージ}{chapter.3}% 22
\BOOKMARK [1][-]{section.3.9}{ゲームの始め方}{chapter.3}% 23
\BOOKMARK [2][-]{subsection.3.9.1}{共通手順：プリセット配置}{section.3.9}% 24
\BOOKMARK [2][-]{subsection.3.9.2}{共通手順：先攻決定}{section.3.9}% 25
\BOOKMARK [2][-]{subsection.3.9.3}{共通手順：ゲーム開始}{section.3.9}% 26
\BOOKMARK [1][-]{section.3.10}{基礎概念}{chapter.3}% 27
\BOOKMARK [2][-]{subsection.3.10.1}{BlackPokerとは}{section.3.10}% 28
\BOOKMARK [3][-]{subsubsection*.4}{補足: 図の読み方}{subsection.3.10.1}% 29
\BOOKMARK [2][-]{subsection.3.10.2}{この後の読み方}{section.3.10}% 30
\BOOKMARK [2][-]{subsection.3.10.3}{スクリプト}{section.3.10}% 31
\BOOKMARK [0][-]{chapter.4}{共通ルール: コンポーネント}{}% 32
\BOOKMARK [1][-]{section.4.1}{コンポーネントの概要}{chapter.4}% 33
\BOOKMARK [2][-]{subsection.4.1.1}{用語の要点}{section.4.1}% 34
\BOOKMARK [2][-]{subsection.4.1.2}{コンポーネントスクリプトの共通・必須項目}{section.4.1}% 35
\BOOKMARK [2][-]{subsection.4.1.3}{ユニットとコンポーネントスクリプトの対応（共通原則）}{section.4.1}% 36
\BOOKMARK [3][-]{subsubsection*.5}{例：一般兵（キャラクター）}{subsection.4.1.3}% 37
\BOOKMARK [2][-]{subsection.4.1.4}{この先の読み方}{section.4.1}% 38
\BOOKMARK [3][-]{subsubsection*.6}{補足：スクリプト一覧のない種別}{subsection.4.1.4}% 39
\BOOKMARK [4][-]{paragraph*.7}{共通原則}{subsubsection*.6}% 40
\BOOKMARK [1][-]{section.4.2}{キャラクター}{chapter.4}% 41
\BOOKMARK [2][-]{subsection.4.2.1}{チャージとドライブ}{section.4.2}% 42
\BOOKMARK [2][-]{subsection.4.2.2}{スクリプト一覧}{section.4.2}% 43
\BOOKMARK [2][-]{subsection.4.2.3}{キャラクターの持つ項目}{section.4.2}% 44
\BOOKMARK [3][-]{subsubsection*.8}{キャラクターのサイズ}{subsection.4.2.3}% 45
\BOOKMARK [2][-]{subsection.4.2.4}{キャラクターの注意点}{section.4.2}% 46
\BOOKMARK [3][-]{subsubsection*.9}{複数枚で1体となるキャラクターが防壁になったら?}{subsection.4.2.4}% 47
\BOOKMARK [1][-]{section.4.3}{フォグ}{chapter.4}% 48
\BOOKMARK [2][-]{subsection.4.3.1}{スクリプト一覧}{section.4.3}% 49
\BOOKMARK [2][-]{subsection.4.3.2}{フォグの持つ項目}{section.4.3}% 50
\BOOKMARK [1][-]{section.4.4}{切札}{chapter.4}% 51
\BOOKMARK [2][-]{subsection.4.4.1}{スクリプト一覧}{section.4.4}% 52
\BOOKMARK [2][-]{subsection.4.4.2}{切札の持つ項目}{section.4.4}% 53
\BOOKMARK [0][-]{chapter.5}{共通ルール: アクション}{}% 54
\BOOKMARK [1][-]{section.5.1}{アクションが持つ項目}{chapter.5}% 55
\BOOKMARK [2][-]{subsection.5.1.1}{記載されていないアクションの項目}{section.5.1}% 56
\BOOKMARK [1][-]{section.5.2}{コストの種類}{chapter.5}% 57
\BOOKMARK [1][-]{section.5.3}{アクションの起こし方\(リクエスト\)}{chapter.5}% 58
\BOOKMARK [2][-]{subsection.5.3.1}{アクションを起こすときの注意点}{section.5.3}% 59
\BOOKMARK [3][-]{subsubsection*.10}{対象を指定しないでアクションを起こせるか？}{subsection.5.3.1}% 60
\BOOKMARK [3][-]{subsubsection*.11}{アクションを対象とするアクションは自身を対象にできるか？}{subsection.5.3.1}% 61
\BOOKMARK [1][-]{section.5.4}{アクションの解決}{chapter.5}% 62
\BOOKMARK [2][-]{subsection.5.4.1}{対象条件を確認}{section.5.4}% 63
\BOOKMARK [2][-]{subsection.5.4.2}{効果を発揮}{section.5.4}% 64
\BOOKMARK [2][-]{subsection.5.4.3}{解決は墓地移動までを含む}{section.5.4}% 65
\BOOKMARK [2][-]{subsection.5.4.4}{ステージ上で効果を発揮}{section.5.4}% 66
\BOOKMARK [2][-]{subsection.5.4.5}{キーカードを墓地に移す}{section.5.4}% 67
\BOOKMARK [1][-]{section.5.5}{勝敗判定}{chapter.5}% 68
\BOOKMARK [1][-]{section.5.6}{誘発チェック}{chapter.5}% 69
\BOOKMARK [2][-]{subsection.5.6.1}{パターン1: フェイズ系}{section.5.6}% 70
\BOOKMARK [2][-]{subsection.5.6.2}{パターン2: 世代交代}{section.5.6}% 71
\BOOKMARK [0][-]{chapter.6}{共通ルール: その他}{}% 72
\BOOKMARK [1][-]{section.6.1}{公開レベル}{chapter.6}% 73
\BOOKMARK [2][-]{subsection.6.1.1}{残りライフを聞かれたらどうしたらいいの？}{section.6.1}% 74
\BOOKMARK [2][-]{subsection.6.1.2}{墓地の一番上のカードはいつ決まるのか？}{section.6.1}% 75
\BOOKMARK [1][-]{section.6.2}{デッキのシャッフルについて}{chapter.6}% 76
\BOOKMARK [1][-]{section.6.3}{防壁の置き方}{chapter.6}% 77
\BOOKMARK [1][-]{section.6.4}{フォグの置き方}{chapter.6}% 78
\BOOKMARK [1][-]{section.6.5}{ステージの置き方}{chapter.6}% 79
\BOOKMARK [0][-]{chapter.7}{フォーマット}{}% 80
\BOOKMARK [1][-]{section.7.1}{フォーマットとは}{chapter.7}% 81
\BOOKMARK [1][-]{section.7.2}{定義項目}{chapter.7}% 82
\BOOKMARK [1][-]{section.7.3}{フォーマット定義}{chapter.7}% 83
\BOOKMARK [2][-]{subsection.7.3.1}{アクションリスト}{section.7.3}% 84
\BOOKMARK [3][-]{subsubsection*.52}{基本}{subsection.7.3.1}% 85
\BOOKMARK [4][-]{paragraph*.53}{エンド \(基本\)}{subsubsection*.52}% 86
\BOOKMARK [4][-]{paragraph*.54}{チャージ \(基本\)}{subsubsection*.52}% 87
\BOOKMARK [4][-]{paragraph*.55}{ドロー \(基本\)}{subsubsection*.52}% 88
\BOOKMARK [4][-]{paragraph*.56}{アタック \(基本\)}{subsubsection*.52}% 89
\BOOKMARK [4][-]{paragraph*.57}{ブロック \(基本\)}{subsubsection*.52}% 90
\BOOKMARK [4][-]{paragraph*.58}{ダメージ判定 \(基本\)}{subsubsection*.52}% 91
\BOOKMARK [4][-]{paragraph*.59}{世代交代 \(誘発魔法\)}{subsubsection*.52}% 92
\BOOKMARK [3][-]{subsubsection*.60}{召喚}{subsection.7.3.1}% 93
\BOOKMARK [4][-]{paragraph*.61}{防壁設置 \(召喚\)}{subsubsection*.60}% 94
\BOOKMARK [4][-]{paragraph*.62}{兵士召喚 \(召喚\)}{subsubsection*.60}% 95
\BOOKMARK [4][-]{paragraph*.63}{英雄召喚 \(召喚\)}{subsubsection*.60}% 96
\BOOKMARK [4][-]{paragraph*.64}{エース召喚 \(召喚\)}{subsubsection*.60}% 97
\BOOKMARK [4][-]{paragraph*.65}{クイック召喚 \(召喚\)}{subsubsection*.60}% 98
\BOOKMARK [4][-]{paragraph*.66}{魔術士召喚 \(召喚\)}{subsubsection*.60}% 99
\BOOKMARK [4][-]{paragraph*.67}{装備 \(召喚\)}{subsubsection*.60}% 100
\BOOKMARK [3][-]{subsubsection*.68}{魔法}{subsection.7.3.1}% 101
\BOOKMARK [4][-]{paragraph*.69}{アップ \(魔法\)}{subsubsection*.68}% 102
\BOOKMARK [4][-]{paragraph*.70}{ダウン \(魔法\)}{subsubsection*.68}% 103
\BOOKMARK [4][-]{paragraph*.71}{ツイスト \(魔法\)}{subsubsection*.68}% 104
\BOOKMARK [4][-]{paragraph*.72}{カウンター \(魔法\)}{subsubsection*.68}% 105
\BOOKMARK [4][-]{paragraph*.73}{キル \(魔法\)}{subsubsection*.68}% 106
\BOOKMARK [4][-]{paragraph*.74}{再会 \(魔法\)}{subsubsection*.68}% 107
\BOOKMARK [4][-]{paragraph*.75}{停戦 \(魔法\)}{subsubsection*.68}% 108
\BOOKMARK [4][-]{paragraph*.76}{対象変更 \(魔法\)}{subsubsection*.68}% 109
\BOOKMARK [4][-]{paragraph*.77}{サーチ \(魔法\)}{subsubsection*.68}% 110
\BOOKMARK [4][-]{paragraph*.78}{B・J \(魔法\)}{subsubsection*.68}% 111
\BOOKMARK [4][-]{paragraph*.79}{R・S・F \(魔法\)}{subsubsection*.68}% 112
\BOOKMARK [4][-]{paragraph*.80}{リバース \(魔法\)}{subsubsection*.68}% 113
\BOOKMARK [4][-]{paragraph*.81}{帰還 \(魔法\)}{subsubsection*.68}% 114
\BOOKMARK [4][-]{paragraph*.82}{防壁破壊 \(魔法\)}{subsubsection*.68}% 115
\BOOKMARK [4][-]{paragraph*.83}{投擲 \(魔法\)}{subsubsection*.68}% 116
\BOOKMARK [4][-]{paragraph*.84}{死の槍 \(魔法\)}{subsubsection*.68}% 117
\BOOKMARK [4][-]{paragraph*.85}{防壁補充 \(魔法\)}{subsubsection*.68}% 118
\BOOKMARK [4][-]{paragraph*.86}{リアニメイト \(魔法\)}{subsubsection*.68}% 119
\BOOKMARK [4][-]{paragraph*.87}{ハンデス \(魔法\)}{subsubsection*.68}% 120
\BOOKMARK [4][-]{paragraph*.88}{剣の雨 \(魔法\)}{subsubsection*.68}% 121
\BOOKMARK [4][-]{paragraph*.89}{フォース \(魔法\)}{subsubsection*.68}% 122
\BOOKMARK [4][-]{paragraph*.90}{徴募 \(魔法\)}{subsubsection*.68}% 123
\BOOKMARK [4][-]{paragraph*.91}{奇襲 \(魔法\)}{subsubsection*.68}% 124
\BOOKMARK [2][-]{subsection.7.3.2}{キャラクターリスト}{section.7.3}% 125
\BOOKMARK [3][-]{subsubsection*.100}{兵士}{subsection.7.3.2}% 126
\BOOKMARK [4][-]{paragraph*.101}{一般兵 \(兵士\)}{subsubsection*.100}% 127
\BOOKMARK [4][-]{paragraph*.102}{英雄 \(兵士\)}{subsubsection*.100}% 128
\BOOKMARK [4][-]{paragraph*.103}{エース \(兵士\)}{subsubsection*.100}% 129
\BOOKMARK [4][-]{paragraph*.104}{魔術士 \(兵士\)}{subsubsection*.100}% 130
\BOOKMARK [4][-]{paragraph*.105}{装備兵 \(兵士\)}{subsubsection*.100}% 131
\BOOKMARK [3][-]{subsubsection*.106}{防壁}{subsection.7.3.2}% 132
\BOOKMARK [4][-]{paragraph*.107}{防壁 \(防壁\)}{subsubsection*.106}% 133
\BOOKMARK [2][-]{subsection.7.3.3}{フォグリスト}{section.7.3}% 134
\BOOKMARK [3][-]{subsubsection*.112}{滞留魔法}{subsection.7.3.3}% 135
\BOOKMARK [4][-]{paragraph*.113}{アップ \(滞留魔法\)}{subsubsection*.112}% 136
\BOOKMARK [4][-]{paragraph*.114}{ダウン \(滞留魔法\)}{subsubsection*.112}% 137
\BOOKMARK [4][-]{paragraph*.115}{フォース \(滞留魔法\)}{subsubsection*.112}% 138
\BOOKMARK [0][-]{chapter.8}{フレーム}{}% 139
\BOOKMARK [1][-]{section.8.1}{フレームとは}{chapter.8}% 140
\BOOKMARK [1][-]{section.8.2}{定義項目}{chapter.8}% 141
\BOOKMARK [1][-]{section.8.3}{フレーム定義}{chapter.8}% 142
\BOOKMARK [2][-]{subsection.8.3.1}{公式フレーム}{section.8.3}% 143
\BOOKMARK [3][-]{subsubsection*.121}{エントリー20}{subsection.8.3.1}% 144
\BOOKMARK [3][-]{subsubsection*.122}{パック}{subsection.8.3.1}% 145
\BOOKMARK [3][-]{subsubsection*.123}{レアパック}{subsection.8.3.1}% 146
\BOOKMARK [3][-]{subsubsection*.124}{ストラテジー}{subsection.8.3.1}% 147
\BOOKMARK [3][-]{subsubsection*.125}{エクストラ}{subsection.8.3.1}% 148
\BOOKMARK [2][-]{subsection.8.3.2}{フレームアクションリスト}{section.8.3}% 149
\BOOKMARK [3][-]{subsubsection*.213}{パック操作}{subsection.8.3.2}% 150
\BOOKMARK [4][-]{paragraph*.214}{パック開封 \(パック操作\)}{subsubsection*.213}% 151
\BOOKMARK [3][-]{subsubsection*.215}{レアカード操作}{subsection.8.3.2}% 152
\BOOKMARK [4][-]{paragraph*.216}{レアドロー \(レアカード操作\)}{subsubsection*.215}% 153
\BOOKMARK [4][-]{paragraph*.217}{レア召喚 \(召喚\)}{subsubsection*.215}% 154
\BOOKMARK [4][-]{paragraph*.218}{罠カウンター \(レアカード操作\)}{subsubsection*.215}% 155
\BOOKMARK [3][-]{subsubsection*.219}{切札操作}{subsection.8.3.2}% 156
\BOOKMARK [4][-]{paragraph*.220}{クイックオープン \(切札操作\)}{subsubsection*.219}% 157
\BOOKMARK [4][-]{paragraph*.221}{メインオープン \(切札操作\)}{subsubsection*.219}% 158
\BOOKMARK [4][-]{paragraph*.222}{クローズ \(切札操作\)}{subsubsection*.219}% 159
\BOOKMARK [4][-]{paragraph*.223}{切札破壊 \(切札操作\)}{subsubsection*.219}% 160
\BOOKMARK [3][-]{subsubsection*.224}{切札 A 革命}{subsection.8.3.2}% 161
\BOOKMARK [4][-]{paragraph*.225}{革命ドロー \(誘発魔法\)}{subsubsection*.224}% 162
\BOOKMARK [3][-]{subsubsection*.226}{切札 2 スラッシュ}{subsection.8.3.2}% 163
\BOOKMARK [4][-]{paragraph*.227}{スラッシュ \(兵士起因\)}{subsubsection*.226}% 164
\BOOKMARK [4][-]{paragraph*.228}{クイック兵士召喚 \(召喚\)}{subsubsection*.226}% 165
\BOOKMARK [3][-]{subsubsection*.229}{切札 3 ドレイン}{subsection.8.3.2}% 166
\BOOKMARK [4][-]{paragraph*.230}{ドレイン \(魔法\)}{subsubsection*.229}% 167
\BOOKMARK [3][-]{subsubsection*.231}{切札 4 威圧}{subsection.8.3.2}% 168
\BOOKMARK [4][-]{paragraph*.232}{威圧 \(魔法\)}{subsubsection*.231}% 169
\BOOKMARK [3][-]{subsubsection*.233}{切札 5 蘇生}{subsection.8.3.2}% 170
\BOOKMARK [4][-]{paragraph*.234}{蘇生 \(魔法\)}{subsubsection*.233}% 171
\BOOKMARK [3][-]{subsubsection*.235}{切札 7 瞬殺}{subsection.8.3.2}% 172
\BOOKMARK [4][-]{paragraph*.236}{瞬殺 \(魔法\)}{subsubsection*.235}% 173
\BOOKMARK [3][-]{subsubsection*.237}{切札 J リアニメーター}{subsection.8.3.2}% 174
\BOOKMARK [4][-]{paragraph*.238}{リアニメーター召喚 \(召喚\)}{subsubsection*.237}% 175
\BOOKMARK [4][-]{paragraph*.239}{クイックリアニメーター召喚 \(召喚\)}{subsubsection*.237}% 176
\BOOKMARK [4][-]{paragraph*.240}{リアニメーターリアニメイト \(兵士起因\)}{subsubsection*.237}% 177
\BOOKMARK [4][-]{paragraph*.241}{リアニメーター再生 \(切札操作\)}{subsubsection*.237}% 178
\BOOKMARK [3][-]{subsubsection*.242}{切札 K 魔王}{subsection.8.3.2}% 179
\BOOKMARK [4][-]{paragraph*.243}{魔王召喚 \(召喚\)}{subsubsection*.242}% 180
\BOOKMARK [4][-]{paragraph*.244}{魔王の囁き \(誘発魔法\)}{subsubsection*.242}% 181
\BOOKMARK [3][-]{subsubsection*.245}{切札 2 援軍}{subsection.8.3.2}% 182
\BOOKMARK [4][-]{paragraph*.246}{援軍 \(魔法\)}{subsubsection*.245}% 183
\BOOKMARK [3][-]{subsubsection*.247}{切札 3 ブレイク}{subsection.8.3.2}% 184
\BOOKMARK [4][-]{paragraph*.248}{ブレイク \(兵士起因\)}{subsubsection*.247}% 185
\BOOKMARK [4][-]{paragraph*.249}{クイック兵士召喚 \(召喚\)}{subsubsection*.247}% 186
\BOOKMARK [3][-]{subsubsection*.250}{切札 4 休戦}{subsection.8.3.2}% 187
\BOOKMARK [4][-]{paragraph*.251}{休戦 \(魔法\)}{subsubsection*.250}% 188
\BOOKMARK [3][-]{subsubsection*.252}{切札 5 追撃}{subsection.8.3.2}% 189
\BOOKMARK [4][-]{paragraph*.253}{追撃 \(魔法\)}{subsubsection*.252}% 190
\BOOKMARK [3][-]{subsubsection*.254}{切札 7 ファントム}{subsection.8.3.2}% 191
\BOOKMARK [4][-]{paragraph*.255}{ファントムリバース \(魔法\)}{subsubsection*.254}% 192
\BOOKMARK [4][-]{paragraph*.256}{幻影 \(誘発魔法\)}{subsubsection*.254}% 193
\BOOKMARK [3][-]{subsubsection*.257}{切札 8 救済}{subsection.8.3.2}% 194
\BOOKMARK [4][-]{paragraph*.258}{救済 \(魔法\)}{subsubsection*.257}% 195
\BOOKMARK [3][-]{subsubsection*.259}{切札 J チャリオット}{subsection.8.3.2}% 196
\BOOKMARK [4][-]{paragraph*.260}{チャリオット召喚 \(召喚\)}{subsubsection*.259}% 197
\BOOKMARK [4][-]{paragraph*.261}{クイックチャリオット召喚 \(召喚\)}{subsubsection*.259}% 198
\BOOKMARK [4][-]{paragraph*.262}{チャリオット防壁破壊 \(兵士起因\)}{subsubsection*.259}% 199
\BOOKMARK [4][-]{paragraph*.263}{チャリオット再生 \(切札操作\)}{subsubsection*.259}% 200
\BOOKMARK [3][-]{subsubsection*.264}{切札 K 巨人}{subsection.8.3.2}% 201
\BOOKMARK [4][-]{paragraph*.265}{巨人召喚 \(召喚\)}{subsubsection*.264}% 202
\BOOKMARK [3][-]{subsubsection*.266}{切札 A 防壁追加}{subsection.8.3.2}% 203
\BOOKMARK [4][-]{paragraph*.267}{防壁追加 \(魔法\)}{subsubsection*.266}% 204
\BOOKMARK [3][-]{subsubsection*.268}{切札 3 交渉}{subsection.8.3.2}% 205
\BOOKMARK [4][-]{paragraph*.269}{交渉 \(兵士起因\)}{subsubsection*.268}% 206
\BOOKMARK [4][-]{paragraph*.270}{クイック兵士召喚 \(召喚\)}{subsubsection*.268}% 207
\BOOKMARK [3][-]{subsubsection*.271}{切札 4 相殺}{subsection.8.3.2}% 208
\BOOKMARK [4][-]{paragraph*.272}{相殺 \(魔法\)}{subsubsection*.271}% 209
\BOOKMARK [3][-]{subsubsection*.273}{切札 8 修繕}{subsection.8.3.2}% 210
\BOOKMARK [4][-]{paragraph*.274}{修繕 \(魔法\)}{subsubsection*.273}% 211
\BOOKMARK [3][-]{subsubsection*.275}{切札 9 充足}{subsection.8.3.2}% 212
\BOOKMARK [4][-]{paragraph*.276}{休息 \(魔法\)}{subsubsection*.275}% 213
\BOOKMARK [4][-]{paragraph*.277}{充足 \(誘発魔法\)}{subsubsection*.275}% 214
\BOOKMARK [3][-]{subsubsection*.278}{切札 J 策士}{subsection.8.3.2}% 215
\BOOKMARK [4][-]{paragraph*.279}{策士召喚 \(召喚\)}{subsubsection*.278}% 216
\BOOKMARK [4][-]{paragraph*.280}{クイック策士召喚 \(召喚\)}{subsubsection*.278}% 217
\BOOKMARK [4][-]{paragraph*.281}{先読み \(兵士起因\)}{subsubsection*.278}% 218
\BOOKMARK [4][-]{paragraph*.282}{策士再生 \(切札操作\)}{subsubsection*.278}% 219
\BOOKMARK [3][-]{subsubsection*.283}{切札 4 スイッチ}{subsection.8.3.2}% 220
\BOOKMARK [4][-]{paragraph*.284}{スイッチ \(兵士起因\)}{subsubsection*.283}% 221
\BOOKMARK [4][-]{paragraph*.285}{クイック兵士召喚 \(召喚\)}{subsubsection*.283}% 222
\BOOKMARK [3][-]{subsubsection*.286}{切札 5 内乱}{subsection.8.3.2}% 223
\BOOKMARK [4][-]{paragraph*.287}{内乱 \(魔法\)}{subsubsection*.286}% 224
\BOOKMARK [4][-]{paragraph*.288}{暴動 \(誘発魔法\)}{subsubsection*.286}% 225
\BOOKMARK [3][-]{subsubsection*.289}{切札 7 手札補充}{subsection.8.3.2}% 226
\BOOKMARK [4][-]{paragraph*.290}{手札補充 \(誘発魔法\)}{subsubsection*.289}% 227
\BOOKMARK [3][-]{subsubsection*.291}{切札 8 リセット}{subsection.8.3.2}% 228
\BOOKMARK [4][-]{paragraph*.292}{リセット \(魔法\)}{subsubsection*.291}% 229
\BOOKMARK [3][-]{subsubsection*.293}{切札 10 悪あがき}{subsection.8.3.2}% 230
\BOOKMARK [4][-]{paragraph*.294}{悪あがき \(魔法\)}{subsubsection*.293}% 231
\BOOKMARK [3][-]{subsubsection*.295}{切札 J 騎士}{subsection.8.3.2}% 232
\BOOKMARK [4][-]{paragraph*.296}{騎士召喚 \(召喚\)}{subsubsection*.295}% 233
\BOOKMARK [4][-]{paragraph*.297}{クイック騎士召喚 \(召喚\)}{subsubsection*.295}% 234
\BOOKMARK [4][-]{paragraph*.298}{薙払 \(兵士起因\)}{subsubsection*.295}% 235
\BOOKMARK [4][-]{paragraph*.299}{騎士再生 \(切札操作\)}{subsubsection*.295}% 236
\BOOKMARK [2][-]{subsection.8.3.3}{フレームキャラクターリスト}{section.8.3}% 237
\BOOKMARK [3][-]{subsubsection*.312}{切札 J リアニメーター}{subsection.8.3.3}% 238
\BOOKMARK [4][-]{paragraph*.313}{リアニメーター \(兵士\)}{subsubsection*.312}% 239
\BOOKMARK [3][-]{subsubsection*.314}{切札 K 魔王}{subsection.8.3.3}% 240
\BOOKMARK [4][-]{paragraph*.315}{魔王 \(兵士\)}{subsubsection*.314}% 241
\BOOKMARK [3][-]{subsubsection*.316}{切札 J チャリオット}{subsection.8.3.3}% 242
\BOOKMARK [4][-]{paragraph*.317}{チャリオット \(兵士\)}{subsubsection*.316}% 243
\BOOKMARK [3][-]{subsubsection*.318}{切札 K 巨人}{subsection.8.3.3}% 244
\BOOKMARK [4][-]{paragraph*.319}{巨人 \(兵士\)}{subsubsection*.318}% 245
\BOOKMARK [3][-]{subsubsection*.320}{切札 J 策士}{subsection.8.3.3}% 246
\BOOKMARK [4][-]{paragraph*.321}{策士 \(兵士\)}{subsubsection*.320}% 247
\BOOKMARK [3][-]{subsubsection*.322}{切札 J 騎士}{subsection.8.3.3}% 248
\BOOKMARK [4][-]{paragraph*.323}{騎士 \(兵士\)}{subsubsection*.322}% 249
\BOOKMARK [2][-]{subsection.8.3.4}{フレームフォグリスト}{section.8.3}% 250
\BOOKMARK [3][-]{subsubsection*.326}{滞留魔法}{subsection.8.3.4}% 251
\BOOKMARK [4][-]{paragraph*.327}{クローズ \(滞留魔法\)}{subsubsection*.326}% 252
\BOOKMARK [2][-]{subsection.8.3.5}{フレーム切札リスト}{section.8.3}% 253
\BOOKMARK [3][-]{subsubsection*.390}{切札 A 革命}{subsection.8.3.5}% 254
\BOOKMARK [4][-]{paragraph*.391}{革命 \(表切札\)}{subsubsection*.390}% 255
\BOOKMARK [3][-]{subsubsection*.392}{切札 2 スラッシュ}{subsection.8.3.5}% 256
\BOOKMARK [4][-]{paragraph*.393}{スラッシュ \(表切札\)}{subsubsection*.392}% 257
\BOOKMARK [3][-]{subsubsection*.394}{切札 3 ドレイン}{subsection.8.3.5}% 258
\BOOKMARK [4][-]{paragraph*.395}{ドレイン \(表切札\)}{subsubsection*.394}% 259
\BOOKMARK [3][-]{subsubsection*.396}{切札 4 威圧}{subsection.8.3.5}% 260
\BOOKMARK [4][-]{paragraph*.397}{威圧 \(表切札\)}{subsubsection*.396}% 261
\BOOKMARK [3][-]{subsubsection*.398}{切札 5 蘇生}{subsection.8.3.5}% 262
\BOOKMARK [4][-]{paragraph*.399}{蘇生 \(表切札\)}{subsubsection*.398}% 263
\BOOKMARK [3][-]{subsubsection*.400}{切札 7 瞬殺}{subsection.8.3.5}% 264
\BOOKMARK [4][-]{paragraph*.401}{瞬殺 \(表切札\)}{subsubsection*.400}% 265
\BOOKMARK [3][-]{subsubsection*.402}{切札 J リアニメーター}{subsection.8.3.5}% 266
\BOOKMARK [4][-]{paragraph*.403}{リアニメーター \(表切札\)}{subsubsection*.402}% 267
\BOOKMARK [3][-]{subsubsection*.404}{切札 K 魔王}{subsection.8.3.5}% 268
\BOOKMARK [4][-]{paragraph*.405}{魔王 \(表切札\)}{subsubsection*.404}% 269
\BOOKMARK [3][-]{subsubsection*.406}{切札 2 援軍}{subsection.8.3.5}% 270
\BOOKMARK [4][-]{paragraph*.407}{援軍 \(表切札\)}{subsubsection*.406}% 271
\BOOKMARK [3][-]{subsubsection*.408}{切札 3 ブレイク}{subsection.8.3.5}% 272
\BOOKMARK [4][-]{paragraph*.409}{ブレイク \(表切札\)}{subsubsection*.408}% 273
\BOOKMARK [3][-]{subsubsection*.410}{切札 4 休戦}{subsection.8.3.5}% 274
\BOOKMARK [4][-]{paragraph*.411}{休戦 \(表切札\)}{subsubsection*.410}% 275
\BOOKMARK [3][-]{subsubsection*.412}{切札 5 追撃}{subsection.8.3.5}% 276
\BOOKMARK [4][-]{paragraph*.413}{追撃 \(表切札\)}{subsubsection*.412}% 277
\BOOKMARK [3][-]{subsubsection*.414}{切札 7 ファントム}{subsection.8.3.5}% 278
\BOOKMARK [4][-]{paragraph*.415}{ファントム \(表切札\)}{subsubsection*.414}% 279
\BOOKMARK [3][-]{subsubsection*.416}{切札 8 救済}{subsection.8.3.5}% 280
\BOOKMARK [4][-]{paragraph*.417}{救済 \(表切札\)}{subsubsection*.416}% 281
\BOOKMARK [3][-]{subsubsection*.418}{切札 J チャリオット}{subsection.8.3.5}% 282
\BOOKMARK [4][-]{paragraph*.419}{チャリオット \(表切札\)}{subsubsection*.418}% 283
\BOOKMARK [3][-]{subsubsection*.420}{切札 K 巨人}{subsection.8.3.5}% 284
\BOOKMARK [4][-]{paragraph*.421}{巨人 \(表切札\)}{subsubsection*.420}% 285
\BOOKMARK [3][-]{subsubsection*.422}{切札 A 防壁追加}{subsection.8.3.5}% 286
\BOOKMARK [4][-]{paragraph*.423}{防壁追加 \(表切札\)}{subsubsection*.422}% 287
\BOOKMARK [3][-]{subsubsection*.424}{切札 3 交渉}{subsection.8.3.5}% 288
\BOOKMARK [4][-]{paragraph*.425}{交渉 \(表切札\)}{subsubsection*.424}% 289
\BOOKMARK [3][-]{subsubsection*.426}{切札 4 相殺}{subsection.8.3.5}% 290
\BOOKMARK [4][-]{paragraph*.427}{相殺 \(表切札\)}{subsubsection*.426}% 291
\BOOKMARK [3][-]{subsubsection*.428}{切札 5 喪失}{subsection.8.3.5}% 292
\BOOKMARK [4][-]{paragraph*.429}{喪失 \(表切札\)}{subsubsection*.428}% 293
\BOOKMARK [3][-]{subsubsection*.430}{切札 8 修繕}{subsection.8.3.5}% 294
\BOOKMARK [4][-]{paragraph*.431}{修繕 \(表切札\)}{subsubsection*.430}% 295
\BOOKMARK [3][-]{subsubsection*.432}{切札 9 充足}{subsection.8.3.5}% 296
\BOOKMARK [4][-]{paragraph*.433}{充足 \(表切札\)}{subsubsection*.432}% 297
\BOOKMARK [3][-]{subsubsection*.434}{切札 J 策士}{subsection.8.3.5}% 298
\BOOKMARK [4][-]{paragraph*.435}{策士 \(表切札\)}{subsubsection*.434}% 299
\BOOKMARK [3][-]{subsubsection*.436}{切札 4 スイッチ}{subsection.8.3.5}% 300
\BOOKMARK [4][-]{paragraph*.437}{スイッチ \(表切札\)}{subsubsection*.436}% 301
\BOOKMARK [3][-]{subsubsection*.438}{切札 5 内乱}{subsection.8.3.5}% 302
\BOOKMARK [4][-]{paragraph*.439}{内乱 \(表切札\)}{subsubsection*.438}% 303
\BOOKMARK [3][-]{subsubsection*.440}{切札 7 手札補充}{subsection.8.3.5}% 304
\BOOKMARK [4][-]{paragraph*.441}{手札補充 \(表切札\)}{subsubsection*.440}% 305
\BOOKMARK [3][-]{subsubsection*.442}{切札 8 リセット}{subsection.8.3.5}% 306
\BOOKMARK [4][-]{paragraph*.443}{リセット \(表切札\)}{subsubsection*.442}% 307
\BOOKMARK [3][-]{subsubsection*.444}{切札 9 要塞}{subsection.8.3.5}% 308
\BOOKMARK [4][-]{paragraph*.445}{要塞 \(表切札\)}{subsubsection*.444}% 309
\BOOKMARK [3][-]{subsubsection*.446}{切札 10 悪あがき}{subsection.8.3.5}% 310
\BOOKMARK [4][-]{paragraph*.447}{悪あがき \(表切札\)}{subsubsection*.446}% 311
\BOOKMARK [3][-]{subsubsection*.448}{切札 J 騎士}{subsection.8.3.5}% 312
\BOOKMARK [4][-]{paragraph*.449}{騎士 \(表切札\)}{subsubsection*.448}% 313
\BOOKMARK [3][-]{subsubsection*.450}{裏切札}{subsection.8.3.5}% 314
\BOOKMARK [4][-]{paragraph*.451}{裏切札 \(裏切札\)}{subsubsection*.450}% 315
\BOOKMARK [0][-]{chapter.9}{コアルール}{}% 316
\BOOKMARK [1][-]{section.9.1}{基礎概念}{chapter.9}% 317
\BOOKMARK [2][-]{subsection.9.1.1}{ターン}{section.9.1}% 318
\BOOKMARK [2][-]{subsection.9.1.2}{アクション}{section.9.1}% 319
\BOOKMARK [2][-]{subsection.9.1.3}{リクエスト}{section.9.1}% 320
\BOOKMARK [2][-]{subsection.9.1.4}{解決}{section.9.1}% 321
\BOOKMARK [2][-]{subsection.9.1.5}{チャンス}{section.9.1}% 322
\BOOKMARK [2][-]{subsection.9.1.6}{ステージ}{section.9.1}% 323
\BOOKMARK [2][-]{subsection.9.1.7}{コンポーネント}{section.9.1}% 324
\BOOKMARK [2][-]{subsection.9.1.8}{ユニット}{section.9.1}% 325
\BOOKMARK [2][-]{subsection.9.1.9}{コアフロー\(ルールシステム\)}{section.9.1}% 326
\BOOKMARK [1][-]{section.9.2}{詳細}{chapter.9}% 327
\BOOKMARK [2][-]{subsection.9.2.1}{アクションの定義項目}{section.9.2}% 328
\BOOKMARK [3][-]{subsubsection*.452}{オーナー}{subsection.9.2.1}% 329
\BOOKMARK [3][-]{subsubsection*.453}{トリガー}{subsection.9.2.1}% 330
\BOOKMARK [3][-]{subsubsection*.454}{リゾルブ}{subsection.9.2.1}% 331
\BOOKMARK [3][-]{subsubsection*.455}{タイミング}{subsection.9.2.1}% 332
\BOOKMARK [3][-]{subsubsection*.456}{起動条件}{subsection.9.2.1}% 333
\BOOKMARK [3][-]{subsubsection*.457}{誘発条件}{subsection.9.2.1}% 334
\BOOKMARK [3][-]{subsubsection*.458}{効果}{subsection.9.2.1}% 335
\BOOKMARK [2][-]{subsection.9.2.2}{リクエストの定義項目}{section.9.2}% 336
\BOOKMARK [2][-]{subsection.9.2.3}{コンポーネントの定義項目}{section.9.2}% 337
\BOOKMARK [2][-]{subsection.9.2.4}{ユニットの定義項目}{section.9.2}% 338
\BOOKMARK [1][-]{section.9.3}{能力}{chapter.9}% 339
\BOOKMARK [1][-]{section.9.4}{コアフロー}{chapter.9}% 340
\BOOKMARK [2][-]{subsection.9.4.1}{誘発チェック}{section.9.4}% 341
\BOOKMARK [3][-]{subsubsection*.463}{誘発即時解決}{subsection.9.4.1}% 342
\BOOKMARK [3][-]{subsubsection*.464}{ステージ：アクション毎に処理}{subsection.9.4.1}% 343
\BOOKMARK [2][-]{subsection.9.4.2}{能力の適用順}{section.9.4}% 344
\BOOKMARK [3][-]{subsubsection*.465}{考え方の原則}{subsection.9.4.2}% 345
\BOOKMARK [3][-]{subsubsection*.466}{能力の適用ルール}{subsection.9.4.2}% 346
\BOOKMARK [3][-]{subsubsection*.467}{運用上の注意}{subsection.9.4.2}% 347
\BOOKMARK [1][-]{section.9.5}{まとめ}{chapter.9}% 348
\BOOKMARK [0][-]{chapter.10}{付録}{}% 349
\BOOKMARK [1][-]{section.10.1}{アクションリスト}{chapter.10}% 350
\BOOKMARK [2][-]{subsection.10.1.1}{ライト}{section.10.1}% 351
\BOOKMARK [2][-]{subsection.10.1.2}{マスター}{section.10.1}% 352
\BOOKMARK [2][-]{subsection.10.1.3}{マスター+エクストラ}{section.10.1}% 353
\BOOKMARK [1][-]{section.10.2}{ガイドライン}{chapter.10}% 354
\BOOKMARK [2][-]{subsection.10.2.1}{BlackPoker二次創作ガイドライン}{section.10.2}% 355
\BOOKMARK [3][-]{subsubsection*.476}{はじめに}{subsection.10.2.1}% 356
\BOOKMARK [3][-]{subsubsection*.477}{二次創作の範囲}{subsection.10.2.1}% 357
\BOOKMARK [3][-]{subsubsection*.478}{創作の自由と制限}{subsection.10.2.1}% 358
\BOOKMARK [3][-]{subsubsection*.479}{クレジット表記について}{subsection.10.2.1}% 359
\BOOKMARK [3][-]{subsubsection*.480}{禁止事項}{subsection.10.2.1}% 360
\BOOKMARK [3][-]{subsubsection*.481}{商用利用について}{subsection.10.2.1}% 361
\BOOKMARK [3][-]{subsubsection*.482}{ガイドラインにないケースについて}{subsection.10.2.1}% 362
\BOOKMARK [2][-]{subsection.10.2.2}{BlackPoker アクション・ルールガイドライン}{section.10.2}% 363
\BOOKMARK [3][-]{subsubsection*.492}{はじめに}{subsection.10.2.2}% 364
\BOOKMARK [3][-]{subsubsection*.493}{アクションを追加する際のルール}{subsection.10.2.2}% 365
\BOOKMARK [4][-]{paragraph*.494}{アクションの対象は単対象 \(必須\)}{subsubsection*.493}% 366
\BOOKMARK [4][-]{paragraph*.495}{キーカード条件なしのステージ-クイックアクションを作らない \(必須\)}{subsubsection*.493}% 367
\BOOKMARK [4][-]{paragraph*.496}{誘発アクションは即時 \(推奨\)}{subsubsection*.493}% 368
\BOOKMARK [4][-]{paragraph*.497}{先行1ターン目に確実に勝利できる効果を作らない \(必須\)}{subsubsection*.493}% 369
\BOOKMARK [4][-]{paragraph*.498}{誘発--メインは同時に2つ以上誘発しないように制限 \(必須\)}{subsubsection*.493}% 370
\BOOKMARK [3][-]{subsubsection*.499}{キャラクターを追加する際のルール}{subsection.10.2.2}% 371
\BOOKMARK [4][-]{paragraph*.500}{場のキャラクターは一目でわかるように定義 \(必須\)}{subsubsection*.499}% 372
\BOOKMARK [0][-]{chapter.11}{変更履歴}{}% 373
\BOOKMARK [1][-]{section.11.1}{第8版の主な変更点}{chapter.11}% 374
\BOOKMARK [2][-]{subsection.11.1.1}{アクションの定義の変更}{section.11.1}% 375
\BOOKMARK [2][-]{subsection.11.1.2}{能力の解釈を変更}{section.11.1}% 376
\BOOKMARK [2][-]{subsection.11.1.3}{フォグ領域追加}{section.11.1}% 377
\BOOKMARK [2][-]{subsection.11.1.4}{用語追加/変更}{section.11.1}% 378
\BOOKMARK [2][-]{subsection.11.1.5}{オプション削除とフレームへの統合}{section.11.1}% 379
\BOOKMARK [2][-]{subsection.11.1.6}{エクストラをフレーム化 \(8.1\)}{section.11.1}% 380
\BOOKMARK [2][-]{subsection.11.1.7}{曖昧なルールの明確化}{section.11.1}% 381
\BOOKMARK [2][-]{subsection.11.1.8}{ルール外変更点}{section.11.1}% 382
\BOOKMARK [1][-]{section.11.2}{第7版の主な変更点}{chapter.11}% 383
\BOOKMARK [2][-]{subsection.11.2.1}{リバースのクイック化}{section.11.2}% 384
\BOOKMARK [2][-]{subsection.11.2.2}{ゲーム中のデッキ名称をライフに変更}{section.11.2}% 385
\BOOKMARK [2][-]{subsection.11.2.3}{対戦レギュレーションの定義方法変更}{section.11.2}% 386
\BOOKMARK [2][-]{subsection.11.2.4}{コアフローをわかりやすく整理}{section.11.2}% 387
\BOOKMARK [2][-]{subsection.11.2.5}{B・Jのクイック化}{section.11.2}% 388
\BOOKMARK [2][-]{subsection.11.2.6}{引き分け廃止}{section.11.2}% 389
\BOOKMARK [2][-]{subsection.11.2.7}{ルールの記載を微修正}{section.11.2}% 390
\BOOKMARK [0][-]{chapter*.501}{索引}{}% 391
