%このファイルは日本語文字を含みます.
\BOOKMARK [0][-]{chapter.1}{はじめに}{}% 1
\BOOKMARK [1][-]{section.1.1}{読み方}{chapter.1}% 2
\BOOKMARK [2][-]{subsection.1.1.1}{用途別読み方}{section.1.1}% 3
\BOOKMARK [1][-]{section.1.2}{ルール指針}{chapter.1}% 4
\BOOKMARK [1][-]{section.1.3}{ルールの構成}{chapter.1}% 5
\BOOKMARK [0][-]{chapter.2}{コアルール}{}% 6
\BOOKMARK [1][-]{section.2.1}{ターン}{chapter.2}% 7
\BOOKMARK [1][-]{section.2.2}{アクション}{chapter.2}% 8
\BOOKMARK [1][-]{section.2.3}{チャンス}{chapter.2}% 9
\BOOKMARK [1][-]{section.2.4}{ステージ}{chapter.2}% 10
\BOOKMARK [1][-]{section.2.5}{アクションの定義項目}{chapter.2}% 11
\BOOKMARK [2][-]{subsection.2.5.1}{効果}{section.2.5}% 12
\BOOKMARK [2][-]{subsection.2.5.2}{タイミング}{section.2.5}% 13
\BOOKMARK [3][-]{subsubsection*.3}{エンドアクションの定義}{subsection.2.5.2}% 14
\BOOKMARK [3][-]{subsubsection*.4}{アクションのコントローラー}{subsection.2.5.2}% 15
\BOOKMARK [1][-]{section.2.6}{コンポーネント}{chapter.2}% 16
\BOOKMARK [1][-]{section.2.7}{能力}{chapter.2}% 17
\BOOKMARK [1][-]{section.2.8}{コアフロー}{chapter.2}% 18
\BOOKMARK [2][-]{subsection.2.8.1}{[1]ゲーム開始}{section.2.8}% 19
\BOOKMARK [2][-]{subsection.2.8.2}{[2]ターンプレイヤーにチャンスを移動}{section.2.8}% 20
\BOOKMARK [2][-]{subsection.2.8.3}{[3]アクションを起こすか？}{section.2.8}% 21
\BOOKMARK [2][-]{subsection.2.8.4}{[4]パス記録のリセット}{section.2.8}% 22
\BOOKMARK [2][-]{subsection.2.8.5}{[5]アクションを起こす}{section.2.8}% 23
\BOOKMARK [2][-]{subsection.2.8.6}{[6]誘発チェック}{section.2.8}% 24
\BOOKMARK [2][-]{subsection.2.8.7}{[7]即時効果か？}{section.2.8}% 25
\BOOKMARK [2][-]{subsection.2.8.8}{[8]アクションの解決}{section.2.8}% 26
\BOOKMARK [2][-]{subsection.2.8.9}{[9]勝敗判定}{section.2.8}% 27
\BOOKMARK [2][-]{subsection.2.8.10}{[10]ステージに追加}{section.2.8}% 28
\BOOKMARK [2][-]{subsection.2.8.11}{[11]パス記録に登録}{section.2.8}% 29
\BOOKMARK [2][-]{subsection.2.8.12}{[12]全員がパスしたか？}{section.2.8}% 30
\BOOKMARK [2][-]{subsection.2.8.13}{[13]ステージにアクションが存在するか？}{section.2.8}% 31
\BOOKMARK [2][-]{subsection.2.8.14}{[14]ステージから取出し}{section.2.8}% 32
\BOOKMARK [2][-]{subsection.2.8.15}{[15]チャンス移動}{section.2.8}% 33
\BOOKMARK [2][-]{subsection.2.8.16}{誘発チェック}{section.2.8}% 34
\BOOKMARK [3][-]{subsubsection*.5}{[6-1]誘発したアクションをプレイヤー毎の誘発即時リストと誘発通常リストに追加}{subsection.2.8.16}% 35
\BOOKMARK [3][-]{subsubsection*.6}{[6-2]誘発即時リスト、誘発通常リスト全体の件数判定}{subsection.2.8.16}% 36
\BOOKMARK [3][-]{subsubsection*.7}{[6-3]プレイヤー毎に誘発即時リストの即時効果のアクションを解決}{subsection.2.8.16}% 37
\BOOKMARK [3][-]{subsubsection*.8}{[6-4]誘発即時リストから即時効果のアクションを1つ取り出す}{subsection.2.8.16}% 38
\BOOKMARK [3][-]{subsubsection*.9}{[6-5]即時効果のアクションを解決}{subsection.2.8.16}% 39
\BOOKMARK [3][-]{subsubsection*.10}{[6-6]勝敗判定}{subsection.2.8.16}% 40
\BOOKMARK [3][-]{subsubsection*.11}{[6-7]誘発したアクションをプレイヤー毎の誘発即時リスト、誘発通常リストに追加}{subsection.2.8.16}% 41
\BOOKMARK [3][-]{subsubsection*.12}{[6-8]誘発即時リストの件数が0件でなけば繰り返す}{subsection.2.8.16}% 42
\BOOKMARK [3][-]{subsubsection*.13}{[6-9]全ての誘発即時リストの件数が0件でなければ繰り返す}{subsection.2.8.16}% 43
\BOOKMARK [3][-]{subsubsection*.14}{[6-10]プレイヤー毎に誘発通常リストのアクションをステージに追加}{subsection.2.8.16}% 44
\BOOKMARK [3][-]{subsubsection*.15}{[6-11]通常効果のアクションを任意の順でステージに追加}{subsection.2.8.16}% 45
\BOOKMARK [3][-]{subsubsection*.16}{[6-12]誘発したアクションをプレイヤー毎に誘発即時リストと誘発通常リストにまとめる}{subsection.2.8.16}% 46
\BOOKMARK [3][-]{subsubsection*.17}{[6-13]誘発通常リストにアクションがあれば繰り返す}{subsection.2.8.16}% 47
\BOOKMARK [1][-]{section.2.9}{まとめ}{chapter.2}% 48
\BOOKMARK [0][-]{chapter.3}{共通ルール}{}% 49
\BOOKMARK [1][-]{section.3.1}{プレイ人数}{chapter.3}% 50
\BOOKMARK [1][-]{section.3.2}{用意するもの}{chapter.3}% 51
\BOOKMARK [1][-]{section.3.3}{使用できるトランプ}{chapter.3}% 52
\BOOKMARK [1][-]{section.3.4}{トランプの数字}{chapter.3}% 53
\BOOKMARK [1][-]{section.3.5}{カードの配置}{chapter.3}% 54
\BOOKMARK [2][-]{subsection.3.5.1}{デッキとライフ}{section.3.5}% 55
\BOOKMARK [1][-]{section.3.6}{勝利条件}{chapter.3}% 56
\BOOKMARK [1][-]{section.3.7}{ダメージ}{chapter.3}% 57
\BOOKMARK [1][-]{section.3.8}{キャラクター}{chapter.3}% 58
\BOOKMARK [2][-]{subsection.3.8.1}{キャラクターのもつ項目}{section.3.8}% 59
\BOOKMARK [2][-]{subsection.3.8.2}{キャラクターの数字}{section.3.8}% 60
\BOOKMARK [2][-]{subsection.3.8.3}{キャラクターの注意点}{section.3.8}% 61
\BOOKMARK [3][-]{subsubsection*.18}{複数枚で1体となるキャラクターが防壁になったら？}{subsection.3.8.3}% 62
\BOOKMARK [2][-]{subsection.3.8.4}{チャージとドライブ}{section.3.8}% 63
\BOOKMARK [1][-]{section.3.9}{ゲームの始め方}{chapter.3}% 64
\BOOKMARK [1][-]{section.3.10}{アクション}{chapter.3}% 65
\BOOKMARK [2][-]{subsection.3.10.1}{アクションが持つ項目}{section.3.10}% 66
\BOOKMARK [3][-]{subsubsection*.19}{記載されていないアクションの項目}{subsection.3.10.1}% 67
\BOOKMARK [2][-]{subsection.3.10.2}{コストの種類}{section.3.10}% 68
\BOOKMARK [2][-]{subsection.3.10.3}{アクションの起こし方}{section.3.10}% 69
\BOOKMARK [3][-]{subsubsection*.20}{アクションを起こすときの注意点}{subsection.3.10.3}% 70
\BOOKMARK [4][-]{paragraph*.21}{対象を指定しないでアクションを起こせるか？}{subsubsection*.20}% 71
\BOOKMARK [4][-]{paragraph*.22}{アクションを対象とするアクションは自身を対象にできるか？}{subsubsection*.20}% 72
\BOOKMARK [2][-]{subsection.3.10.4}{アクションの解決}{section.3.10}% 73
\BOOKMARK [3][-]{subsubsection*.23}{対象条件を確認}{subsection.3.10.4}% 74
\BOOKMARK [3][-]{subsubsection*.24}{効果を発揮}{subsection.3.10.4}% 75
\BOOKMARK [3][-]{subsubsection*.25}{キーカードを墓地に移す}{subsection.3.10.4}% 76
\BOOKMARK [2][-]{subsection.3.10.5}{勝敗判定}{section.3.10}% 77
\BOOKMARK [2][-]{subsection.3.10.6}{その他補足事項}{section.3.10}% 78
\BOOKMARK [3][-]{subsubsection*.26}{防壁の置き方}{subsection.3.10.6}% 79
\BOOKMARK [3][-]{subsubsection*.27}{1ターンに1回制限}{subsection.3.10.6}% 80
\BOOKMARK [3][-]{subsubsection*.28}{直接起こせないアクション}{subsection.3.10.6}% 81
\BOOKMARK [1][-]{section.3.11}{エクストラ}{chapter.3}% 82
\BOOKMARK [2][-]{subsection.3.11.1}{切札}{section.3.11}% 83
\BOOKMARK [2][-]{subsection.3.11.2}{バージョン}{section.3.11}% 84
\BOOKMARK [3][-]{subsubsection*.29}{版数との関係}{subsection.3.11.2}% 85
\BOOKMARK [2][-]{subsection.3.11.3}{ゲームのはじめ方}{section.3.11}% 86
\BOOKMARK [2][-]{subsection.3.11.4}{切札の能力}{section.3.11}% 87
\BOOKMARK [3][-]{subsubsection*.30}{能力を有効にする}{subsection.3.11.4}% 88
\BOOKMARK [3][-]{subsubsection*.31}{能力を無効する}{subsection.3.11.4}% 89
\BOOKMARK [2][-]{subsection.3.11.5}{エクストラ注意事項}{section.3.11}% 90
\BOOKMARK [3][-]{subsubsection*.32}{1ターンに1回制限のアクションについて}{subsection.3.11.5}% 91
\BOOKMARK [1][-]{section.3.12}{その他のルール}{chapter.3}% 92
\BOOKMARK [2][-]{subsection.3.12.1}{公開・非公開情報}{section.3.12}% 93
\BOOKMARK [3][-]{subsubsection*.33}{残りライフを聞かれたらどうしたらいいの？}{subsection.3.12.1}% 94
\BOOKMARK [3][-]{subsubsection*.34}{墓地の一番上のカードはいつ決まるのか？}{subsection.3.12.1}% 95
\BOOKMARK [2][-]{subsection.3.12.2}{デッキのシャッフルについて}{section.3.12}% 96
\BOOKMARK [0][-]{chapter.4}{フォーマット}{}% 97
\BOOKMARK [1][-]{section.4.1}{フォーマットとは}{chapter.4}% 98
\BOOKMARK [2][-]{subsection.4.1.1}{対戦レギュレーションとの違い}{section.4.1}% 99
\BOOKMARK [1][-]{section.4.2}{定義項目}{chapter.4}% 100
\BOOKMARK [1][-]{section.4.3}{フォーマット定義}{chapter.4}% 101
\BOOKMARK [0][-]{chapter.5}{対戦レギュレーション}{}% 102
\BOOKMARK [1][-]{section.5.1}{対戦レギュレーションとは}{chapter.5}% 103
\BOOKMARK [1][-]{section.5.2}{定義項目}{chapter.5}% 104
\BOOKMARK [2][-]{subsection.5.2.1}{対戦レギュレーションの表記}{section.5.2}% 105
\BOOKMARK [2][-]{subsection.5.2.2}{対戦\(マッチ\)とゲーム\(試合\)}{section.5.2}% 106
\BOOKMARK [1][-]{section.5.3}{フレーム定義}{chapter.5}% 107
\BOOKMARK [2][-]{subsection.5.3.1}{マッチ形式}{section.5.3}% 108
\BOOKMARK [1][-]{section.5.4}{オプション定義}{chapter.5}% 109
\BOOKMARK [2][-]{subsection.5.4.1}{プリセット2}{section.5.4}% 110
\BOOKMARK [2][-]{subsection.5.4.2}{プリセット4}{section.5.4}% 111
\BOOKMARK [2][-]{subsection.5.4.3}{パック}{section.5.4}% 112
\BOOKMARK [1][-]{section.5.5}{対戦レギュレーションの決め方}{chapter.5}% 113
\BOOKMARK [0][-]{chapter.6}{付録}{}% 114
\BOOKMARK [1][-]{section.6.1}{PDF版ルール}{chapter.6}% 115
\BOOKMARK [1][-]{section.6.2}{アクションリスト}{chapter.6}% 116
\BOOKMARK [2][-]{subsection.6.2.1}{ライト}{section.6.2}% 117
\BOOKMARK [2][-]{subsection.6.2.2}{スタンダード}{section.6.2}% 118
\BOOKMARK [2][-]{subsection.6.2.3}{プロ}{section.6.2}% 119
\BOOKMARK [2][-]{subsection.6.2.4}{マスター}{section.6.2}% 120
\BOOKMARK [1][-]{section.6.3}{エクストラリスト}{chapter.6}% 121
