This is e-pTeX, Version 3.141592653-p3.9.0-210218-2.6 (utf8.euc) (TeX Live 2021) (preloaded format=platex 2021.7.14)  17 JUL 2021 14:01
entering extended mode
 restricted \write18 enabled.
 %&-line parsing enabled.
**blackpoker.tex
(./blackpoker.tex
pLaTeX2e <2021-06-01>+2 (based on LaTeX2e <2021-06-01> patch level 1)
L3 programming layer <2021-07-12> (./sphinxmanual.cls
Document Class: sphinxmanual 2019/12/01 v2.3.0 Document class (Sphinx manual)
(/usr/local/texlive/2021/texmf-dist/tex/platex/jsclasses/jsbook.cls
Document Class: jsbook 2021/06/28 jsclasses (okumura, texjporg)
\jsc@mpt=\dimen154
\jsc@mmm=\dimen155
\jsc@smallskipamount=\skip47
LaTeX Info: Redefining \textmc on input line 502.
LaTeX Info: Redefining \textgt on input line 504.
\symmincho=\mathgroup4
LaTeX Font Info:    Overwriting symbol font `mincho' in version `bold'
(Font)                  JY1/mc/m/n --> JY1/gt/m/n on input line 566.
LaTeX Font Info:    Font shape `JT1/mc/m/n' will be
(Font)              scaled to size 9.60999pt on input line 760.
LaTeX Font Info:    Font shape `JY1/mc/m/n' will be
(Font)              scaled to size 9.60999pt on input line 760.
\fullwidth=\dimen156
LaTeX Font Info:    Font shape `JT1/mc/m/n' will be
(Font)              scaled to size 7.68799pt on input line 921.
LaTeX Font Info:    Font shape `JY1/mc/m/n' will be
(Font)              scaled to size 7.68799pt on input line 921.
\c@part=\count181
\c@chapter=\count182
\c@section=\count183
\c@subsection=\count184
\c@subsubsection=\count185
\c@paragraph=\count186
\c@subparagraph=\count187
\c@figure=\count188
\c@table=\count189
\abovecaptionskip=\skip48
\belowcaptionskip=\skip49
\jsc@tocl@width=\dimen157
\@lnumwidth=\dimen158
\bibindent=\dimen159
(/usr/local/texlive/2021/texmf-dist/tex/platex/jsclasses/jslogo.sty
Package: jslogo 2019/07/25 okumura, texjporg
LaTeX Info: Redefining \TeX on input line 82.
LaTeX Info: Redefining \LaTeX on input line 135.
LaTeX Info: Redefining \LaTeXe on input line 188.
)
\heisei=\count190
)
LaTeX Info: Redefining \and on input line 35.
)
\sphinxpxdimen=\dimen160

(/usr/local/texlive/2021/texmf-dist/tex/latex/cmap/cmap.sty
Package: cmap 2021/02/06 v1.0j CMap support: searchable PDF


Package cmap Warning: pdftex not detected - exiting.

) (/usr/local/texlive/2021/texmf-dist/tex/latex/base/fontenc.sty
Package: fontenc 2021/04/29 v2.0v Standard LaTeX package
)
(/usr/local/texlive/2021/texmf-dist/tex/latex/amsmath/amsmath.sty
Package: amsmath 2021/04/20 v2.17j AMS math features
\@mathmargin=\skip50

For additional information on amsmath, use the `?' option.
(/usr/local/texlive/2021/texmf-dist/tex/latex/amsmath/amstext.sty
Package: amstext 2000/06/29 v2.01 AMS text

(/usr/local/texlive/2021/texmf-dist/tex/latex/amsmath/amsgen.sty
File: amsgen.sty 1999/11/30 v2.0 generic functions
\@emptytoks=\toks17
\ex@=\dimen161
))
(/usr/local/texlive/2021/texmf-dist/tex/latex/amsmath/amsbsy.sty
Package: amsbsy 1999/11/29 v1.2d Bold Symbols
\pmbraise@=\dimen162
)
(/usr/local/texlive/2021/texmf-dist/tex/latex/amsmath/amsopn.sty
Package: amsopn 2016/03/08 v2.02 operator names
)
\inf@bad=\count191
LaTeX Info: Redefining \frac on input line 234.
\uproot@=\count192
\leftroot@=\count193
LaTeX Info: Redefining \overline on input line 399.
\classnum@=\count194
\DOTSCASE@=\count195
LaTeX Info: Redefining \ldots on input line 496.
LaTeX Info: Redefining \dots on input line 499.
LaTeX Info: Redefining \cdots on input line 620.
\Mathstrutbox@=\box67
\strutbox@=\box68
\big@size=\dimen163
LaTeX Font Info:    Redeclaring font encoding OML on input line 743.
LaTeX Font Info:    Redeclaring font encoding OMS on input line 744.
\macc@depth=\count196
\c@MaxMatrixCols=\count197
\dotsspace@=\muskip16
\c@parentequation=\count198
\dspbrk@lvl=\count199
\tag@help=\toks18
\row@=\count266
\column@=\count267
\maxfields@=\count268
\andhelp@=\toks19
\eqnshift@=\dimen164
\alignsep@=\dimen165
\tagshift@=\dimen166
\tagwidth@=\dimen167
\totwidth@=\dimen168
\lineht@=\dimen169
\@envbody=\toks20
\multlinegap=\skip51
\multlinetaggap=\skip52
\mathdisplay@stack=\toks21
LaTeX Info: Redefining \[ on input line 2923.
LaTeX Info: Redefining \] on input line 2924.
)
(/usr/local/texlive/2021/texmf-dist/tex/latex/amsfonts/amssymb.sty
Package: amssymb 2013/01/14 v3.01 AMS font symbols

(/usr/local/texlive/2021/texmf-dist/tex/latex/amsfonts/amsfonts.sty
Package: amsfonts 2013/01/14 v3.01 Basic AMSFonts support
\symAMSa=\mathgroup5
\symAMSb=\mathgroup6
LaTeX Font Info:    Redeclaring math symbol \hbar on input line 98.
LaTeX Font Info:    Overwriting math alphabet `\mathfrak' in version `bold'
(Font)                  U/euf/m/n --> U/euf/b/n on input line 106.
))
(/usr/local/texlive/2021/texmf-dist/tex/latex/tex-gyre/tgtermes.sty
Package: tgtermes 2009/09/27 v1.2 TeX Gyre Termes as default roman family

(/usr/local/texlive/2021/texmf-dist/tex/latex/kvoptions/kvoptions.sty
Package: kvoptions 2020-10-07 v3.14 Key value format for package options (HO)

(/usr/local/texlive/2021/texmf-dist/tex/latex/graphics/keyval.sty
Package: keyval 2014/10/28 v1.15 key=value parser (DPC)
\KV@toks@=\toks22
)
(/usr/local/texlive/2021/texmf-dist/tex/generic/ltxcmds/ltxcmds.sty
Package: ltxcmds 2020-05-10 v1.25 LaTeX kernel commands for general use (HO)
)
(/usr/local/texlive/2021/texmf-dist/tex/generic/kvsetkeys/kvsetkeys.sty
Package: kvsetkeys 2019/12/15 v1.18 Key value parser (HO)
))
(I search kanjifont definition file: . . ) (I search font definition file: . .
. . . . . )) (/usr/local/texlive/2021/texmf-dist/tex/latex/tex-gyre/tgheros.sty
Package: tgheros 2009/09/27 v1.2 TeX Gyre Heros as default sans serif family
) (./sphinx.sty
Package: sphinx 2021/01/27 v4.0.0 LaTeX package (Sphinx markup)
 (/usr/local/texlive/2021/texmf-dist/tex/latex/xcolor/xcolor.sty
Package: xcolor 2016/05/11 v2.12 LaTeX color extensions (UK)
(/usr/local/texlive/2021/texmf-dist/tex/latex/graphics-cfg/color.cfg
File: color.cfg 2016/01/02 v1.6 sample color configuration
)
Package xcolor Info: Driver file: dvipdfmx.def on input line 225.

(/usr/local/texlive/2021/texmf-dist/tex/latex/graphics-def/dvipdfmx.def
File: dvipdfmx.def 2021/03/18 v5.0j Graphics/color driver for dvipdfmx
)
Package xcolor Info: Model `cmy' substituted by `cmy0' on input line 1348.
Package xcolor Info: Model `RGB' extended on input line 1364.
Package xcolor Info: Model `HTML' substituted by `rgb' on input line 1366.
Package xcolor Info: Model `Hsb' substituted by `hsb' on input line 1367.
Package xcolor Info: Model `tHsb' substituted by `hsb' on input line 1368.
Package xcolor Info: Model `HSB' substituted by `hsb' on input line 1369.
Package xcolor Info: Model `Gray' substituted by `gray' on input line 1370.
Package xcolor Info: Model `wave' substituted by `hsb' on input line 1371.
)
\sphinxverbatimsep=\dimen170
\sphinxverbatimborder=\dimen171
\sphinxshadowsep=\dimen172
\sphinxshadowsize=\dimen173
\sphinxshadowrule=\dimen174
\spx@notice@border=\dimen175

(./sphinxoptionshyperref.sty
File: sphinxoptionshyperref.sty 2021/01/27 hyperref

(/usr/local/texlive/2021/texmf-dist/tex/latex/base/atbegshi-ltx.sty
Package: atbegshi-ltx 2021/01/10 v1.0c Emulation of the original atbegshi
package with kernel methods
))
(./sphinxoptionsgeometry.sty
File: sphinxoptionsgeometry.sty 2021/01/27 geometry
LaTeX Font Info:    Trying to load font information for T1+qtm on input line 17
.

(/usr/local/texlive/2021/texmf-dist/tex/latex/tex-gyre/t1qtm.fd
File: t1qtm.fd 2009/09/25 v1.2 font definition file for T1/qtm
))
(/usr/local/texlive/2021/texmf-dist/tex/latex/base/textcomp.sty
Package: textcomp 2020/02/02 v2.0n Standard LaTeX package
)
(/usr/local/texlive/2021/texmf-dist/tex/latex/float/float.sty
Package: float 2001/11/08 v1.3d Float enhancements (AL)
\c@float@type=\count269
\float@exts=\toks23
\float@box=\box69
\@float@everytoks=\toks24
\@floatcapt=\box70
)
(/usr/local/texlive/2021/texmf-dist/tex/latex/wrapfig/wrapfig.sty
\wrapoverhang=\dimen176
\WF@size=\dimen177
\c@WF@wrappedlines=\count270
\WF@box=\box71
\WF@everypar=\toks25
Package: wrapfig 2003/01/31  v 3.6
)
(/usr/local/texlive/2021/texmf-dist/tex/latex/capt-of/capt-of.sty
Package: capt-of 2009/12/29 v0.2 standard captions outside of floats
)
(/usr/local/texlive/2021/texmf-dist/tex/latex/tools/multicol.sty
Package: multicol 2019/12/09 v1.8y multicolumn formatting (FMi)
\c@tracingmulticols=\count271
\mult@box=\box72
\multicol@leftmargin=\dimen178
\c@unbalance=\count272
\c@collectmore=\count273
\doublecol@number=\count274
\multicoltolerance=\count275
\multicolpretolerance=\count276
\full@width=\dimen179
\page@free=\dimen180
\premulticols=\dimen181
\postmulticols=\dimen182
\multicolsep=\skip53
\multicolbaselineskip=\skip54
\partial@page=\box73
\last@line=\box74
\maxbalancingoverflow=\dimen183
\mult@rightbox=\box75
\mult@grightbox=\box76
\mult@gfirstbox=\box77
\mult@firstbox=\box78
\@tempa=\box79
\@tempa=\box80
\@tempa=\box81
\@tempa=\box82
\@tempa=\box83
\@tempa=\box84
\@tempa=\box85
\@tempa=\box86
\@tempa=\box87
\@tempa=\box88
\@tempa=\box89
\@tempa=\box90
\@tempa=\box91
\@tempa=\box92
\@tempa=\box93
\@tempa=\box94
\@tempa=\box95
\@tempa=\box96
\@tempa=\box97
\@tempa=\box98
\@tempa=\box99
\@tempa=\box100
\@tempa=\box101
\@tempa=\box102
\@tempa=\box103
\@tempa=\box104
\@tempa=\box105
\@tempa=\box106
\@tempa=\box107
\@tempa=\box108
\@tempa=\box109
\@tempa=\box110
\@tempa=\box111
\@tempa=\box112
\@tempa=\box113
\@tempa=\box114
\@tempa=\box115
\c@minrows=\count277
\c@columnbadness=\count278
\c@finalcolumnbadness=\count279
\last@try=\dimen184
\multicolovershoot=\dimen185
\multicolundershoot=\dimen186
\mult@nat@firstbox=\box116
\colbreak@box=\box117
\mc@col@check@num=\count280
)
(/usr/local/texlive/2021/texmf-dist/tex/latex/graphics/graphicx.sty
Package: graphicx 2020/12/05 v1.2c Enhanced LaTeX Graphics (DPC,SPQR)

(/usr/local/texlive/2021/texmf-dist/tex/latex/graphics/graphics.sty
Package: graphics 2021/03/04 v1.4d Standard LaTeX Graphics (DPC,SPQR)

(/usr/local/texlive/2021/texmf-dist/tex/latex/graphics/trig.sty
Package: trig 2016/01/03 v1.10 sin cos tan (DPC)
)
(/usr/local/texlive/2021/texmf-dist/tex/latex/graphics-cfg/graphics.cfg
File: graphics.cfg 2016/06/04 v1.11 sample graphics configuration
)
Package graphics Info: Driver file: dvipdfmx.def on input line 107.
)
\Gin@req@height=\dimen187
\Gin@req@width=\dimen188
)
(./sphinxlatexgraphics.sty
File: sphinxlatexgraphics.sty 2021/01/27 graphics
\spx@image@maxheight=\dimen189
\spx@image@box=\box118
) (./sphinxlatexadmonitions.sty
File: sphinxlatexadmonitions.sty 2021/01/27 admonitions

(/usr/local/texlive/2021/texmf-dist/tex/latex/framed/framed.sty
Package: framed 2011/10/22 v 0.96: framed or shaded text with page breaks
\OuterFrameSep=\skip55
\fb@frw=\dimen190
\fb@frh=\dimen191
\FrameRule=\dimen192
\FrameSep=\dimen193
))
(./sphinxlatexliterals.sty
File: sphinxlatexliterals.sty 2021/01/27 code-blocks and parsed literals

(/usr/local/texlive/2021/texmf-dist/tex/latex/fancyvrb/fancyvrb.sty
Package: fancyvrb 2021/01/20 v3.7 verbatim text (tvz,hv)
\FV@CodeLineNo=\count281
\FV@InFile=\read2
\FV@TabBox=\box119
\c@FancyVerbLine=\count282
\FV@StepNumber=\count283
\FV@OutFile=\write3
)
(/usr/local/texlive/2021/texmf-dist/tex/latex/base/alltt.sty
Package: alltt 2021/01/29 v2.0g defines alltt environment
)
(/usr/local/texlive/2021/texmf-dist/tex/latex/upquote/upquote.sty
Package: upquote 2012/04/19 v1.3 upright-quote and grave-accent glyphs in verba
tim
)
(/usr/local/texlive/2021/texmf-dist/tex/latex/needspace/needspace.sty
Package: needspace 2010/09/12 v1.3d reserve vertical space
)
\sphinxcontinuationbox=\box120
\sphinxvisiblespacebox=\box121
\sphinxVerbatim@TitleBox=\box122
\sphinxVerbatim@ContentsBox=\box123
\spx@scratchbox=\box124
)
(./sphinxlatexshadowbox.sty
File: sphinxlatexshadowbox.sty 2021/01/27 sphinxShadowBox
) (./sphinxlatexcontainers.sty
File: sphinxlatexcontainers.sty 2021/05/03 containers
)
(./sphinxhighlight.sty
Package: sphinxhighlight 2016/05/29 stylesheet for highlighting with pygments
) (./sphinxlatextables.sty
File: sphinxlatextables.sty 2021/01/27 tables

(/usr/local/texlive/2021/texmf-dist/tex/latex/tabulary/tabulary.sty
Package: tabulary 2014/06/11 v0.10 tabulary package (DPC)

(/usr/local/texlive/2021/texmf-dist/tex/latex/tools/array.sty
Package: array 2021/04/20 v2.5e Tabular extension package (FMi)
\col@sep=\dimen194
\ar@mcellbox=\box125
\extrarowheight=\dimen195
\NC@list=\toks26
\extratabsurround=\skip56
\backup@length=\skip57
\ar@cellbox=\box126
)
\TY@count=\count284
\TY@linewidth=\dimen196
\tymin=\dimen197
\tymax=\dimen198
\TY@tablewidth=\dimen199
)
(/usr/local/texlive/2021/texmf-dist/tex/latex/tools/longtable.sty
Package: longtable 2021-05-07 v4.16 Multi-page Table package (DPC)
\LTleft=\skip58
\LTright=\skip59
\LTpre=\skip60
\LTpost=\skip61
\LTchunksize=\count285
\LTcapwidth=\dimen256
\LT@head=\box127
\LT@firsthead=\box128
\LT@foot=\box129
\LT@lastfoot=\box130
\LT@gbox=\box131
\LT@cols=\count286
\LT@rows=\count287
\c@LT@tables=\count288
\c@LT@chunks=\count289
\LT@p@ftn=\toks27
)
(/usr/local/texlive/2021/texmf-dist/tex/latex/varwidth/varwidth.sty
Package: varwidth 2009/03/30 ver 0.92;  Variable-width minipages
\@vwid@box=\box132
\sift@deathcycles=\count290
\@vwid@loff=\dimen257
\@vwid@roff=\dimen258
)
\sphinx@TY@tablewidth=\dimen259
)
(./sphinxlatexnumfig.sty
File: sphinxlatexnumfig.sty 2021/01/27 numbering
) (./sphinxlatexlists.sty
File: sphinxlatexlists.sty 2021/01/27 lists
)
\c@sphinxscope=\count291
\c@sphinxexplicit=\count292
 (./sphinxpackagefootnote.sty
Package: sphinxpackagefootnote 2021/02/04 v1.1d footnotehyper adapted to sphinx
 (Sphinx team)
\FNH@notes=\box133
\FNH@toks=\toks28
\FNH@width=\dimen260
) (./sphinxlatexindbibtoc.sty
File: sphinxlatexindbibtoc.sty 2021/01/27 index, bib., toc

(/usr/local/texlive/2021/texmf-dist/tex/latex/base/makeidx.sty
Package: makeidx 2014/09/29 v1.0m Standard LaTeX package
))
(./sphinxlatexstylepage.sty
File: sphinxlatexstylepage.sty 2021/01/27 page styling

(/usr/local/texlive/2021/texmf-dist/tex/latex/parskip/parskip.sty
Rollback for package 'parskip' requested -> version 'v1'.
         This corresponds to the release introduced on 2001-04-09.

(/usr/local/texlive/2021/texmf-dist/tex/latex/parskip/parskip-2001-04-09.sty
Package: parskip 2001/04/09 non-zero parskip adjustments
))
(/usr/local/texlive/2021/texmf-dist/tex/latex/fancyhdr/fancyhdr.sty
Package: fancyhdr 2021/01/28 v4.0.1 Extensive control of page headers and foote
rs
\f@nch@headwidth=\skip62
\f@nch@O@elh=\skip63
\f@nch@O@erh=\skip64
\f@nch@O@olh=\skip65
\f@nch@O@orh=\skip66
\f@nch@O@elf=\skip67
\f@nch@O@erf=\skip68
\f@nch@O@olf=\skip69
\f@nch@O@orf=\skip70
))
(./sphinxlatexstyleheadings.sty
File: sphinxlatexstyleheadings.sty 2021/01/27 headings

(/usr/local/texlive/2021/texmf-dist/tex/latex/titlesec/titlesec.sty
Package: titlesec 2021/07/05 v2.14 Sectioning titles
\ttl@box=\box134
\beforetitleunit=\skip71
\aftertitleunit=\skip72
\ttl@plus=\dimen261
\ttl@minus=\dimen262
\ttl@toksa=\toks29
\titlewidth=\dimen263
\titlewidthlast=\dimen264
\titlewidthfirst=\dimen265
))
(./sphinxlatexstyletext.sty
File: sphinxlatexstyletext.sty 2021/01/27 text styling
) (./sphinxlatexobjects.sty
File: sphinxlatexobjects.sty 2021/01/27 documentation environments
\py@argswidth=\skip73
\lineblockindentation=\skip74
\DUlineblockindent=\skip75
))
(/usr/local/texlive/2021/texmf-dist/tex/latex/geometry/geometry.sty
Package: geometry 2020/01/02 v5.9 Page Geometry

(/usr/local/texlive/2021/texmf-dist/tex/generic/iftex/ifvtex.sty
Package: ifvtex 2019/10/25 v1.7 ifvtex legacy package. Use iftex instead.

(/usr/local/texlive/2021/texmf-dist/tex/generic/iftex/iftex.sty
Package: iftex 2020/03/06 v1.0d TeX engine tests
))
\Gm@cnth=\count293
\Gm@cntv=\count294
\c@Gm@tempcnt=\count295
\Gm@bindingoffset=\dimen266
\Gm@wd@mp=\dimen267
\Gm@odd@mp=\dimen268
\Gm@even@mp=\dimen269
\Gm@layoutwidth=\dimen270
\Gm@layoutheight=\dimen271
\Gm@layouthoffset=\dimen272
\Gm@layoutvoffset=\dimen273
\Gm@dimlist=\toks30
)
(/usr/local/texlive/2021/texmf-dist/tex/latex/hyperref/hyperref.sty
Package: hyperref 2021-06-07 v7.00m Hypertext links for LaTeX

(/usr/local/texlive/2021/texmf-dist/tex/generic/pdftexcmds/pdftexcmds.sty
Package: pdftexcmds 2020-06-27 v0.33 Utility functions of pdfTeX for LuaTeX (HO
)

(/usr/local/texlive/2021/texmf-dist/tex/generic/infwarerr/infwarerr.sty
Package: infwarerr 2019/12/03 v1.5 Providing info/warning/error messages (HO)
)
Package pdftexcmds Info: \pdf@primitive is available.
Package pdftexcmds Info: \pdf@ifprimitive is available.
Package pdftexcmds Info: \pdfdraftmode not found.
)
(/usr/local/texlive/2021/texmf-dist/tex/generic/kvdefinekeys/kvdefinekeys.sty
Package: kvdefinekeys 2019-12-19 v1.6 Define keys (HO)
)
(/usr/local/texlive/2021/texmf-dist/tex/generic/pdfescape/pdfescape.sty
Package: pdfescape 2019/12/09 v1.15 Implements pdfTeX's escape features (HO)
)
(/usr/local/texlive/2021/texmf-dist/tex/latex/hycolor/hycolor.sty
Package: hycolor 2020-01-27 v1.10 Color options for hyperref/bookmark (HO)
)
(/usr/local/texlive/2021/texmf-dist/tex/latex/letltxmacro/letltxmacro.sty
Package: letltxmacro 2019/12/03 v1.6 Let assignment for LaTeX macros (HO)
)
(/usr/local/texlive/2021/texmf-dist/tex/latex/auxhook/auxhook.sty
Package: auxhook 2019-12-17 v1.6 Hooks for auxiliary files (HO)
)
\@linkdim=\dimen274
\Hy@linkcounter=\count296
\Hy@pagecounter=\count297

(/usr/local/texlive/2021/texmf-dist/tex/latex/hyperref/pd1enc.def
File: pd1enc.def 2021-06-07 v7.00m Hyperref: PDFDocEncoding definition (HO)
Now handling font encoding PD1 ...
... no UTF-8 mapping file for font encoding PD1
)
(/usr/local/texlive/2021/texmf-dist/tex/latex/hyperref/hyperref-langpatches.def
File: hyperref-langpatches.def 2021-06-07 v7.00m Hyperref: patches for babel la
nguages
) (/usr/local/texlive/2021/texmf-dist/tex/generic/intcalc/intcalc.sty
Package: intcalc 2019/12/15 v1.3 Expandable calculations with integers (HO)
)
(/usr/local/texlive/2021/texmf-dist/tex/generic/etexcmds/etexcmds.sty
Package: etexcmds 2019/12/15 v1.7 Avoid name clashes with e-TeX commands (HO)
)
\Hy@SavedSpaceFactor=\count298

(/usr/local/texlive/2021/texmf-dist/tex/latex/hyperref/puenc.def
File: puenc.def 2021-06-07 v7.00m Hyperref: PDF Unicode definition (HO)
Now handling font encoding PU ...
... no UTF-8 mapping file for font encoding PU
)
Package hyperref Info: Option `setpagesize' set `false' on input line 4073.
Package hyperref Info: Option `colorlinks' set `true' on input line 4073.
Package hyperref Info: Option `breaklinks' set `true' on input line 4073.
Package hyperref Info: Hyper figures OFF on input line 4192.
Package hyperref Info: Link nesting OFF on input line 4197.
Package hyperref Info: Hyper index ON on input line 4200.
Package hyperref Info: Plain pages OFF on input line 4207.
Package hyperref Info: Backreferencing OFF on input line 4212.
Package hyperref Info: Implicit mode ON; LaTeX internals redefined.
Package hyperref Info: Bookmarks ON on input line 4445.
\c@Hy@tempcnt=\count299

(/usr/local/texlive/2021/texmf-dist/tex/latex/url/url.sty
\Urlmuskip=\muskip17
Package: url 2013/09/16  ver 3.4  Verb mode for urls, etc.
)
LaTeX Info: Redefining \url on input line 4804.
\XeTeXLinkMargin=\dimen275

(/usr/local/texlive/2021/texmf-dist/tex/generic/bitset/bitset.sty
Package: bitset 2019/12/09 v1.3 Handle bit-vector datatype (HO)

(/usr/local/texlive/2021/texmf-dist/tex/generic/bigintcalc/bigintcalc.sty
Package: bigintcalc 2019/12/15 v1.5 Expandable calculations on big integers (HO
)
))
\Fld@menulength=\count300
\Field@Width=\dimen276
\Fld@charsize=\dimen277
Package hyperref Info: Hyper figures OFF on input line 6076.
Package hyperref Info: Link nesting OFF on input line 6081.
Package hyperref Info: Hyper index ON on input line 6084.
Package hyperref Info: backreferencing OFF on input line 6091.
Package hyperref Info: Link coloring ON on input line 6094.
Package hyperref Info: Link coloring with OCG OFF on input line 6101.
Package hyperref Info: PDF/A mode OFF on input line 6106.
LaTeX Info: Redefining \ref on input line 6146.
LaTeX Info: Redefining \pageref on input line 6150.
\Hy@abspage=\count301
\c@Item=\count302
\c@Hfootnote=\count303
)
Package hyperref Info: Driver: hdvipdfm.

(/usr/local/texlive/2021/texmf-dist/tex/latex/hyperref/hdvipdfm.def
File: hdvipdfm.def 2021-06-07 v7.00m Hyperref driver for dvipdfm
\pdfm@box=\box135
\c@Hy@AnnotLevel=\count304
\HyField@AnnotCount=\count305
\Fld@listcount=\count306
\c@bookmark@seq@number=\count307

(/usr/local/texlive/2021/texmf-dist/tex/latex/rerunfilecheck/rerunfilecheck.sty
Package: rerunfilecheck 2019/12/05 v1.9 Rerun checks for auxiliary files (HO)
(/usr/local/texlive/2021/texmf-dist/tex/latex/base/atveryend-ltx.sty
Package: atveryend-ltx 2020/08/19 v1.0a Emulation of the original atvery packag
e
with kernel methods
)
(/usr/local/texlive/2021/texmf-dist/tex/generic/uniquecounter/uniquecounter.sty
Package: uniquecounter 2019/12/15 v1.4 Provide unlimited unique counter (HO)
)
Package uniquecounter Info: New unique counter `rerunfilecheck' on input line 2
86.
)
\Hy@SectionHShift=\skip76
) (/usr/local/texlive/2021/texmf-dist/tex/latex/oberdiek/hypcap.sty
Package: hypcap 2016/05/16 v1.12 Adjusting the anchors of captions (HO)
)
(/usr/local/texlive/2021/texmf-dist/tex/platex/pxjahyper/pxjahyper.sty
Package: pxjahyper 2021/06/06 v0.9c

(/usr/local/texlive/2021/texmf-dist/tex/latex/etoolbox/etoolbox.sty
Package: etoolbox 2020/10/05 v2.5k e-TeX tools for LaTeX (JAW)
\etb@tempcnta=\count308
)
(/usr/local/texlive/2021/texmf-dist/tex/platex/pxjahyper/pxjahyper-enc.sty
Package: pxjahyper-enc 2021/06/06 v0.9c
)
(/usr/local/texlive/2021/texmf-dist/tex/latex/bxjatoucs/bxjatoucs.sty
Package: bxjatoucs 2019/10/20 v0.2
))
(./sphinxmessages.sty
Package: sphinxmessages 2019/01/04 v2.0 Localized LaTeX macros (Sphinx team)
)
\@indexfile=\write4
\openout4 = `blackpoker.idx'.


Writing index file blackpoker.idx
(/usr/local/texlive/2021/texmf-dist/tex/latex/l3backend/l3backend-dvipdfmx.def
File: l3backend-dvipdfmx.def 2021-07-12 L3 backend support: dvipdfmx

(|extractbb --version)
\c__kernel_sys_dvipdfmx_version_int=\count309
\l__color_backend_stack_int=\count310
\g__color_backend_stack_int=\count311
\g__graphics_track_int=\count312
\l__pdf_internal_box=\box136
\g__pdf_backend_object_int=\count313
\g__pdf_backend_annotation_int=\count314
\g__pdf_backend_link_int=\count315
)
No file blackpoker.aux.
\openout1 = `blackpoker.aux'.

LaTeX Font Info:    Checking defaults for OML/cmm/m/it on input line 57.
LaTeX Font Info:    ... okay on input line 57.
LaTeX Font Info:    Checking defaults for OMS/cmsy/m/n on input line 57.
LaTeX Font Info:    ... okay on input line 57.
LaTeX Font Info:    Checking defaults for OT1/cmr/m/n on input line 57.
LaTeX Font Info:    ... okay on input line 57.
LaTeX Font Info:    Checking defaults for T1/cmr/m/n on input line 57.
LaTeX Font Info:    ... okay on input line 57.
LaTeX Font Info:    Checking defaults for TS1/cmr/m/n on input line 57.
LaTeX Font Info:    ... okay on input line 57.
LaTeX Font Info:    Checking defaults for OMX/cmex/m/n on input line 57.
LaTeX Font Info:    ... okay on input line 57.
LaTeX Font Info:    Checking defaults for U/cmr/m/n on input line 57.
LaTeX Font Info:    ... okay on input line 57.
LaTeX Font Info:    Checking defaults for JY1/mc/m/n on input line 57.
LaTeX Font Info:    ... okay on input line 57.
LaTeX Font Info:    Checking defaults for JT1/mc/m/n on input line 57.
LaTeX Font Info:    ... okay on input line 57.
LaTeX Font Info:    Checking defaults for PD1/pdf/m/n on input line 57.
LaTeX Font Info:    ... okay on input line 57.
LaTeX Font Info:    Checking defaults for PU/pdf/m/n on input line 57.
LaTeX Font Info:    ... okay on input line 57.
\c@literalblock=\count316
*geometry* detected driver: dvipdfm
*geometry* verbose mode - [ preamble ] result:
* driver: dvipdfm
* paper: letterpaper
* layout: <same size as paper>
* layoutoffset:(h,v)=(0.0pt,0.0pt)
* lines: 41
* hratio: 1:1
* vratio: 1:1
* modes: twoside 
* h-part:(L,W,R)=(71.35226pt, 471.59047pt, 71.35226pt)
* v-part:(T,H,B)=(71.10463pt, 652.76073pt, 71.10463pt)
* \paperwidth=614.295pt
* \paperheight=794.96999pt
* \textwidth=471.59047pt
* \textheight=652.76073pt
* \oddsidemargin=-0.91772pt
* \evensidemargin=-0.91772pt
* \topmargin=-35.4762pt
* \headheight=20.0pt
* \headsep=14.31084pt
* \topskip=12.76073pt
* \footskip=32.0pt
* \marginparwidth=36.98749pt
* \marginparsep=18.49374pt
* \columnsep=18.49374pt
* \skip\footins=16.0pt plus 5.0pt minus 2.0pt
* \hoffset=0.0pt
* \voffset=0.0pt
* \mag=1000
* \@twocolumnfalse
* \@twosidetrue
* \@mparswitchtrue
* \@reversemarginfalse
* (1in=72.27pt=25.4mm, 1cm=28.453pt)

Package hyperref Info: Link coloring ON on input line 57.
(/usr/local/texlive/2021/texmf-dist/tex/latex/hyperref/nameref.sty
Package: nameref 2021-04-02 v2.47 Cross-referencing by name of section

(/usr/local/texlive/2021/texmf-dist/tex/latex/refcount/refcount.sty
Package: refcount 2019/12/15 v3.6 Data extraction from label references (HO)
)
(/usr/local/texlive/2021/texmf-dist/tex/generic/gettitlestring/gettitlestring.s
ty
Package: gettitlestring 2019/12/15 v1.6 Cleanup title references (HO)
)
\c@section@level=\count317
)
LaTeX Info: Redefining \ref on input line 57.
LaTeX Info: Redefining \pageref on input line 57.
LaTeX Info: Redefining \nameref on input line 57.
\@outlinefile=\write5
\openout5 = `blackpoker.out'.



Package hyperref Warning: Rerun to get /PageLabels entry.

Package hyperref Info: Option `pageanchor' set `false' on input line 60.
LaTeX Font Info:    Font shape `JT1/gt/m/n' will be
(Font)              scaled to size 9.60999pt on input line 60.
LaTeX Font Info:    Font shape `JY1/gt/m/n' will be
(Font)              scaled to size 9.60999pt on input line 60.
LaTeX Font Info:    Trying to load font information for T1+qhv on input line 60
.
(/usr/local/texlive/2021/texmf-dist/tex/latex/tex-gyre/t1qhv.fd
File: t1qhv.fd 2009/09/25 v1.2 font definition file for T1/qhv
)
LaTeX Font Info:    Font shape `JT1/gt/b/n' in size <10> not available
(Font)              Font shape `JT1/gt/bx/n' tried instead on input line 60.
LaTeX Font Info:    Font shape `JT1/gt/bx/n' in size <10> not available
(Font)              Font shape `JT1/gt/m/n' tried instead on input line 60.
LaTeX Font Info:    Font shape `JT1/gt/m/n' will be
(Font)              scaled to size 9.60999pt on input line 60.
LaTeX Font Info:    Font shape `JY1/gt/b/n' in size <10> not available
(Font)              Font shape `JY1/gt/bx/n' tried instead on input line 60.
LaTeX Font Info:    Font shape `JY1/gt/bx/n' in size <10> not available
(Font)              Font shape `JY1/gt/m/n' tried instead on input line 60.
LaTeX Font Info:    Font shape `JY1/gt/m/n' will be
(Font)              scaled to size 9.60999pt on input line 60.
LaTeX Font Info:    Font shape `JT1/gt/b/n' in size <24.88> not available
(Font)              Font shape `JT1/gt/bx/n' tried instead on input line 60.
LaTeX Font Info:    Font shape `JT1/gt/bx/n' in size <24.88> not available
(Font)              Font shape `JT1/gt/m/n' tried instead on input line 60.
LaTeX Font Info:    Font shape `JT1/gt/m/n' will be
(Font)              scaled to size 23.90964pt on input line 60.
LaTeX Font Info:    Font shape `JY1/gt/b/n' in size <24.88> not available
(Font)              Font shape `JY1/gt/bx/n' tried instead on input line 60.
LaTeX Font Info:    Font shape `JY1/gt/bx/n' in size <24.88> not available
(Font)              Font shape `JY1/gt/m/n' tried instead on input line 60.
LaTeX Font Info:    Font shape `JY1/gt/m/n' will be
(Font)              scaled to size 23.90964pt on input line 60.
LaTeX Font Info:    Kanji font shape `JY1/gt/b/it' undefined
(Font)              No change on input line 60.
LaTeX Font Info:    Font shape `JT1/gt/b/n' in size <17.28> not available
(Font)              Font shape `JT1/gt/bx/n' tried instead on input line 60.
LaTeX Font Info:    Font shape `JT1/gt/bx/n' in size <17.28> not available
(Font)              Font shape `JT1/gt/m/n' tried instead on input line 60.
LaTeX Font Info:    Font shape `JT1/gt/m/n' will be
(Font)              scaled to size 16.60605pt on input line 60.
LaTeX Font Info:    Font shape `JY1/gt/b/n' in size <17.28> not available
(Font)              Font shape `JY1/gt/bx/n' tried instead on input line 60.
LaTeX Font Info:    Font shape `JY1/gt/bx/n' in size <17.28> not available
(Font)              Font shape `JY1/gt/m/n' tried instead on input line 60.
LaTeX Font Info:    Font shape `JY1/gt/m/n' will be
(Font)              scaled to size 16.60605pt on input line 60.
LaTeX Font Info:    Font shape `JY1/mc/m/n' will be
(Font)              scaled to size 16.60605pt on input line 60.
LaTeX Font Info:    Font shape `JY1/mc/m/n' will be
(Font)              scaled to size 11.53198pt on input line 60.
LaTeX Font Info:    Trying to load font information for U+msa on input line 60.


(/usr/local/texlive/2021/texmf-dist/tex/latex/amsfonts/umsa.fd
File: umsa.fd 2013/01/14 v3.01 AMS symbols A
)
LaTeX Font Info:    Trying to load font information for U+msb on input line 60.


(/usr/local/texlive/2021/texmf-dist/tex/latex/amsfonts/umsb.fd
File: umsb.fd 2013/01/14 v3.01 AMS symbols B
)
LaTeX Font Info:    Font shape `JT1/gt/b/n' in size <12> not available
(Font)              Font shape `JT1/gt/bx/n' tried instead on input line 60.
LaTeX Font Info:    Font shape `JT1/gt/bx/n' in size <12> not available
(Font)              Font shape `JT1/gt/m/n' tried instead on input line 60.
LaTeX Font Info:    Font shape `JT1/gt/m/n' will be
(Font)              scaled to size 11.53198pt on input line 60.
LaTeX Font Info:    Font shape `JY1/gt/b/n' in size <12> not available
(Font)              Font shape `JY1/gt/bx/n' tried instead on input line 60.
LaTeX Font Info:    Font shape `JY1/gt/bx/n' in size <12> not available
(Font)              Font shape `JY1/gt/m/n' tried instead on input line 60.
LaTeX Font Info:    Font shape `JY1/gt/m/n' will be
(Font)              scaled to size 11.53198pt on input line 60.
 [1


] [2


]
LaTeX Font Info:    Font shape `JT1/mc/m/n' will be
(Font)              scaled to size 23.90964pt on input line 62.
LaTeX Font Info:    Font shape `JY1/mc/m/n' will be
(Font)              scaled to size 23.90964pt on input line 62.
\tf@toc=\write6
\openout6 = `blackpoker.toc'.

LaTeX Font Info:    Font shape `JT1/mc/b/n' in size <10> not available
(Font)              Font shape `JT1/mc/bx/n' tried instead on input line 62.
LaTeX Font Info:    Font shape `JT1/mc/bx/n' in size <10> not available
(Font)              Font shape `JT1/gt/m/n' tried instead on input line 62.
LaTeX Font Info:    Font shape `JT1/gt/m/n' will be
(Font)              scaled to size 9.60999pt on input line 62.
LaTeX Font Info:    Font shape `JY1/mc/b/n' in size <10> not available
(Font)              Font shape `JY1/mc/bx/n' tried instead on input line 62.
LaTeX Font Info:    Font shape `JY1/mc/bx/n' in size <10> not available
(Font)              Font shape `JY1/gt/m/n' tried instead on input line 62.
LaTeX Font Info:    Font shape `JY1/gt/m/n' will be
(Font)              scaled to size 9.60999pt on input line 62.

[1

] [2

]
第1章
LaTeX Font Info:    Font shape `JT1/mc/m/n' will be
(Font)              scaled to size 19.9311pt on input line 68.
LaTeX Font Info:    Font shape `JY1/mc/m/n' will be
(Font)              scaled to size 19.9311pt on input line 68.
LaTeX Font Info:    Font shape `JT1/gt/m/n' will be
(Font)              scaled to size 19.9311pt on input line 68.
LaTeX Font Info:    Font shape `JY1/gt/m/n' will be
(Font)              scaled to size 19.9311pt on input line 68.
LaTeX Font Info:    Font shape `JT1/mc/m/n' will be
(Font)              scaled to size 13.83836pt on input line 79.
LaTeX Font Info:    Font shape `JY1/mc/m/n' will be
(Font)              scaled to size 13.83836pt on input line 79.
LaTeX Font Info:    Font shape `JT1/gt/m/n' will be
(Font)              scaled to size 13.83836pt on input line 79.
LaTeX Font Info:    Font shape `JY1/gt/m/n' will be
(Font)              scaled to size 13.83836pt on input line 79.
LaTeX Font Info:    Font shape `JT1/gt/b/n' in size <14.4> not available
(Font)              Font shape `JT1/gt/bx/n' tried instead on input line 79.
LaTeX Font Info:    Font shape `JT1/gt/bx/n' in size <14.4> not available
(Font)              Font shape `JT1/gt/m/n' tried instead on input line 79.
LaTeX Font Info:    Font shape `JT1/gt/m/n' will be
(Font)              scaled to size 13.83836pt on input line 79.
LaTeX Font Info:    Font shape `JY1/gt/b/n' in size <14.4> not available
(Font)              Font shape `JY1/gt/bx/n' tried instead on input line 79.
LaTeX Font Info:    Font shape `JY1/gt/bx/n' in size <14.4> not available
(Font)              Font shape `JY1/gt/m/n' tried instead on input line 79.
LaTeX Font Info:    Font shape `JY1/gt/m/n' will be
(Font)              scaled to size 13.83836pt on input line 79.
LaTeX Font Info:    Trying to load font information for T1+txtt on input line 8
4.
(/usr/local/texlive/2021/texmf-dist/tex/latex/txfonts/t1txtt.fd
File: t1txtt.fd 2000/12/15 v3.1
)
File: plantuml-d144433912d7de61d8f7772389281396a917cd98.pdf Graphic file (type 
pdf)
<plantuml-d144433912d7de61d8f7772389281396a917cd98.pdf>
 [1

] [2

]
第2章
[3]
LaTeX Font Info:    Trying to load font information for TS1+qtm on input line 1
34.
 (/usr/local/texlive/2021/texmf-dist/tex/latex/tex-gyre/ts1qtm.fd
File: ts1qtm.fd 2009/09/25 v1.2 font definition file for TS1/qtm
)
LaTeX Font Info:    Font shape `JT1/mc/m/n' will be
(Font)              scaled to size 11.53198pt on input line 145.


LaTeX Warning: Hyper reference `core/core:coreflow-2' on page 4 undefined on in
put line 150.


LaTeX Warning: Reference `core/core:coreflow-2' on page 4 undefined on input li
ne 150.

[4]
File: plantuml-97eb2fb6ceaeae89223169fc6f937aee84be4fe1.pdf Graphic file (type 
pdf)
<plantuml-97eb2fb6ceaeae89223169fc6f937aee84be4fe1.pdf>
LaTeX Font Info:    Font shape `JT1/mc/m/n' will be
(Font)              scaled to size 8.64899pt on input line 240.
LaTeX Font Info:    Font shape `JY1/mc/m/n' will be
(Font)              scaled to size 8.64899pt on input line 240.
 [5]

LaTeX Warning: Hyper reference `core/core:ability-image' on page 6 undefined on
 input line 251.


LaTeX Warning: Reference `core/core:ability-image' on page 6 undefined on input
 line 251.

File: plantuml-976f45327f77d4f4ee1da59bff1cd262ba402df4.pdf Graphic file (type 
pdf)
<plantuml-976f45327f77d4f4ee1da59bff1cd262ba402df4.pdf>
[6]

LaTeX Warning: Hyper reference `core/core:coreflow-2' on page 7 undefined on in
put line 283.


LaTeX Warning: Reference `core/core:coreflow-2' on page 7 undefined on input li
ne 283.

File: plantuml-1f7308387c9dc0dd58a0199510bada736a26d4e5.pdf Graphic file (type 
pdf)
<plantuml-1f7308387c9dc0dd58a0199510bada736a26d4e5.pdf>

LaTeX Warning: Float too large for page by 24.96199pt on input line 290.

[7] [8]

LaTeX Warning: Hyper reference `core/core:trigger-check' on page 9 undefined on
 input line 352.


LaTeX Warning: Reference `core/core:trigger-check' on page 9 undefined on input
 line 352.


LaTeX Warning: Reference `core/core:trigger-check' on page 9 undefined on input
 line 352.

[9]

LaTeX Warning: Hyper reference `core/core:trigger-flow' on page 10 undefined on
 input line 395.


LaTeX Warning: Reference `core/core:trigger-flow' on page 10 undefined on input
 line 395.

File: plantuml-a91828c766d562c760f38e1517ad1bbf09672f77.pdf Graphic file (type 
pdf)
<plantuml-a91828c766d562c760f38e1517ad1bbf09672f77.pdf>

LaTeX Warning: Float too large for page by 24.96199pt on input line 402.

[10] [11] [12]
第3章
LaTeX Font Info:    Font shape `JY1/mc/m/n' will be
(Font)              scaled to size 6.72699pt on input line 494.
LaTeX Font Info:    Font shape `JY1/mc/m/n' will be
(Font)              scaled to size 4.805pt on input line 494.
[13

]

LaTeX Warning: Hyper reference `common/common:field-ex' on page 14 undefined on
 input line 600.


LaTeX Warning: Reference `common/common:field-ex' on page 14 undefined on input
 line 600.

File: field-ex.pdf Graphic file (type pdf)
<field-ex.pdf>
[14]

LaTeX Warning: Hyper reference `common/common:extra' on page 15 undefined on in
put line 629.


LaTeX Warning: Reference `common/common:extra' on page 15 undefined on input li
ne 629.


LaTeX Warning: Reference `common/common:extra' on page 15 undefined on input li
ne 629.


LaTeX Warning: Hyper reference `common/common:character' on page 15 undefined o
n input line 654.


LaTeX Warning: Reference `common/common:character' on page 15 undefined on inpu
t line 654.

File: character.pdf Graphic file (type pdf)
<character.pdf>
[15]

LaTeX Warning: Hyper reference `common/common:character-sample' on page 16 unde
fined on input line 668.


LaTeX Warning: Reference `common/common:character-sample' on page 16 undefined 
on input line 668.

File: character-sample.pdf Graphic file (type pdf)
<character-sample.pdf>
[16]

LaTeX Warning: Hyper reference `common/common:chargedrive' on page 17 undefined
 on input line 729.


LaTeX Warning: Reference `common/common:chargedrive' on page 17 undefined on in
put line 729.

File: charge&drive.pdf Graphic file (type pdf)
<charge&drive.pdf>

LaTeX Warning: Hyper reference `core/core:gamestart' on page 17 undefined on in
put line 782.


LaTeX Warning: Reference `core/core:gamestart' on page 17 undefined on input li
ne 782.


LaTeX Warning: Reference `core/core:gamestart' on page 17 undefined on input li
ne 782.

[17]

LaTeX Warning: Hyper reference `common/common:action-sample' on page 18 undefin
ed on input line 797.


LaTeX Warning: Reference `common/common:action-sample' on page 18 undefined on 
input line 797.

File: action-sample.pdf Graphic file (type pdf)
<action-sample.pdf>

LaTeX Warning: Hyper reference `common/common:cost' on page 18 undefined on inp
ut line 832.


LaTeX Warning: Reference `common/common:cost' on page 18 undefined on input lin
e 832.


LaTeX Warning: Reference `common/common:cost' on page 18 undefined on input lin
e 832.


LaTeX Warning: Hyper reference `core/core:timing' on page 18 undefined on input
 line 837.


LaTeX Warning: Reference `core/core:timing' on page 18 undefined on input line 
837.


LaTeX Warning: Reference `core/core:timing' on page 18 undefined on input line 
837.

[18]

LaTeX Warning: Hyper reference `common/common:table-cost' on page 19 undefined 
on input line 858.


LaTeX Warning: Reference `common/common:table-cost' on page 19 undefined on inp
ut line 858.


LaTeX Warning: Hyper reference `common/common:action-sample2' on page 19 undefi
ned on input line 938.


LaTeX Warning: Reference `common/common:action-sample2' on page 19 undefined on
 input line 938.

File: action-sample2.pdf Graphic file (type pdf)
<action-sample2.pdf>
[19]

LaTeX Warning: Hyper reference `core/core:coreflowsec' on page 20 undefined on 
input line 970.


LaTeX Warning: Reference `core/core:coreflowsec' on page 20 undefined on input 
line 970.


LaTeX Warning: Reference `core/core:coreflowsec' on page 20 undefined on input 
line 970.

[20]

LaTeX Warning: Hyper reference `core/core:winlose' on page 21 undefined on inpu
t line 1017.


LaTeX Warning: Reference `core/core:winlose' on page 21 undefined on input line
 1017.


LaTeX Warning: Reference `core/core:winlose' on page 21 undefined on input line
 1017.


LaTeX Warning: Hyper reference `common/common:set-bulwork' on page 21 undefined
 on input line 1029.


LaTeX Warning: Reference `common/common:set-bulwork' on page 21 undefined on in
put line 1029.

File: set-bulwork.pdf Graphic file (type pdf)
<set-bulwork.pdf>
[21]

LaTeX Warning: Hyper reference `common/common:field-ex' on page 22 undefined on
 input line 1081.


LaTeX Warning: Reference `common/common:field-ex' on page 22 undefined on input
 line 1081.


LaTeX Warning: Hyper reference `common/common:ver-ex' on page 22 undefined on i
nput line 1099.


LaTeX Warning: Reference `common/common:ver-ex' on page 22 undefined on input l
ine 1099.

[22]

LaTeX Warning: Hyper reference `common/common:trump' on page 23 undefined on in
put line 1162.


LaTeX Warning: Reference `common/common:trump' on page 23 undefined on input li
ne 1162.

File: trump.pdf Graphic file (type pdf)
<trump.pdf>

LaTeX Warning: Hyper reference `common/common:trump-open' on page 23 undefined 
on input line 1210.


LaTeX Warning: Reference `common/common:trump-open' on page 23 undefined on inp
ut line 1210.


LaTeX Warning: Hyper reference `appendix/appendix:extralist' on page 23 undefin
ed on input line 1211.


LaTeX Warning: Reference `appendix/appendix:extralist' on page 23 undefined on 
input line 1211.


LaTeX Warning: Reference `appendix/appendix:extralist' on page 23 undefined on 
input line 1211.

File: trump-open.pdf Graphic file (type pdf)
<trump-open.pdf>
[23]

LaTeX Warning: Hyper reference `appendix/appendix:extralist' on page 24 undefin
ed on input line 1235.


LaTeX Warning: Reference `appendix/appendix:extralist' on page 24 undefined on 
input line 1235.


LaTeX Warning: Reference `appendix/appendix:extralist' on page 24 undefined on 
input line 1235.

[24] [25] [26]
第4章
[27

]
File: plantuml-c4b165770c9149e49e8be64e90ba8bbbafdb51b5.pdf Graphic file (type 
pdf)
<plantuml-c4b165770c9149e49e8be64e90ba8bbbafdb51b5.pdf>
 [28]

LaTeX Warning: Hyper reference `appendix/appendix:actionlist-lite' on page 29 u
ndefined on input line 1547.


LaTeX Warning: Reference `appendix/appendix:actionlist-lite' on page 29 undefin
ed on input line 1547.


LaTeX Warning: Reference `appendix/appendix:actionlist-lite' on page 29 undefin
ed on input line 1547.

[29]

LaTeX Warning: Hyper reference `appendix/appendix:actionlist-std' on page 30 un
defined on input line 1586.


LaTeX Warning: Reference `appendix/appendix:actionlist-std' on page 30 undefine
d on input line 1586.


LaTeX Warning: Reference `appendix/appendix:actionlist-std' on page 30 undefine
d on input line 1586.


LaTeX Warning: Hyper reference `appendix/appendix:actionlist-pro' on page 30 un
defined on input line 1625.


LaTeX Warning: Reference `appendix/appendix:actionlist-pro' on page 30 undefine
d on input line 1625.


LaTeX Warning: Reference `appendix/appendix:actionlist-pro' on page 30 undefine
d on input line 1625.

[30]

LaTeX Warning: Hyper reference `appendix/appendix:actionlist-master' on page 31
 undefined on input line 1664.


LaTeX Warning: Reference `appendix/appendix:actionlist-master' on page 31 undef
ined on input line 1664.


LaTeX Warning: Reference `appendix/appendix:actionlist-master' on page 31 undef
ined on input line 1664.


LaTeX Warning: Hyper reference `appendix/appendix:actionlist-master' on page 31
 undefined on input line 1703.


LaTeX Warning: Reference `appendix/appendix:actionlist-master' on page 31 undef
ined on input line 1703.


LaTeX Warning: Reference `appendix/appendix:actionlist-master' on page 31 undef
ined on input line 1703.


LaTeX Warning: Hyper reference `appendix/appendix:extralist' on page 31 undefin
ed on input line 1712.


LaTeX Warning: Reference `appendix/appendix:extralist' on page 31 undefined on 
input line 1712.


LaTeX Warning: Reference `appendix/appendix:extralist' on page 31 undefined on 
input line 1712.


LaTeX Warning: Hyper reference `common/common:extra-start' on page 31 undefined
 on input line 1721.


LaTeX Warning: Reference `common/common:extra-start' on page 31 undefined on in
put line 1721.


LaTeX Warning: Reference `common/common:extra-start' on page 31 undefined on in
put line 1721.

[31] [32

]
第5章

LaTeX Warning: Hyper reference `format/format::doc' on page 33 undefined on inp
ut line 1754.

LaTeX Font Info:    Font shape `JT1/gt/m/it' in size <10> not available
(Font)              Font shape `JT1/gt/m/n' tried instead on input line 1754.
LaTeX Font Info:    Font shape `JT1/gt/m/n' will be
(Font)              scaled to size 9.60999pt on input line 1754.
LaTeX Font Info:    Font shape `JY1/gt/m/it' in size <10> not available
(Font)              Font shape `JY1/gt/m/n' tried instead on input line 1754.
LaTeX Font Info:    Font shape `JY1/gt/m/n' will be
(Font)              scaled to size 9.60999pt on input line 1754.

LaTeX Warning: Hyper reference `format/lite:format-lite' on page 33 undefined o
n input line 1783.


LaTeX Warning: Reference `format/lite:format-lite' on page 33 undefined on inpu
t line 1783.


LaTeX Warning: Reference `format/lite:format-lite' on page 33 undefined on inpu
t line 1783.

[33]

LaTeX Warning: Hyper reference `format/lite:format-lite' on page 34 undefined o
n input line 1862.


LaTeX Warning: Reference `format/lite:format-lite' on page 34 undefined on inpu
t line 1862.


LaTeX Warning: Reference `format/lite:format-lite' on page 34 undefined on inpu
t line 1862.

[34]

LaTeX Warning: Hyper reference `format/lite:format-lite' on page 35 undefined o
n input line 1941.


LaTeX Warning: Reference `format/lite:format-lite' on page 35 undefined on inpu
t line 1941.


LaTeX Warning: Reference `format/lite:format-lite' on page 35 undefined on inpu
t line 1941.

[35]

LaTeX Warning: Hyper reference `format/standard:format-standard' on page 36 und
efined on input line 2036.


LaTeX Warning: Reference `format/standard:format-standard' on page 36 undefined
 on input line 2036.


LaTeX Warning: Reference `format/standard:format-standard' on page 36 undefined
 on input line 2036.


LaTeX Warning: Hyper reference `format/standard:format-standard' on page 36 und
efined on input line 2115.


LaTeX Warning: Reference `format/standard:format-standard' on page 36 undefined
 on input line 2115.


LaTeX Warning: Reference `format/standard:format-standard' on page 36 undefined
 on input line 2115.

[36]

LaTeX Warning: Hyper reference `format/standard:format-standard' on page 37 und
efined on input line 2194.


LaTeX Warning: Reference `format/standard:format-standard' on page 37 undefined
 on input line 2194.


LaTeX Warning: Reference `format/standard:format-standard' on page 37 undefined
 on input line 2194.

[37]

LaTeX Warning: Hyper reference `format/pro:format-pro' on page 38 undefined on 
input line 2289.


LaTeX Warning: Reference `format/pro:format-pro' on page 38 undefined on input 
line 2289.


LaTeX Warning: Reference `format/pro:format-pro' on page 38 undefined on input 
line 2289.

[38]

LaTeX Warning: Hyper reference `format/pro:format-pro' on page 39 undefined on 
input line 2368.


LaTeX Warning: Reference `format/pro:format-pro' on page 39 undefined on input 
line 2368.


LaTeX Warning: Reference `format/pro:format-pro' on page 39 undefined on input 
line 2368.


LaTeX Warning: Hyper reference `format/pro:format-pro' on page 39 undefined on 
input line 2447.


LaTeX Warning: Reference `format/pro:format-pro' on page 39 undefined on input 
line 2447.


LaTeX Warning: Reference `format/pro:format-pro' on page 39 undefined on input 
line 2447.

[39]

LaTeX Warning: Hyper reference `format/master:format-master' on page 40 undefin
ed on input line 2542.


LaTeX Warning: Reference `format/master:format-master' on page 40 undefined on 
input line 2542.


LaTeX Warning: Reference `format/master:format-master' on page 40 undefined on 
input line 2542.

[40]

LaTeX Warning: Hyper reference `format/master:format-master' on page 41 undefin
ed on input line 2621.


LaTeX Warning: Reference `format/master:format-master' on page 41 undefined on 
input line 2621.


LaTeX Warning: Reference `format/master:format-master' on page 41 undefined on 
input line 2621.

[41]

LaTeX Warning: Hyper reference `format/master:format-master' on page 42 undefin
ed on input line 2700.


LaTeX Warning: Reference `format/master:format-master' on page 42 undefined on 
input line 2700.


LaTeX Warning: Reference `format/master:format-master' on page 42 undefined on 
input line 2700.

[42]

LaTeX Warning: Hyper reference `format/extra:format-extra' on page 43 undefined
 on input line 2795.


LaTeX Warning: Reference `format/extra:format-extra' on page 43 undefined on in
put line 2795.


LaTeX Warning: Reference `format/extra:format-extra' on page 43 undefined on in
put line 2795.

[43] [44

]
第6章

Underfull \hbox (badness 10000) in paragraph at lines 2887--2891
[][][]$\T1/qtm/m/n/10 https : / / blackpoker . github . io / BlackPoker / issue
 _ 24 / actionlist / pdf / blackpoker-[]v6-[]lite . pdf$[][] [][]$https :
 []


Underfull \hbox (badness 10000) in paragraph at lines 2903--2907
[][][]$\T1/qtm/m/n/10 https : / / blackpoker . github . io / BlackPoker / issue
 _ 24 / actionlist / pdf / blackpoker-[]v6-[]std . pdf$[][] [][]$https :
 []

[45]
Underfull \hbox (badness 10000) in paragraph at lines 2919--2923
[][][]$\T1/qtm/m/n/10 https : / / blackpoker . github . io / BlackPoker / issue
 _ 24 / actionlist / pdf / blackpoker-[]v6-[]pro . pdf$[][] [][]$https :
 []


Underfull \hbox (badness 10000) in paragraph at lines 2935--2939
[][][]$\T1/qtm/m/n/10 https : / / blackpoker . github . io / BlackPoker / issue
 _ 24 / actionlist / pdf / blackpoker-[]v6-[]mast . pdf$[][] [][]$https :
 []


Underfull \hbox (badness 10000) in paragraph at lines 2951--2955
[][][]$\T1/qtm/m/n/10 https : / / blackpoker . github . io / BlackPoker / issue
 _ 24 / actionlist / pdf / blackpoker-[]v6-[]extra . pdf$[][] [][]$https :
 []

No file blackpoker.ind.
[46] (./blackpoker.aux)

LaTeX Warning: There were undefined references.


LaTeX Warning: Label(s) may have changed. Rerun to get cross-references right.


Package rerunfilecheck Warning: File `blackpoker.out' has changed.
(rerunfilecheck)                Rerun to get outlines right
(rerunfilecheck)                or use package `bookmark'.

Package rerunfilecheck Info: Checksums for `blackpoker.out':
(rerunfilecheck)             Before: <no file>
(rerunfilecheck)             After:  807051B1F1B25420B83DC6E06C632FEF;15116.
 ) 
Here is how much of TeX's memory you used:
 13907 strings out of 480496
 207616 string characters out of 5899437
 526985 words of memory out of 5000000
 31612 multiletter control sequences out of 15000+600000
 507208 words of font info for 119 fonts, out of 8000000 for 9000
 20 hyphenation exceptions out of 8191
 72i,12n,80p,329b,540s stack positions out of 5000i,500n,10000p,200000b,80000s

Output written on blackpoker.dvi (50 pages, 122688 bytes).
