\BOOKMARK [0][-]{chapter.1}{はじめに}{}% 1
\BOOKMARK [1][-]{section.1.1}{ルールの構成}{chapter.1}% 2
\BOOKMARK [0][-]{chapter.2}{対戦レギュレーション}{}% 3
\BOOKMARK [1][-]{section.2.1}{定義項目}{chapter.2}% 4
\BOOKMARK [1][-]{section.2.2}{レギュレーション定義}{chapter.2}% 5
\BOOKMARK [2][-]{subsection.2.2.1}{ライト}{section.2.2}% 6
\BOOKMARK [3][-]{subsubsection.2.2.1.1}{フォーマット}{subsection.2.2.1}% 7
\BOOKMARK [3][-]{subsubsection.2.2.1.2}{デッキ条件}{subsection.2.2.1}% 8
\BOOKMARK [3][-]{subsubsection.2.2.1.3}{対戦前準備事項}{subsection.2.2.1}% 9
\BOOKMARK [3][-]{subsubsection.2.2.1.4}{その他制限事項}{subsection.2.2.1}% 10
\BOOKMARK [2][-]{subsection.2.2.2}{ライト40}{section.2.2}% 11
\BOOKMARK [3][-]{subsubsection.2.2.2.1}{フォーマット}{subsection.2.2.2}% 12
\BOOKMARK [3][-]{subsubsection.2.2.2.2}{デッキ条件}{subsection.2.2.2}% 13
\BOOKMARK [3][-]{subsubsection.2.2.2.3}{対戦前準備事項}{subsection.2.2.2}% 14
\BOOKMARK [3][-]{subsubsection.2.2.2.4}{その他制限事項}{subsection.2.2.2}% 15
\BOOKMARK [2][-]{subsection.2.2.3}{スタンダード}{section.2.2}% 16
\BOOKMARK [3][-]{subsubsection.2.2.3.1}{フォーマット}{subsection.2.2.3}% 17
\BOOKMARK [3][-]{subsubsection.2.2.3.2}{デッキ条件}{subsection.2.2.3}% 18
\BOOKMARK [3][-]{subsubsection.2.2.3.3}{対戦前準備事項}{subsection.2.2.3}% 19
\BOOKMARK [3][-]{subsubsection.2.2.3.4}{その他制限事項}{subsection.2.2.3}% 20
\BOOKMARK [2][-]{subsection.2.2.4}{スタンダード40}{section.2.2}% 21
\BOOKMARK [3][-]{subsubsection.2.2.4.1}{フォーマット}{subsection.2.2.4}% 22
\BOOKMARK [3][-]{subsubsection.2.2.4.2}{デッキ条件}{subsection.2.2.4}% 23
\BOOKMARK [3][-]{subsubsection.2.2.4.3}{対戦前準備事項}{subsection.2.2.4}% 24
\BOOKMARK [3][-]{subsubsection.2.2.4.4}{その他制限事項}{subsection.2.2.4}% 25
\BOOKMARK [2][-]{subsection.2.2.5}{プロ}{section.2.2}% 26
\BOOKMARK [3][-]{subsubsection.2.2.5.1}{フォーマット}{subsection.2.2.5}% 27
\BOOKMARK [3][-]{subsubsection.2.2.5.2}{デッキ条件}{subsection.2.2.5}% 28
\BOOKMARK [3][-]{subsubsection.2.2.5.3}{対戦前準備事項}{subsection.2.2.5}% 29
\BOOKMARK [3][-]{subsubsection.2.2.5.4}{その他制限事項}{subsection.2.2.5}% 30
\BOOKMARK [2][-]{subsection.2.2.6}{プロ40}{section.2.2}% 31
\BOOKMARK [3][-]{subsubsection.2.2.6.1}{フォーマット}{subsection.2.2.6}% 32
\BOOKMARK [3][-]{subsubsection.2.2.6.2}{デッキ条件}{subsection.2.2.6}% 33
\BOOKMARK [3][-]{subsubsection.2.2.6.3}{対戦前準備事項}{subsection.2.2.6}% 34
\BOOKMARK [3][-]{subsubsection.2.2.6.4}{その他制限事項}{subsection.2.2.6}% 35
\BOOKMARK [2][-]{subsection.2.2.7}{マスター}{section.2.2}% 36
\BOOKMARK [3][-]{subsubsection.2.2.7.1}{フォーマット}{subsection.2.2.7}% 37
\BOOKMARK [3][-]{subsubsection.2.2.7.2}{デッキ条件}{subsection.2.2.7}% 38
\BOOKMARK [3][-]{subsubsection.2.2.7.3}{対戦前準備事項}{subsection.2.2.7}% 39
\BOOKMARK [3][-]{subsubsection.2.2.7.4}{その他制限事項}{subsection.2.2.7}% 40
\BOOKMARK [2][-]{subsection.2.2.8}{マスター40}{section.2.2}% 41
\BOOKMARK [3][-]{subsubsection.2.2.8.1}{フォーマット}{subsection.2.2.8}% 42
\BOOKMARK [3][-]{subsubsection.2.2.8.2}{デッキ条件}{subsection.2.2.8}% 43
\BOOKMARK [3][-]{subsubsection.2.2.8.3}{対戦前準備事項}{subsection.2.2.8}% 44
\BOOKMARK [3][-]{subsubsection.2.2.8.4}{その他制限事項}{subsection.2.2.8}% 45
\BOOKMARK [0][-]{chapter.3}{フォーマット}{}% 46
\BOOKMARK [1][-]{section.3.1}{フォーマットとは}{chapter.3}% 47
\BOOKMARK [2][-]{subsection.3.1.1}{対戦レギュレーションとの違い}{section.3.1}% 48
\BOOKMARK [2][-]{subsection.3.1.2}{共通ルールとの関係}{section.3.1}% 49
\BOOKMARK [1][-]{section.3.2}{種類}{chapter.3}% 50
\BOOKMARK [1][-]{section.3.3}{定義項目}{chapter.3}% 51
\BOOKMARK [1][-]{section.3.4}{フォーマット定義}{chapter.3}% 52
\BOOKMARK [2][-]{subsection.3.4.1}{ライト}{section.3.4}% 53
\BOOKMARK [3][-]{subsubsection.3.4.1.1}{アクションリスト}{subsection.3.4.1}% 54
\BOOKMARK [3][-]{subsubsection.3.4.1.2}{エクストラリスト}{subsection.3.4.1}% 55
\BOOKMARK [3][-]{subsubsection.3.4.1.3}{事前準備}{subsection.3.4.1}% 56
\BOOKMARK [3][-]{subsubsection.3.4.1.4}{その他事項}{subsection.3.4.1}% 57
\BOOKMARK [0][-]{chapter.4}{共通ルール}{}% 58
\BOOKMARK [1][-]{section.4.1}{基本ルール}{chapter.4}% 59
\BOOKMARK [2][-]{subsection.4.1.1}{プレイ人数}{section.4.1}% 60
\BOOKMARK [2][-]{subsection.4.1.2}{用意するもの}{section.4.1}% 61
\BOOKMARK [2][-]{subsection.4.1.3}{使用できるトランプ}{section.4.1}% 62
