This is e-pTeX, Version 3.141592653-p3.9.0-210218-2.6 (utf8.euc) (TeX Live 2021) (preloaded format=platex 2021.7.14)  30 MAR 2026 17:05
entering extended mode
 restricted \write18 enabled.
 %&-line parsing enabled.
**blackpoker.tex
(./blackpoker.tex
pLaTeX2e <2021-06-01>+2 (based on LaTeX2e <2021-06-01> patch level 1)
L3 programming layer <2021-07-12> (./sphinxmanual.cls
Document Class: sphinxmanual 2019/12/01 v2.3.0 Document class (Sphinx manual)
(/usr/local/texlive/2021/texmf-dist/tex/platex/jsclasses/jsbook.cls
Document Class: jsbook 2021/06/28 jsclasses (okumura, texjporg)
\jsc@mpt=\dimen154
\jsc@mmm=\dimen155
\jsc@smallskipamount=\skip47
LaTeX Info: Redefining \textmc on input line 502.
LaTeX Info: Redefining \textgt on input line 504.
\symmincho=\mathgroup4
LaTeX Font Info:    Overwriting symbol font `mincho' in version `bold'
(Font)                  JY1/mc/m/n --> JY1/gt/m/n on input line 566.
LaTeX Font Info:    Font shape `JT1/mc/m/n' will be
(Font)              scaled to size 9.60999pt on input line 760.
LaTeX Font Info:    Font shape `JY1/mc/m/n' will be
(Font)              scaled to size 9.60999pt on input line 760.
\fullwidth=\dimen156
LaTeX Font Info:    Font shape `JT1/mc/m/n' will be
(Font)              scaled to size 7.68799pt on input line 921.
LaTeX Font Info:    Font shape `JY1/mc/m/n' will be
(Font)              scaled to size 7.68799pt on input line 921.
\c@part=\count181
\c@chapter=\count182
\c@section=\count183
\c@subsection=\count184
\c@subsubsection=\count185
\c@paragraph=\count186
\c@subparagraph=\count187
\c@figure=\count188
\c@table=\count189
\abovecaptionskip=\skip48
\belowcaptionskip=\skip49
\jsc@tocl@width=\dimen157
\@lnumwidth=\dimen158
\bibindent=\dimen159
(/usr/local/texlive/2021/texmf-dist/tex/platex/jsclasses/jslogo.sty
Package: jslogo 2019/07/25 okumura, texjporg
LaTeX Info: Redefining \TeX on input line 82.
LaTeX Info: Redefining \LaTeX on input line 135.
LaTeX Info: Redefining \LaTeXe on input line 188.
)
\heisei=\count190
)
LaTeX Info: Redefining \and on input line 35.
)
\sphinxpxdimen=\dimen160

(/usr/local/texlive/2021/texmf-dist/tex/latex/cmap/cmap.sty
Package: cmap 2021/02/06 v1.0j CMap support: searchable PDF


Package cmap Warning: pdftex not detected - exiting.

) (/usr/local/texlive/2021/texmf-dist/tex/latex/base/fontenc.sty
Package: fontenc 2021/04/29 v2.0v Standard LaTeX package
)
(/usr/local/texlive/2021/texmf-dist/tex/latex/amsmath/amsmath.sty
Package: amsmath 2021/04/20 v2.17j AMS math features
\@mathmargin=\skip50

For additional information on amsmath, use the `?' option.
(/usr/local/texlive/2021/texmf-dist/tex/latex/amsmath/amstext.sty
Package: amstext 2000/06/29 v2.01 AMS text

(/usr/local/texlive/2021/texmf-dist/tex/latex/amsmath/amsgen.sty
File: amsgen.sty 1999/11/30 v2.0 generic functions
\@emptytoks=\toks17
\ex@=\dimen161
))
(/usr/local/texlive/2021/texmf-dist/tex/latex/amsmath/amsbsy.sty
Package: amsbsy 1999/11/29 v1.2d Bold Symbols
\pmbraise@=\dimen162
)
(/usr/local/texlive/2021/texmf-dist/tex/latex/amsmath/amsopn.sty
Package: amsopn 2016/03/08 v2.02 operator names
)
\inf@bad=\count191
LaTeX Info: Redefining \frac on input line 234.
\uproot@=\count192
\leftroot@=\count193
LaTeX Info: Redefining \overline on input line 399.
\classnum@=\count194
\DOTSCASE@=\count195
LaTeX Info: Redefining \ldots on input line 496.
LaTeX Info: Redefining \dots on input line 499.
LaTeX Info: Redefining \cdots on input line 620.
\Mathstrutbox@=\box67
\strutbox@=\box68
\big@size=\dimen163
LaTeX Font Info:    Redeclaring font encoding OML on input line 743.
LaTeX Font Info:    Redeclaring font encoding OMS on input line 744.
\macc@depth=\count196
\c@MaxMatrixCols=\count197
\dotsspace@=\muskip16
\c@parentequation=\count198
\dspbrk@lvl=\count199
\tag@help=\toks18
\row@=\count266
\column@=\count267
\maxfields@=\count268
\andhelp@=\toks19
\eqnshift@=\dimen164
\alignsep@=\dimen165
\tagshift@=\dimen166
\tagwidth@=\dimen167
\totwidth@=\dimen168
\lineht@=\dimen169
\@envbody=\toks20
\multlinegap=\skip51
\multlinetaggap=\skip52
\mathdisplay@stack=\toks21
LaTeX Info: Redefining \[ on input line 2923.
LaTeX Info: Redefining \] on input line 2924.
)
(/usr/local/texlive/2021/texmf-dist/tex/latex/amsfonts/amssymb.sty
Package: amssymb 2013/01/14 v3.01 AMS font symbols

(/usr/local/texlive/2021/texmf-dist/tex/latex/amsfonts/amsfonts.sty
Package: amsfonts 2013/01/14 v3.01 Basic AMSFonts support
\symAMSa=\mathgroup5
\symAMSb=\mathgroup6
LaTeX Font Info:    Redeclaring math symbol \hbar on input line 98.
LaTeX Font Info:    Overwriting math alphabet `\mathfrak' in version `bold'
(Font)                  U/euf/m/n --> U/euf/b/n on input line 106.
))
(/usr/local/texlive/2021/texmf-dist/tex/latex/tex-gyre/tgtermes.sty
Package: tgtermes 2009/09/27 v1.2 TeX Gyre Termes as default roman family

(/usr/local/texlive/2021/texmf-dist/tex/latex/kvoptions/kvoptions.sty
Package: kvoptions 2020-10-07 v3.14 Key value format for package options (HO)

(/usr/local/texlive/2021/texmf-dist/tex/latex/graphics/keyval.sty
Package: keyval 2014/10/28 v1.15 key=value parser (DPC)
\KV@toks@=\toks22
)
(/usr/local/texlive/2021/texmf-dist/tex/generic/ltxcmds/ltxcmds.sty
Package: ltxcmds 2020-05-10 v1.25 LaTeX kernel commands for general use (HO)
)
(/usr/local/texlive/2021/texmf-dist/tex/generic/kvsetkeys/kvsetkeys.sty
Package: kvsetkeys 2019/12/15 v1.18 Key value parser (HO)
))
(I search kanjifont definition file: . . ) (I search font definition file: . .
. . . . . )) (/usr/local/texlive/2021/texmf-dist/tex/latex/tex-gyre/tgheros.sty
Package: tgheros 2009/09/27 v1.2 TeX Gyre Heros as default sans serif family
) (./sphinx.sty
Package: sphinx 2022/08/15 v5.3.0 LaTeX package (Sphinx markup)
 (/usr/local/texlive/2021/texmf-dist/tex/latex/xcolor/xcolor.sty
Package: xcolor 2016/05/11 v2.12 LaTeX color extensions (UK)
(/usr/local/texlive/2021/texmf-dist/tex/latex/graphics-cfg/color.cfg
File: color.cfg 2016/01/02 v1.6 sample color configuration
)
Package xcolor Info: Driver file: dvipdfmx.def on input line 225.

(/usr/local/texlive/2021/texmf-dist/tex/latex/graphics-def/dvipdfmx.def
File: dvipdfmx.def 2021/03/18 v5.0j Graphics/color driver for dvipdfmx
)
Package xcolor Info: Model `cmy' substituted by `cmy0' on input line 1348.
Package xcolor Info: Model `RGB' extended on input line 1364.
Package xcolor Info: Model `HTML' substituted by `rgb' on input line 1366.
Package xcolor Info: Model `Hsb' substituted by `hsb' on input line 1367.
Package xcolor Info: Model `tHsb' substituted by `hsb' on input line 1368.
Package xcolor Info: Model `HSB' substituted by `hsb' on input line 1369.
Package xcolor Info: Model `Gray' substituted by `gray' on input line 1370.
Package xcolor Info: Model `wave' substituted by `hsb' on input line 1371.
)
\sphinxverbatimsep=\dimen170
\sphinxverbatimborder=\dimen171
\sphinxshadowsep=\dimen172
\sphinxshadowsize=\dimen173
\sphinxshadowrule=\dimen174
\spx@notice@border=\dimen175

(./sphinxoptionshyperref.sty
File: sphinxoptionshyperref.sty 2021/01/27 hyperref

(/usr/local/texlive/2021/texmf-dist/tex/latex/base/atbegshi-ltx.sty
Package: atbegshi-ltx 2021/01/10 v1.0c Emulation of the original atbegshi
package with kernel methods
))
(./sphinxoptionsgeometry.sty
File: sphinxoptionsgeometry.sty 2021/01/27 geometry
LaTeX Font Info:    Trying to load font information for T1+qtm on input line 17
.

(/usr/local/texlive/2021/texmf-dist/tex/latex/tex-gyre/t1qtm.fd
File: t1qtm.fd 2009/09/25 v1.2 font definition file for T1/qtm
))
(/usr/local/texlive/2021/texmf-dist/tex/latex/base/textcomp.sty
Package: textcomp 2020/02/02 v2.0n Standard LaTeX package
)
(/usr/local/texlive/2021/texmf-dist/tex/latex/float/float.sty
Package: float 2001/11/08 v1.3d Float enhancements (AL)
\c@float@type=\count269
\float@exts=\toks23
\float@box=\box69
\@float@everytoks=\toks24
\@floatcapt=\box70
)
(/usr/local/texlive/2021/texmf-dist/tex/latex/wrapfig/wrapfig.sty
\wrapoverhang=\dimen176
\WF@size=\dimen177
\c@WF@wrappedlines=\count270
\WF@box=\box71
\WF@everypar=\toks25
Package: wrapfig 2003/01/31  v 3.6
)
(/usr/local/texlive/2021/texmf-dist/tex/latex/capt-of/capt-of.sty
Package: capt-of 2009/12/29 v0.2 standard captions outside of floats
)
(/usr/local/texlive/2021/texmf-dist/tex/latex/tools/multicol.sty
Package: multicol 2019/12/09 v1.8y multicolumn formatting (FMi)
\c@tracingmulticols=\count271
\mult@box=\box72
\multicol@leftmargin=\dimen178
\c@unbalance=\count272
\c@collectmore=\count273
\doublecol@number=\count274
\multicoltolerance=\count275
\multicolpretolerance=\count276
\full@width=\dimen179
\page@free=\dimen180
\premulticols=\dimen181
\postmulticols=\dimen182
\multicolsep=\skip53
\multicolbaselineskip=\skip54
\partial@page=\box73
\last@line=\box74
\maxbalancingoverflow=\dimen183
\mult@rightbox=\box75
\mult@grightbox=\box76
\mult@gfirstbox=\box77
\mult@firstbox=\box78
\@tempa=\box79
\@tempa=\box80
\@tempa=\box81
\@tempa=\box82
\@tempa=\box83
\@tempa=\box84
\@tempa=\box85
\@tempa=\box86
\@tempa=\box87
\@tempa=\box88
\@tempa=\box89
\@tempa=\box90
\@tempa=\box91
\@tempa=\box92
\@tempa=\box93
\@tempa=\box94
\@tempa=\box95
\@tempa=\box96
\@tempa=\box97
\@tempa=\box98
\@tempa=\box99
\@tempa=\box100
\@tempa=\box101
\@tempa=\box102
\@tempa=\box103
\@tempa=\box104
\@tempa=\box105
\@tempa=\box106
\@tempa=\box107
\@tempa=\box108
\@tempa=\box109
\@tempa=\box110
\@tempa=\box111
\@tempa=\box112
\@tempa=\box113
\@tempa=\box114
\@tempa=\box115
\c@minrows=\count277
\c@columnbadness=\count278
\c@finalcolumnbadness=\count279
\last@try=\dimen184
\multicolovershoot=\dimen185
\multicolundershoot=\dimen186
\mult@nat@firstbox=\box116
\colbreak@box=\box117
\mc@col@check@num=\count280
)
(/usr/local/texlive/2021/texmf-dist/tex/latex/graphics/graphicx.sty
Package: graphicx 2020/12/05 v1.2c Enhanced LaTeX Graphics (DPC,SPQR)

(/usr/local/texlive/2021/texmf-dist/tex/latex/graphics/graphics.sty
Package: graphics 2021/03/04 v1.4d Standard LaTeX Graphics (DPC,SPQR)

(/usr/local/texlive/2021/texmf-dist/tex/latex/graphics/trig.sty
Package: trig 2016/01/03 v1.10 sin cos tan (DPC)
)
(/usr/local/texlive/2021/texmf-dist/tex/latex/graphics-cfg/graphics.cfg
File: graphics.cfg 2016/06/04 v1.11 sample graphics configuration
)
Package graphics Info: Driver file: dvipdfmx.def on input line 107.
)
\Gin@req@height=\dimen187
\Gin@req@width=\dimen188
)
(./sphinxlatexgraphics.sty
File: sphinxlatexgraphics.sty 2021/01/27 graphics
\spx@image@maxheight=\dimen189
\spx@image@box=\box118
) (./sphinxpackageboxes.sty
Package: sphinxpackageboxes 2022/07/04 v5.1.0 advanced colored boxes
\spx@tempboxa=\box119
\spx@tempboxb=\box120
\spx@boxes@border=\dimen190
\spx@boxes@border@top=\dimen191
\spx@boxes@border@right=\dimen192
\spx@boxes@border@bottom=\dimen193
\spx@boxes@border@left=\dimen194
\spx@boxes@padding@top=\dimen195
\spx@boxes@padding@right=\dimen196
\spx@boxes@padding@bottom=\dimen197
\spx@boxes@padding@left=\dimen198
\spx@boxes@shadow@xoffset=\dimen199
\spx@boxes@shadow@yoffset=\dimen256
\spx@boxes@radius@topleft=\dimen257
\spx@boxes@radius@topright=\dimen258
\spx@boxes@radius@bottomright=\dimen259
\spx@boxes@radius@bottomleft=\dimen260
)
(./sphinxlatexadmonitions.sty
File: sphinxlatexadmonitions.sty 2022/07/03 admonitions

(/usr/local/texlive/2021/texmf-dist/tex/latex/framed/framed.sty
Package: framed 2011/10/22 v 0.96: framed or shaded text with page breaks
\OuterFrameSep=\skip55
\fb@frw=\dimen261
\fb@frh=\dimen262
\FrameRule=\dimen263
\FrameSep=\dimen264
))
(./sphinxlatexliterals.sty
File: sphinxlatexliterals.sty 2022/07/29 code-blocks and parsed literals

(/usr/local/texlive/2021/texmf-dist/tex/latex/fancyvrb/fancyvrb.sty
Package: fancyvrb 2021/01/20 v3.7 verbatim text (tvz,hv)
\FV@CodeLineNo=\count281
\FV@InFile=\read2
\FV@TabBox=\box121
\c@FancyVerbLine=\count282
\FV@StepNumber=\count283
\FV@OutFile=\write3
)
(/usr/local/texlive/2021/texmf-dist/tex/latex/base/alltt.sty
Package: alltt 2021/01/29 v2.0g defines alltt environment
)
(/usr/local/texlive/2021/texmf-dist/tex/latex/upquote/upquote.sty
Package: upquote 2012/04/19 v1.3 upright-quote and grave-accent glyphs in verba
tim
)
(/usr/local/texlive/2021/texmf-dist/tex/latex/needspace/needspace.sty
Package: needspace 2010/09/12 v1.3d reserve vertical space
)
\sphinxcontinuationbox=\box122
\sphinxvisiblespacebox=\box123
\sphinxVerbatim@TitleBox=\box124
\sphinxVerbatim@ContentsBox=\box125
)
(./sphinxlatexshadowbox.sty
File: sphinxlatexshadowbox.sty 2022/07/03 sphinxShadowBox
) (./sphinxlatexcontainers.sty
File: sphinxlatexcontainers.sty 2021/05/03 containers
)
(./sphinxhighlight.sty
Package: sphinxhighlight 2022/06/30 stylesheet for highlighting with pygments
) (./sphinxlatextables.sty
File: sphinxlatextables.sty 2022/08/15 tables

(/usr/local/texlive/2021/texmf-dist/tex/latex/tabulary/tabulary.sty
Package: tabulary 2014/06/11 v0.10 tabulary package (DPC)

(/usr/local/texlive/2021/texmf-dist/tex/latex/tools/array.sty
Package: array 2021/04/20 v2.5e Tabular extension package (FMi)
\col@sep=\dimen265
\ar@mcellbox=\box126
\extrarowheight=\dimen266
\NC@list=\toks26
\extratabsurround=\skip56
\backup@length=\skip57
\ar@cellbox=\box127
)
\TY@count=\count284
\TY@linewidth=\dimen267
\tymin=\dimen268
\tymax=\dimen269
\TY@tablewidth=\dimen270
)
(/usr/local/texlive/2021/texmf-dist/tex/latex/tools/longtable.sty
Package: longtable 2021-05-07 v4.16 Multi-page Table package (DPC)
\LTleft=\skip58
\LTright=\skip59
\LTpre=\skip60
\LTpost=\skip61
\LTchunksize=\count285
\LTcapwidth=\dimen271
\LT@head=\box128
\LT@firsthead=\box129
\LT@foot=\box130
\LT@lastfoot=\box131
\LT@gbox=\box132
\LT@cols=\count286
\LT@rows=\count287
\c@LT@tables=\count288
\c@LT@chunks=\count289
\LT@p@ftn=\toks27
)
(/usr/local/texlive/2021/texmf-dist/tex/latex/varwidth/varwidth.sty
Package: varwidth 2009/03/30 ver 0.92;  Variable-width minipages
\@vwid@box=\box133
\sift@deathcycles=\count290
\@vwid@loff=\dimen272
\@vwid@roff=\dimen273
)
\sphinx@TY@tablewidth=\dimen274

(/usr/local/texlive/2021/texmf-dist/tex/latex/colortbl/colortbl.sty
Package: colortbl 2020/01/04 v1.0e Color table columns (DPC)
\everycr=\toks28
\minrowclearance=\skip62
)
\rownum=\count291
)
(./sphinxlatexnumfig.sty
File: sphinxlatexnumfig.sty 2021/01/27 numbering
) (./sphinxlatexlists.sty
File: sphinxlatexlists.sty 2021/12/20 lists
\spx@lineitemlabel=\toks29
)
\c@sphinxscope=\count292
 (./sphinxpackagefootnote.sty
Package: sphinxpackagefootnote 2022/08/15 v5.3.0 Sphinx custom footnotehyper pa
ckage (Sphinx team)
\FNH@notes=\box134
\FNH@toks=\toks30
\FNH@width=\dimen275
\c@sphinxfootnotemark=\count293
) (./sphinxlatexindbibtoc.sty
File: sphinxlatexindbibtoc.sty 2021/01/27 index, bib., toc

(/usr/local/texlive/2021/texmf-dist/tex/latex/base/makeidx.sty
Package: makeidx 2014/09/29 v1.0m Standard LaTeX package
))
(./sphinxlatexstylepage.sty
File: sphinxlatexstylepage.sty 2021/01/27 page styling

(/usr/local/texlive/2021/texmf-dist/tex/latex/parskip/parskip.sty
Rollback for package 'parskip' requested -> version 'v1'.
         This corresponds to the release introduced on 2001-04-09.

(/usr/local/texlive/2021/texmf-dist/tex/latex/parskip/parskip-2001-04-09.sty
Package: parskip 2001/04/09 non-zero parskip adjustments
))
(/usr/local/texlive/2021/texmf-dist/tex/latex/fancyhdr/fancyhdr.sty
Package: fancyhdr 2021/01/28 v4.0.1 Extensive control of page headers and foote
rs
\f@nch@headwidth=\skip63
\f@nch@O@elh=\skip64
\f@nch@O@erh=\skip65
\f@nch@O@olh=\skip66
\f@nch@O@orh=\skip67
\f@nch@O@elf=\skip68
\f@nch@O@erf=\skip69
\f@nch@O@olf=\skip70
\f@nch@O@orf=\skip71
))
(./sphinxlatexstyleheadings.sty
File: sphinxlatexstyleheadings.sty 2022/08/15 headings

(/usr/local/texlive/2021/texmf-dist/tex/latex/titlesec/titlesec.sty
Package: titlesec 2021/07/05 v2.14 Sectioning titles
\ttl@box=\box135
\beforetitleunit=\skip72
\aftertitleunit=\skip73
\ttl@plus=\dimen276
\ttl@minus=\dimen277
\ttl@toksa=\toks31
\titlewidth=\dimen278
\titlewidthlast=\dimen279
\titlewidthfirst=\dimen280
))
(./sphinxlatexstyletext.sty
File: sphinxlatexstyletext.sty 2022/07/02 text styling
) (./sphinxlatexobjects.sty
File: sphinxlatexobjects.sty 2022/01/13 documentation environments
\sphinxsignaturesep=\skip74
\py@argswidth=\skip75
\lineblockindentation=\skip76
\DUlineblockindent=\skip77
))
(/usr/local/texlive/2021/texmf-dist/tex/latex/geometry/geometry.sty
Package: geometry 2020/01/02 v5.9 Page Geometry

(/usr/local/texlive/2021/texmf-dist/tex/generic/iftex/ifvtex.sty
Package: ifvtex 2019/10/25 v1.7 ifvtex legacy package. Use iftex instead.

(/usr/local/texlive/2021/texmf-dist/tex/generic/iftex/iftex.sty
Package: iftex 2020/03/06 v1.0d TeX engine tests
))
\Gm@cnth=\count294
\Gm@cntv=\count295
\c@Gm@tempcnt=\count296
\Gm@bindingoffset=\dimen281
\Gm@wd@mp=\dimen282
\Gm@odd@mp=\dimen283
\Gm@even@mp=\dimen284
\Gm@layoutwidth=\dimen285
\Gm@layoutheight=\dimen286
\Gm@layouthoffset=\dimen287
\Gm@layoutvoffset=\dimen288
\Gm@dimlist=\toks32


Package geometry Warning: Over-specification in `h'-direction.
    `width' (332.88739pt) is ignored.


Package geometry Warning: Over-specification in `v'-direction.
    `height' (537.76073pt) is ignored.

) (/usr/local/texlive/2021/texmf-dist/tex/latex/hyperref/hyperref.sty
Package: hyperref 2021-06-07 v7.00m Hypertext links for LaTeX

(/usr/local/texlive/2021/texmf-dist/tex/generic/pdftexcmds/pdftexcmds.sty
Package: pdftexcmds 2020-06-27 v0.33 Utility functions of pdfTeX for LuaTeX (HO
)

(/usr/local/texlive/2021/texmf-dist/tex/generic/infwarerr/infwarerr.sty
Package: infwarerr 2019/12/03 v1.5 Providing info/warning/error messages (HO)
)
Package pdftexcmds Info: \pdf@primitive is available.
Package pdftexcmds Info: \pdf@ifprimitive is available.
Package pdftexcmds Info: \pdfdraftmode not found.
)
(/usr/local/texlive/2021/texmf-dist/tex/generic/kvdefinekeys/kvdefinekeys.sty
Package: kvdefinekeys 2019-12-19 v1.6 Define keys (HO)
)
(/usr/local/texlive/2021/texmf-dist/tex/generic/pdfescape/pdfescape.sty
Package: pdfescape 2019/12/09 v1.15 Implements pdfTeX's escape features (HO)
)
(/usr/local/texlive/2021/texmf-dist/tex/latex/hycolor/hycolor.sty
Package: hycolor 2020-01-27 v1.10 Color options for hyperref/bookmark (HO)
)
(/usr/local/texlive/2021/texmf-dist/tex/latex/letltxmacro/letltxmacro.sty
Package: letltxmacro 2019/12/03 v1.6 Let assignment for LaTeX macros (HO)
)
(/usr/local/texlive/2021/texmf-dist/tex/latex/auxhook/auxhook.sty
Package: auxhook 2019-12-17 v1.6 Hooks for auxiliary files (HO)
)
\@linkdim=\dimen289
\Hy@linkcounter=\count297
\Hy@pagecounter=\count298

(/usr/local/texlive/2021/texmf-dist/tex/latex/hyperref/pd1enc.def
File: pd1enc.def 2021-06-07 v7.00m Hyperref: PDFDocEncoding definition (HO)
Now handling font encoding PD1 ...
... no UTF-8 mapping file for font encoding PD1
)
(/usr/local/texlive/2021/texmf-dist/tex/latex/hyperref/hyperref-langpatches.def
File: hyperref-langpatches.def 2021-06-07 v7.00m Hyperref: patches for babel la
nguages
) (/usr/local/texlive/2021/texmf-dist/tex/generic/intcalc/intcalc.sty
Package: intcalc 2019/12/15 v1.3 Expandable calculations with integers (HO)
)
(/usr/local/texlive/2021/texmf-dist/tex/generic/etexcmds/etexcmds.sty
Package: etexcmds 2019/12/15 v1.7 Avoid name clashes with e-TeX commands (HO)
)
\Hy@SavedSpaceFactor=\count299

(/usr/local/texlive/2021/texmf-dist/tex/latex/hyperref/puenc.def
File: puenc.def 2021-06-07 v7.00m Hyperref: PDF Unicode definition (HO)
Now handling font encoding PU ...
... no UTF-8 mapping file for font encoding PU
)
Package hyperref Info: Option `setpagesize' set `false' on input line 4073.
Package hyperref Info: Option `colorlinks' set `true' on input line 4073.
Package hyperref Info: Option `breaklinks' set `true' on input line 4073.
Package hyperref Info: Hyper figures OFF on input line 4192.
Package hyperref Info: Link nesting OFF on input line 4197.
Package hyperref Info: Hyper index ON on input line 4200.
Package hyperref Info: Plain pages OFF on input line 4207.
Package hyperref Info: Backreferencing OFF on input line 4212.
Package hyperref Info: Implicit mode ON; LaTeX internals redefined.
Package hyperref Info: Bookmarks ON on input line 4445.
\c@Hy@tempcnt=\count300

(/usr/local/texlive/2021/texmf-dist/tex/latex/url/url.sty
\Urlmuskip=\muskip17
Package: url 2013/09/16  ver 3.4  Verb mode for urls, etc.
)
LaTeX Info: Redefining \url on input line 4804.
\XeTeXLinkMargin=\dimen290

(/usr/local/texlive/2021/texmf-dist/tex/generic/bitset/bitset.sty
Package: bitset 2019/12/09 v1.3 Handle bit-vector datatype (HO)

(/usr/local/texlive/2021/texmf-dist/tex/generic/bigintcalc/bigintcalc.sty
Package: bigintcalc 2019/12/15 v1.5 Expandable calculations on big integers (HO
)
))
\Fld@menulength=\count301
\Field@Width=\dimen291
\Fld@charsize=\dimen292
Package hyperref Info: Hyper figures OFF on input line 6076.
Package hyperref Info: Link nesting OFF on input line 6081.
Package hyperref Info: Hyper index ON on input line 6084.
Package hyperref Info: backreferencing OFF on input line 6091.
Package hyperref Info: Link coloring ON on input line 6094.
Package hyperref Info: Link coloring with OCG OFF on input line 6101.
Package hyperref Info: PDF/A mode OFF on input line 6106.
LaTeX Info: Redefining \ref on input line 6146.
LaTeX Info: Redefining \pageref on input line 6150.
\Hy@abspage=\count302
\c@Item=\count303
\c@Hfootnote=\count304
)
Package hyperref Info: Driver: hdvipdfm.

(/usr/local/texlive/2021/texmf-dist/tex/latex/hyperref/hdvipdfm.def
File: hdvipdfm.def 2021-06-07 v7.00m Hyperref driver for dvipdfm
\pdfm@box=\box136
\c@Hy@AnnotLevel=\count305
\HyField@AnnotCount=\count306
\Fld@listcount=\count307
\c@bookmark@seq@number=\count308

(/usr/local/texlive/2021/texmf-dist/tex/latex/rerunfilecheck/rerunfilecheck.sty
Package: rerunfilecheck 2019/12/05 v1.9 Rerun checks for auxiliary files (HO)
(/usr/local/texlive/2021/texmf-dist/tex/latex/base/atveryend-ltx.sty
Package: atveryend-ltx 2020/08/19 v1.0a Emulation of the original atvery packag
e
with kernel methods
)
(/usr/local/texlive/2021/texmf-dist/tex/generic/uniquecounter/uniquecounter.sty
Package: uniquecounter 2019/12/15 v1.4 Provide unlimited unique counter (HO)
)
Package uniquecounter Info: New unique counter `rerunfilecheck' on input line 2
86.
)
\Hy@SectionHShift=\skip78
) (/usr/local/texlive/2021/texmf-dist/tex/latex/oberdiek/hypcap.sty
Package: hypcap 2016/05/16 v1.12 Adjusting the anchors of captions (HO)
)
(/usr/local/texlive/2021/texmf-dist/tex/platex/pxjahyper/pxjahyper.sty
Package: pxjahyper 2021/06/06 v0.9c

(/usr/local/texlive/2021/texmf-dist/tex/latex/etoolbox/etoolbox.sty
Package: etoolbox 2020/10/05 v2.5k e-TeX tools for LaTeX (JAW)
\etb@tempcnta=\count309
)
(/usr/local/texlive/2021/texmf-dist/tex/platex/pxjahyper/pxjahyper-enc.sty
Package: pxjahyper-enc 2021/06/06 v0.9c
)
(/usr/local/texlive/2021/texmf-dist/tex/latex/bxjatoucs/bxjatoucs.sty
Package: bxjatoucs 2019/10/20 v0.2
))
(./sphinxmessages.sty
Package: sphinxmessages 2019/01/04 v2.0 Localized LaTeX macros (Sphinx team)
)
(/usr/local/texlive/2021/texmf-dist/tex/platex/pxrubrica/pxrubrica.sty
Package: pxrubrica 2021/03/06 v1.3d PX Japanese-style ruby
\pxrr@cnta=\count310
\pxrr@cntr=\count311
\pxrr@dima=\dimen293
\pxrr@boxa=\box137
\pxrr@boxb=\box138
\pxrr@boxr=\box139
)
\@indexfile=\write4
\openout4 = `blackpoker.idx'.


Writing index file blackpoker.idx
(/usr/local/texlive/2021/texmf-dist/tex/latex/enumitem/enumitem.sty
Package: enumitem 2019/06/20 v3.9 Customized lists
\labelindent=\skip79
\enit@outerparindent=\dimen294
\enit@toks=\toks33
\enit@inbox=\box140
\enit@count@id=\count312
\enitdp@description=\count313
)
(/usr/local/texlive/2021/texmf-dist/tex/latex/l3backend/l3backend-dvipdfmx.def
File: l3backend-dvipdfmx.def 2021-07-12 L3 backend support: dvipdfmx

(|extractbb --version)
\c__kernel_sys_dvipdfmx_version_int=\count314
\l__color_backend_stack_int=\count315
\g__color_backend_stack_int=\count316
\g__graphics_track_int=\count317
\l__pdf_internal_box=\box141
\g__pdf_backend_object_int=\count318
\g__pdf_backend_annotation_int=\count319
\g__pdf_backend_link_int=\count320
) (./blackpoker.aux)
\openout1 = `blackpoker.aux'.

LaTeX Font Info:    Checking defaults for OML/cmm/m/it on input line 103.
LaTeX Font Info:    ... okay on input line 103.
LaTeX Font Info:    Checking defaults for OMS/cmsy/m/n on input line 103.
LaTeX Font Info:    ... okay on input line 103.
LaTeX Font Info:    Checking defaults for OT1/cmr/m/n on input line 103.
LaTeX Font Info:    ... okay on input line 103.
LaTeX Font Info:    Checking defaults for T1/cmr/m/n on input line 103.
LaTeX Font Info:    ... okay on input line 103.
LaTeX Font Info:    Checking defaults for TS1/cmr/m/n on input line 103.
LaTeX Font Info:    ... okay on input line 103.
LaTeX Font Info:    Checking defaults for OMX/cmex/m/n on input line 103.
LaTeX Font Info:    ... okay on input line 103.
LaTeX Font Info:    Checking defaults for U/cmr/m/n on input line 103.
LaTeX Font Info:    ... okay on input line 103.
LaTeX Font Info:    Checking defaults for JY1/mc/m/n on input line 103.
LaTeX Font Info:    ... okay on input line 103.
LaTeX Font Info:    Checking defaults for JT1/mc/m/n on input line 103.
LaTeX Font Info:    ... okay on input line 103.
LaTeX Font Info:    Checking defaults for PD1/pdf/m/n on input line 103.
LaTeX Font Info:    ... okay on input line 103.
LaTeX Font Info:    Checking defaults for PU/pdf/m/n on input line 103.
LaTeX Font Info:    ... okay on input line 103.
\c@literalblock=\count321

*geometry* detected driver: dvipdfm
*geometry* verbose mode - [ preamble ] result:
* driver: dvipdfm
* paper: a5paper
* layout: <same size as paper>
* layoutoffset:(h,v)=(0.0pt,0.0pt)
* lines: 36
* hratio: 1:1
* vratio: 1:1
* modes: twoside truedimen 
* h-part:(L,W,R)=(42.67912pt, 420.1649pt, 42.67912pt)
* v-part:(T,H,B)=(42.67912pt, 631.93808pt, 42.67912pt)
* \paperwidth=421.08852pt
* \paperheight=597.49854pt
* \textwidth=420.1649pt
* \textheight=631.93808pt
* \oddsidemargin=-44.07883pt
* \evensidemargin=-44.07883pt
* \topmargin=-78.38966pt
* \headheight=20.0pt
* \headsep=14.31084pt
* \topskip=12.76073pt
* \footskip=30.0pt
* \marginparwidth=46.23436pt
* \marginparsep=18.49374pt
* \columnsep=18.49374pt
* \skip\footins=16.0pt plus 5.0pt minus 2.0pt
* \hoffset=0.01173pt
* \voffset=0.01173pt
* \mag=833
* \@twocolumnfalse
* \@twosidetrue
* \@mparswitchtrue
* \@reversemarginfalse
* (1in=72.27pt=25.4mm, 1cm=28.453pt)

Package hyperref Info: Link coloring ON on input line 103.
(/usr/local/texlive/2021/texmf-dist/tex/latex/hyperref/nameref.sty
Package: nameref 2021-04-02 v2.47 Cross-referencing by name of section

(/usr/local/texlive/2021/texmf-dist/tex/latex/refcount/refcount.sty
Package: refcount 2019/12/15 v3.6 Data extraction from label references (HO)
)
(/usr/local/texlive/2021/texmf-dist/tex/generic/gettitlestring/gettitlestring.s
ty
Package: gettitlestring 2019/12/15 v1.6 Cleanup title references (HO)
)
\c@section@level=\count322
)
LaTeX Info: Redefining \ref on input line 103.
LaTeX Info: Redefining \pageref on input line 103.
LaTeX Info: Redefining \nameref on input line 103.
 (./blackpoker.out) (./blackpoker.out)
\@outlinefile=\write5
\openout5 = `blackpoker.out'.

File: blackpoker_logo.pdf Graphic file (type pdf)
<blackpoker_logo.pdf>
LaTeX Font Info:    Font shape `JT1/mc/m/n' will be
(Font)              scaled to size 23.90964pt on input line 115.
LaTeX Font Info:    Font shape `JY1/mc/m/n' will be
(Font)              scaled to size 23.90964pt on input line 115.
LaTeX Font Info:    Font shape `JT1/mc/b/n' in size <24.88> not available
(Font)              Font shape `JT1/mc/bx/n' tried instead on input line 115.
LaTeX Font Info:    Font shape `JT1/mc/bx/n' in size <24.88> not available
(Font)              Font shape `JT1/gt/m/n' tried instead on input line 115.
LaTeX Font Info:    Font shape `JT1/gt/m/n' will be
(Font)              scaled to size 23.90964pt on input line 115.
LaTeX Font Info:    Font shape `JY1/mc/b/n' in size <24.88> not available
(Font)              Font shape `JY1/mc/bx/n' tried instead on input line 115.
LaTeX Font Info:    Font shape `JY1/mc/bx/n' in size <24.88> not available
(Font)              Font shape `JY1/gt/m/n' tried instead on input line 115.
LaTeX Font Info:    Font shape `JY1/gt/m/n' will be
(Font)              scaled to size 23.90964pt on input line 115.
LaTeX Font Info:    Font shape `JT1/mc/m/n' will be
(Font)              scaled to size 13.83836pt on input line 116.
LaTeX Font Info:    Font shape `JY1/mc/m/n' will be
(Font)              scaled to size 13.83836pt on input line 116.
LaTeX Font Info:    Font shape `JT1/mc/m/n' will be
(Font)              scaled to size 19.9311pt on input line 119.
LaTeX Font Info:    Font shape `JY1/mc/m/n' will be
(Font)              scaled to size 19.9311pt on input line 119.
LaTeX Font Info:    Font shape `JT1/mc/m/n' will be
(Font)              scaled to size 8.64899pt on input line 124.
LaTeX Font Info:    Font shape `JY1/mc/m/n' will be
(Font)              scaled to size 8.64899pt on input line 124.
LaTeX Font Info:    Trying to load font information for TS1+qtm on input line 1
24.

(/usr/local/texlive/2021/texmf-dist/tex/latex/tex-gyre/ts1qtm.fd
File: ts1qtm.fd 2009/09/25 v1.2 font definition file for TS1/qtm
) [1


] [2

]
LaTeX Font Info:    Font shape `JT1/gt/m/n' will be
(Font)              scaled to size 9.60999pt on input line 137.
LaTeX Font Info:    Font shape `JY1/gt/m/n' will be
(Font)              scaled to size 9.60999pt on input line 137.
LaTeX Font Info:    Trying to load font information for T1+qhv on input line 13
7.

(/usr/local/texlive/2021/texmf-dist/tex/latex/tex-gyre/t1qhv.fd
File: t1qhv.fd 2009/09/25 v1.2 font definition file for T1/qhv
)
(./blackpoker.toc
LaTeX Font Info:    Font shape `JY1/mc/m/n' will be
(Font)              scaled to size 6.72699pt on input line 2.
LaTeX Font Info:    Font shape `JY1/mc/m/n' will be
(Font)              scaled to size 4.805pt on input line 2.
LaTeX Font Info:    Trying to load font information for U+msa on input line 2.

(/usr/local/texlive/2021/texmf-dist/tex/latex/amsfonts/umsa.fd
File: umsa.fd 2013/01/14 v3.01 AMS symbols A
)
LaTeX Font Info:    Trying to load font information for U+msb on input line 2.

(/usr/local/texlive/2021/texmf-dist/tex/latex/amsfonts/umsb.fd
File: umsb.fd 2013/01/14 v3.01 AMS symbols B
)
LaTeX Font Info:    Font shape `JT1/mc/b/n' in size <10> not available
(Font)              Font shape `JT1/mc/bx/n' tried instead on input line 33.
LaTeX Font Info:    Font shape `JT1/mc/bx/n' in size <10> not available
(Font)              Font shape `JT1/gt/m/n' tried instead on input line 33.
LaTeX Font Info:    Font shape `JT1/gt/m/n' will be
(Font)              scaled to size 9.60999pt on input line 33.
LaTeX Font Info:    Font shape `JY1/mc/b/n' in size <10> not available
(Font)              Font shape `JY1/mc/bx/n' tried instead on input line 33.
LaTeX Font Info:    Font shape `JY1/mc/bx/n' in size <10> not available
(Font)              Font shape `JY1/gt/m/n' tried instead on input line 33.
LaTeX Font Info:    Font shape `JY1/gt/m/n' will be
(Font)              scaled to size 9.60999pt on input line 33.
 [1


]
LaTeX Font Info:    Font shape `JT1/gt/b/n' in size <10> not available
(Font)              Font shape `JT1/gt/bx/n' tried instead on input line 77.
LaTeX Font Info:    Font shape `JT1/gt/bx/n' in size <10> not available
(Font)              Font shape `JT1/gt/m/n' tried instead on input line 77.
LaTeX Font Info:    Font shape `JT1/gt/m/n' will be
(Font)              scaled to size 9.60999pt on input line 77.
LaTeX Font Info:    Font shape `JY1/gt/b/n' in size <10> not available
(Font)              Font shape `JY1/gt/bx/n' tried instead on input line 77.
LaTeX Font Info:    Font shape `JY1/gt/bx/n' in size <10> not available
(Font)              Font shape `JY1/gt/m/n' tried instead on input line 77.
LaTeX Font Info:    Font shape `JY1/gt/m/n' will be
(Font)              scaled to size 9.60999pt on input line 77.
 [2]
[3] [4])
\tf@toc=\write6
\openout6 = `blackpoker.toc'.

 [5] [6

] [1] [2

]
第1章
LaTeX Font Info:    Font shape `JT1/gt/m/n' will be
(Font)              scaled to size 19.9311pt on input line 148.
LaTeX Font Info:    Font shape `JY1/gt/m/n' will be
(Font)              scaled to size 19.9311pt on input line 148.
LaTeX Font Info:    Font shape `JT1/gt/m/n' will be
(Font)              scaled to size 13.83836pt on input line 163.
LaTeX Font Info:    Font shape `JY1/gt/m/n' will be
(Font)              scaled to size 13.83836pt on input line 163.
LaTeX Font Info:    Font shape `JT1/gt/b/n' in size <14.4> not available
(Font)              Font shape `JT1/gt/bx/n' tried instead on input line 163.
LaTeX Font Info:    Font shape `JT1/gt/bx/n' in size <14.4> not available
(Font)              Font shape `JT1/gt/m/n' tried instead on input line 163.
LaTeX Font Info:    Font shape `JT1/gt/m/n' will be
(Font)              scaled to size 13.83836pt on input line 163.
LaTeX Font Info:    Font shape `JY1/gt/b/n' in size <14.4> not available
(Font)              Font shape `JY1/gt/bx/n' tried instead on input line 163.
LaTeX Font Info:    Font shape `JY1/gt/bx/n' in size <14.4> not available
(Font)              Font shape `JY1/gt/m/n' tried instead on input line 163.
LaTeX Font Info:    Font shape `JY1/gt/m/n' will be
(Font)              scaled to size 13.83836pt on input line 163.
LaTeX Font Info:    Trying to load font information for T1+txtt on input line 1
77.
(/usr/local/texlive/2021/texmf-dist/tex/latex/txfonts/t1txtt.fd
File: t1txtt.fd 2000/12/15 v3.1
)
File: play-image.pdf Graphic file (type pdf)
<play-image.pdf>
 [3]
LaTeX Font Info:    Font shape `JT1/gt/m/n' will be
(Font)              scaled to size 4.805pt on input line 183.
LaTeX Font Info:    Font shape `JY1/gt/m/n' will be
(Font)              scaled to size 4.805pt on input line 183.

Overfull \hbox (129.2267pt too wide) in paragraph at lines 217--219
[]
 []


Overfull \hbox (129.2267pt too wide) in paragraph at lines 221--223
[]
 []


Overfull \hbox (129.2267pt too wide) in paragraph at lines 225--227
[]
 []


Overfull \hbox (129.2267pt too wide) in paragraph at lines 229--231
[]
 []


Overfull \hbox (129.2267pt too wide) in paragraph at lines 233--235
[]
 []


Overfull \hbox (129.2267pt too wide) in paragraph at lines 237--239
[]
 []

LaTeX Font Info:    Font shape `JT1/mc/m/n' will be
(Font)              scaled to size 11.53198pt on input line 243.
LaTeX Font Info:    Font shape `JY1/mc/m/n' will be
(Font)              scaled to size 11.53198pt on input line 243.
LaTeX Font Info:    Font shape `JT1/gt/m/n' will be
(Font)              scaled to size 11.53198pt on input line 243.
LaTeX Font Info:    Font shape `JY1/gt/m/n' will be
(Font)              scaled to size 11.53198pt on input line 243.
LaTeX Font Info:    Font shape `JT1/gt/b/n' in size <12> not available
(Font)              Font shape `JT1/gt/bx/n' tried instead on input line 243.
LaTeX Font Info:    Font shape `JT1/gt/bx/n' in size <12> not available
(Font)              Font shape `JT1/gt/m/n' tried instead on input line 243.
LaTeX Font Info:    Font shape `JT1/gt/m/n' will be
(Font)              scaled to size 11.53198pt on input line 243.
LaTeX Font Info:    Font shape `JY1/gt/b/n' in size <12> not available
(Font)              Font shape `JY1/gt/bx/n' tried instead on input line 243.
LaTeX Font Info:    Font shape `JY1/gt/bx/n' in size <12> not available
(Font)              Font shape `JY1/gt/m/n' tried instead on input line 243.
LaTeX Font Info:    Font shape `JY1/gt/m/n' will be
(Font)              scaled to size 11.53198pt on input line 243.

Overfull \hbox (129.2267pt too wide) in paragraph at lines 249--251
[]
 []


Overfull \hbox (129.2267pt too wide) in paragraph at lines 256--258
[]
 []


Overfull \hbox (129.2267pt too wide) in paragraph at lines 260--262
[]
 []

[4]
Overfull \hbox (129.2267pt too wide) in paragraph at lines 273--275
[]
 []


Overfull \hbox (129.2267pt too wide) in paragraph at lines 277--280
[]
 []


Overfull \hbox (129.2267pt too wide) in paragraph at lines 282--284
[]
 []


Overfull \hbox (129.2267pt too wide) in paragraph at lines 286--288
[]
 []


Overfull \hbox (129.2267pt too wide) in paragraph at lines 290--292
[]
 []


Overfull \hbox (129.2267pt too wide) in paragraph at lines 294--296
[]
 []


Overfull \hbox (129.2267pt too wide) in paragraph at lines 298--300
[]
 []


Overfull \hbox (129.2267pt too wide) in paragraph at lines 302--304
[]
 []


Overfull \hbox (129.2267pt too wide) in paragraph at lines 306--308
[]
 []


Overfull \hbox (129.2267pt too wide) in paragraph at lines 310--312
[]
 []

[5] [6

]
第2章

Overfull \hbox (129.2267pt too wide) in paragraph at lines 346--348
[]
 []


Overfull \hbox (129.2267pt too wide) in paragraph at lines 363--365
[]
 []

[7] [8]
第3章
[9

] [10]
File: extra.pdf Graphic file (type pdf)
<extra.pdf>

Overfull \hbox (129.2267pt too wide) in paragraph at lines 839--842
[]
 []


Overfull \hbox (129.2267pt too wide) in paragraph at lines 847--849
[]
 []


Overfull \hbox (129.2267pt too wide) in paragraph at lines 854--856
[]
 []


Overfull \hbox (129.2267pt too wide) in paragraph at lines 861--863
[]
 []


Overfull \hbox (129.2267pt too wide) in paragraph at lines 868--870
[]
 []


Overfull \hbox (129.2267pt too wide) in paragraph at lines 875--878
[]
 []


Overfull \hbox (129.2267pt too wide) in paragraph at lines 883--886
[]
 []

[11]
Overfull \hbox (129.2267pt too wide) in paragraph at lines 891--893
[]
 []


Overfull \hbox (129.2267pt too wide) in paragraph at lines 904--907
[]
 []

File: plantuml-0277597f1fe8b18352cb5b3b41a13aa564f71311.pdf Graphic file (type 
pdf)
<plantuml-0277597f1fe8b18352cb5b3b41a13aa564f71311.pdf>
[12] [13]
LaTeX Font Info:    Font shape `JT1/gt/m/it' in size <10> not available
(Font)              Font shape `JT1/gt/m/n' tried instead on input line 1050.
LaTeX Font Info:    Font shape `JT1/gt/m/n' will be
(Font)              scaled to size 9.60999pt on input line 1050.
LaTeX Font Info:    Font shape `JY1/gt/m/it' in size <10> not available
(Font)              Font shape `JY1/gt/m/n' tried instead on input line 1050.
LaTeX Font Info:    Font shape `JY1/gt/m/n' will be
(Font)              scaled to size 9.60999pt on input line 1050.

Overfull \hbox (129.2267pt too wide) in paragraph at lines 1066--1071
[]
 []


Overfull \hbox (129.2267pt too wide) in paragraph at lines 1073--1078
[]
 []

File: abstract_editable_fixed.pdf Graphic file (type pdf)
<abstract_editable_fixed.pdf>

Overfull \hbox (129.2267pt too wide) in paragraph at lines 1117--1119
[]
 []


Overfull \hbox (129.2267pt too wide) in paragraph at lines 1121--1123
[]
 []


Overfull \hbox (129.2267pt too wide) in paragraph at lines 1125--1127
[]
 []

[14] [15] [16

]
第4章

Overfull \hbox (129.2267pt too wide) in paragraph at lines 1200--1204
[]
 []


Overfull \hbox (129.2267pt too wide) in paragraph at lines 1209--1211
[]
 []


Overfull \hbox (129.2267pt too wide) in paragraph at lines 1216--1219
[]
 []

[17]
Overfull \hbox (129.2267pt too wide) in paragraph at lines 1232--1234
[]
 []


Overfull \hbox (129.2267pt too wide) in paragraph at lines 1236--1239
[]
 []


Overfull \hbox (129.2267pt too wide) in paragraph at lines 1249--1253
[]
 []


Overfull \hbox (129.2267pt too wide) in paragraph at lines 1255--1258
[]
 []


Overfull \hbox (129.2267pt too wide) in paragraph at lines 1290--1292
[]
 []


Overfull \hbox (129.2267pt too wide) in paragraph at lines 1294--1296
[]
 []


Overfull \hbox (129.2267pt too wide) in paragraph at lines 1298--1300
[]
 []

[18]
File: character.pdf Graphic file (type pdf)
<character.pdf>
File: charge&drive.pdf Graphic file (type pdf)
<charge&drive.pdf>
 [19]
Overfull \hbox (129.2267pt too wide) in paragraph at lines 1405--1407
[]
 []


Overfull \hbox (129.2267pt too wide) in paragraph at lines 1412--1414
[]
 []


Overfull \hbox (129.2267pt too wide) in paragraph at lines 1419--1422
[]
 []


Overfull \hbox (129.2267pt too wide) in paragraph at lines 1427--1429
[]
 []


Overfull \hbox (129.2267pt too wide) in paragraph at lines 1434--1436
[]
 []


Overfull \hbox (129.2267pt too wide) in paragraph at lines 1485--1487
[]
 []

[20]
Overfull \hbox (129.2267pt too wide) in paragraph at lines 1519--1521
[]
 []


Overfull \hbox (129.2267pt too wide) in paragraph at lines 1526--1529
[]
 []

[21] [22

]
第5章

Overfull \hbox (129.2267pt too wide) in paragraph at lines 1617--1619
[]
 []


Overfull \hbox (129.2267pt too wide) in paragraph at lines 1624--1626
[]
 []


Overfull \hbox (129.2267pt too wide) in paragraph at lines 1631--1634
[]
 []


Overfull \hbox (129.2267pt too wide) in paragraph at lines 1642--1646
[]
 []


Overfull \hbox (131.07619pt too wide) in paragraph at lines 1647--1650
[]
 []

[23]
Overfull \hbox (131.07619pt too wide) in paragraph at lines 1652--1654
[]
 []


Overfull \hbox (129.2267pt too wide) in paragraph at lines 1664--1667
[]
 []


Overfull \hbox (129.2267pt too wide) in paragraph at lines 1675--1679
[]
 []


Overfull \hbox (129.2267pt too wide) in paragraph at lines 1684--1688
[]
 []


Overfull \hbox (129.2267pt too wide) in paragraph at lines 1693--1696
[]
 []


Overfull \hbox (129.2267pt too wide) in paragraph at lines 1701--1703
[]
 []


Overfull \hbox (129.2267pt too wide) in paragraph at lines 1708--1710
[]
 []


Overfull \hbox (129.2267pt too wide) in paragraph at lines 1715--1717
[]
 []


Overfull \hbox (129.2267pt too wide) in paragraph at lines 1722--1724
[]
 []


Overfull \hbox (129.2267pt too wide) in paragraph at lines 1729--1731
[]
 []

[24]
File: plantuml-8fc2394adc50c732a67d8e146f59a878f83db7f6.pdf Graphic file (type 
pdf)
<plantuml-8fc2394adc50c732a67d8e146f59a878f83db7f6.pdf>

Overfull \hbox (129.2267pt too wide) in paragraph at lines 1889--1891
[]
 []


Overfull \hbox (129.2267pt too wide) in paragraph at lines 1893--1895
[]
 []


Overfull \hbox (129.2267pt too wide) in paragraph at lines 1897--1899
[]
 []


Overfull \hbox (129.2267pt too wide) in paragraph at lines 1904--1907
[]
 []

[25]
File: action-request1.pdf Graphic file (type pdf)
<action-request1.pdf>
File: action-request2.pdf Graphic file (type pdf)
<action-request2.pdf>
File: action-request3.pdf Graphic file (type pdf)
<action-request3.pdf>
 [26] [27]
File: plantuml-619e0def2bccbb05dc362b64ff42db19d7ed5f15.pdf Graphic file (type 
pdf)
<plantuml-619e0def2bccbb05dc362b64ff42db19d7ed5f15.pdf>
 [28]
File: plantuml-7a9b36752e6075b8875ba8580e620f32df549a3b.pdf Graphic file (type 
pdf)
<plantuml-7a9b36752e6075b8875ba8580e620f32df549a3b.pdf>
 [29] [30] [31] [32

]
第6章

Overfull \hbox (129.2267pt too wide) in paragraph at lines 2249--2252
[]
 []


Overfull \hbox (129.2267pt too wide) in paragraph at lines 2254--2256
[]
 []


Overfull \hbox (129.2267pt too wide) in paragraph at lines 2258--2260
[]
 []

[33]
File: set-bulwork.pdf Graphic file (type pdf)
<set-bulwork.pdf>
File: set-fog.pdf Graphic file (type pdf)
<set-fog.pdf>
File: set-stage.pdf Graphic file (type pdf)
<set-stage.pdf>
 [34] [35] [36]
第7章

Overfull \hbox (129.2267pt too wide) in paragraph at lines 2538--2540
[]
 []


Overfull \hbox (129.2267pt too wide) in paragraph at lines 2542--2544
[]
 []


Overfull \hbox (129.2267pt too wide) in paragraph at lines 2546--2548
[]
 []


Overfull \hbox (129.2267pt too wide) in paragraph at lines 2558--2560
[]
 []


Overfull \hbox (129.2267pt too wide) in paragraph at lines 2562--2564
[]
 []


Overfull \hbox (129.2267pt too wide) in paragraph at lines 2566--2568
[]
 []


Overfull \hbox (129.2267pt too wide) in paragraph at lines 2570--2572
[]
 []

[37

]
LaTeX Font Info:    Font shape `JT1/gt/m/it' in size <5> not available
(Font)              Font shape `JT1/gt/m/n' tried instead on input line 2627.
LaTeX Font Info:    Font shape `JT1/gt/m/n' will be
(Font)              scaled to size 4.805pt on input line 2627.
LaTeX Font Info:    Font shape `JY1/gt/m/it' in size <5> not available
(Font)              Font shape `JY1/gt/m/n' tried instead on input line 2627.
LaTeX Font Info:    Font shape `JY1/gt/m/n' will be
(Font)              scaled to size 4.805pt on input line 2627.

Underfull \vbox (badness 10000) detected at line 2780
 []

[38] [39] [40]
LaTeX Font Info:    Font shape `JT1/gt/b/n' in size <5> not available
(Font)              Font shape `JT1/gt/bx/n' tried instead on input line 3167.
LaTeX Font Info:    Font shape `JT1/gt/bx/n' in size <5> not available
(Font)              Font shape `JT1/gt/m/n' tried instead on input line 3167.
LaTeX Font Info:    Font shape `JT1/gt/m/n' will be
(Font)              scaled to size 4.805pt on input line 3167.
LaTeX Font Info:    Font shape `JY1/gt/b/n' in size <5> not available
(Font)              Font shape `JY1/gt/bx/n' tried instead on input line 3167.
LaTeX Font Info:    Font shape `JY1/gt/bx/n' in size <5> not available
(Font)              Font shape `JY1/gt/m/n' tried instead on input line 3167.
LaTeX Font Info:    Font shape `JY1/gt/m/n' will be
(Font)              scaled to size 4.805pt on input line 3167.
 [41] [42] [43] [44] [45] [46] [47] [48] [49] [50] [51] [52]
[53] [54] [55] [56] [57] [58]
第8章

Overfull \hbox (129.2267pt too wide) in paragraph at lines 6408--6411
[]
 []


Overfull \hbox (129.2267pt too wide) in paragraph at lines 6413--6415
[]
 []


Overfull \hbox (129.2267pt too wide) in paragraph at lines 6417--6419
[]
 []


Overfull \hbox (129.2267pt too wide) in paragraph at lines 6421--6423
[]
 []


Overfull \hbox (129.2267pt too wide) in paragraph at lines 6425--6427
[]
 []


Overfull \hbox (129.2267pt too wide) in paragraph at lines 6429--6431
[]
 []


Overfull \hbox (129.2267pt too wide) in paragraph at lines 6433--6435
[]
 []

[59

]
File: entry.pdf Graphic file (type pdf)
<entry.pdf>
 [60]
File: pack.pdf Graphic file (type pdf)
<pack.pdf>
 [61]
File: rarePack.pdf Graphic file (type pdf)
<rarePack.pdf>
 [62]
File: rarePack.pdf Graphic file (type pdf)
<rarePack.pdf>
 [63] [64]
File: extra.pdf Graphic file (type pdf)
<extra.pdf>
 [65] [66]
Underfull \vbox (badness 10000) detected at line 7597
 []


Underfull \vbox (badness 10000) detected at line 7597
 []


Overfull \vbox (2.23927pt too high) has occurred while \output is active []


[67] [68] [69] [70]

Package hyperref Warning: Token not allowed in a PDF string (PDFDocEncoding):
(hyperref)                removing `\spadesuit' on input line 8174.

[71]

Package hyperref Warning: Token not allowed in a PDF string (PDFDocEncoding):
(hyperref)                removing `\spadesuit' on input line 8251.


Package hyperref Warning: Token not allowed in a PDF string (PDFDocEncoding):
(hyperref)                removing `\spadesuit' on input line 8341.


Package hyperref Warning: Token not allowed in a PDF string (PDFDocEncoding):
(hyperref)                removing `\spadesuit' on input line 8420.

[72]

Package hyperref Warning: Token not allowed in a PDF string (PDFDocEncoding):
(hyperref)                removing `\spadesuit' on input line 8500.

[73]

Package hyperref Warning: Token not allowed in a PDF string (PDFDocEncoding):
(hyperref)                removing `\spadesuit' on input line 8657.


Package hyperref Warning: Token not allowed in a PDF string (PDFDocEncoding):
(hyperref)                removing `\spadesuit' on input line 8740.


Package hyperref Warning: Token not allowed in a PDF string (PDFDocEncoding):
(hyperref)                removing `\spadesuit' on input line 8820.

[74] [75]

Package hyperref Warning: Token not allowed in a PDF string (PDFDocEncoding):
(hyperref)                removing `\spadesuit' on input line 9130.

[76]

Package hyperref Warning: Token not allowed in a PDF string (PDFDocEncoding):
(hyperref)                removing `\heartsuit' on input line 9300.


Package hyperref Warning: Token not allowed in a PDF string (PDFDocEncoding):
(hyperref)                removing `\heartsuit' on input line 9377.


Package hyperref Warning: Token not allowed in a PDF string (PDFDocEncoding):
(hyperref)                removing `\heartsuit' on input line 9467.

[77]

Package hyperref Warning: Token not allowed in a PDF string (PDFDocEncoding):
(hyperref)                removing `\heartsuit' on input line 9546.


Package hyperref Warning: Token not allowed in a PDF string (PDFDocEncoding):
(hyperref)                removing `\heartsuit' on input line 9638.

[78]

Package hyperref Warning: Token not allowed in a PDF string (PDFDocEncoding):
(hyperref)                removing `\heartsuit' on input line 9733.


Package hyperref Warning: Token not allowed in a PDF string (PDFDocEncoding):
(hyperref)                removing `\heartsuit' on input line 9895.

[79]

Package hyperref Warning: Token not allowed in a PDF string (PDFDocEncoding):
(hyperref)                removing `\heartsuit' on input line 9981.

[80]

Package hyperref Warning: Token not allowed in a PDF string (PDFDocEncoding):
(hyperref)                removing `\heartsuit' on input line 10318.

[81]

Package hyperref Warning: Token not allowed in a PDF string (PDFDocEncoding):
(hyperref)                removing `\diamondsuit' on input line 10414.

[82]

Package hyperref Warning: Token not allowed in a PDF string (PDFDocEncoding):
(hyperref)                removing `\diamondsuit' on input line 10574.


Package hyperref Warning: Token not allowed in a PDF string (PDFDocEncoding):
(hyperref)                removing `\diamondsuit' on input line 10658.


Package hyperref Warning: Token not allowed in a PDF string (PDFDocEncoding):
(hyperref)                removing `\diamondsuit' on input line 10737.

[83]

Package hyperref Warning: Token not allowed in a PDF string (PDFDocEncoding):
(hyperref)                removing `\diamondsuit' on input line 10826.


Package hyperref Warning: Token not allowed in a PDF string (PDFDocEncoding):
(hyperref)                removing `\diamondsuit' on input line 10912.

[84]

Package hyperref Warning: Token not allowed in a PDF string (PDFDocEncoding):
(hyperref)                removing `\diamondsuit' on input line 11013.


Package hyperref Warning: Token not allowed in a PDF string (PDFDocEncoding):
(hyperref)                removing `\diamondsuit' on input line 11164.

[85] [86]

Package hyperref Warning: Token not allowed in a PDF string (PDFDocEncoding):
(hyperref)                removing `\clubsuit' on input line 11588.

[87]

Package hyperref Warning: Token not allowed in a PDF string (PDFDocEncoding):
(hyperref)                removing `\clubsuit' on input line 11677.


Package hyperref Warning: Token not allowed in a PDF string (PDFDocEncoding):
(hyperref)                removing `\clubsuit' on input line 11756.

[88]

Package hyperref Warning: Token not allowed in a PDF string (PDFDocEncoding):
(hyperref)                removing `\clubsuit' on input line 11916.


Package hyperref Warning: Token not allowed in a PDF string (PDFDocEncoding):
(hyperref)                removing `\clubsuit' on input line 11999.

[89]

Package hyperref Warning: Token not allowed in a PDF string (PDFDocEncoding):
(hyperref)                removing `\clubsuit' on input line 12094.


Package hyperref Warning: Token not allowed in a PDF string (PDFDocEncoding):
(hyperref)                removing `\clubsuit' on input line 12174.


Package hyperref Warning: Token not allowed in a PDF string (PDFDocEncoding):
(hyperref)                removing `\clubsuit' on input line 12262.

[90] [91]

Package hyperref Warning: Token not allowed in a PDF string (PDFDocEncoding):
(hyperref)                removing `\spadesuit' on input line 12641.

[92]

Package hyperref Warning: Token not allowed in a PDF string (PDFDocEncoding):
(hyperref)                removing `\spadesuit' on input line 12724.


Package hyperref Warning: Token not allowed in a PDF string (PDFDocEncoding):
(hyperref)                removing `\heartsuit' on input line 12813.

[93]

Package hyperref Warning: Token not allowed in a PDF string (PDFDocEncoding):
(hyperref)                removing `\heartsuit' on input line 12902.


Package hyperref Warning: Token not allowed in a PDF string (PDFDocEncoding):
(hyperref)                removing `\diamondsuit' on input line 12997.

[94]

Package hyperref Warning: Token not allowed in a PDF string (PDFDocEncoding):
(hyperref)                removing `\clubsuit' on input line 13080.

[95] [96] [97]

Package hyperref Warning: Token not allowed in a PDF string (PDFDocEncoding):
(hyperref)                removing `\spadesuit' on input line 13650.

File: Pictorial_Key_to_the_Tarot_Swords_01.jpg Graphic file (type bmp)
<Pictorial_Key_to_the_Tarot_Swords_01.jpg>

Package hyperref Warning: Token not allowed in a PDF string (PDFDocEncoding):
(hyperref)                removing `\spadesuit' on input line 13766.

[98]
File: Pictorial_Key_to_the_Tarot_Swords_02.jpg Graphic file (type bmp)
<Pictorial_Key_to_the_Tarot_Swords_02.jpg>


Package hyperref Warning: Token not allowed in a PDF string (PDFDocEncoding):
(hyperref)                removing `\spadesuit' on input line 13880.

File: Pictorial_Key_to_the_Tarot_Swords_03.jpg Graphic file (type bmp)
<Pictorial_Key_to_the_Tarot_Swords_03.jpg>
[99]

Package hyperref Warning: Token not allowed in a PDF string (PDFDocEncoding):
(hyperref)                removing `\spadesuit' on input line 13990.

File: Pictorial_Key_to_the_Tarot_Swords_04.jpg Graphic file (type bmp)
<Pictorial_Key_to_the_Tarot_Swords_04.jpg>
[100]

Package hyperref Warning: Token not allowed in a PDF string (PDFDocEncoding):
(hyperref)                removing `\spadesuit' on input line 14104.

File: Pictorial_Key_to_the_Tarot_Swords_05.jpg Graphic file (type bmp)
<Pictorial_Key_to_the_Tarot_Swords_05.jpg>

Package hyperref Warning: Token not allowed in a PDF string (PDFDocEncoding):
(hyperref)                removing `\spadesuit' on input line 14214.

File: Pictorial_Key_to_the_Tarot_Swords_07.jpg Graphic file (type bmp)
<Pictorial_Key_to_the_Tarot_Swords_07.jpg>
[101]

Package hyperref Warning: Token not allowed in a PDF string (PDFDocEncoding):
(hyperref)                removing `\spadesuit' on input line 14324.

File: Pictorial_Key_to_the_Tarot_20_Judgement.jpg Graphic file (type bmp)
<Pictorial_Key_to_the_Tarot_20_Judgement.jpg>
[102]

Package hyperref Warning: Token not allowed in a PDF string (PDFDocEncoding):
(hyperref)                removing `\spadesuit' on input line 14455.

File: Pictorial_Key_to_the_Tarot_04_The_Emperor.jpg Graphic file (type bmp)
<Pictorial_Key_to_the_Tarot_04_The_Emperor.jpg>
[103]

Package hyperref Warning: Token not allowed in a PDF string (PDFDocEncoding):
(hyperref)                removing `\heartsuit' on input line 14578.

File: Pictorial_Key_to_the_Tarot_Cups_02.jpg Graphic file (type bmp)
<Pictorial_Key_to_the_Tarot_Cups_02.jpg>
[104]

Package hyperref Warning: Token not allowed in a PDF string (PDFDocEncoding):
(hyperref)                removing `\heartsuit' on input line 14688.

File: Pictorial_Key_to_the_Tarot_Cups_03.jpg Graphic file (type bmp)
<Pictorial_Key_to_the_Tarot_Cups_03.jpg>

Package hyperref Warning: Token not allowed in a PDF string (PDFDocEncoding):
(hyperref)                removing `\heartsuit' on input line 14805.

[105]
File: Pictorial_Key_to_the_Tarot_Cups_04.jpg Graphic file (type bmp)
<Pictorial_Key_to_the_Tarot_Cups_04.jpg>


Package hyperref Warning: Token not allowed in a PDF string (PDFDocEncoding):
(hyperref)                removing `\heartsuit' on input line 14915.

File: Pictorial_Key_to_the_Tarot_Cups_05.jpg Graphic file (type bmp)
<Pictorial_Key_to_the_Tarot_Cups_05.jpg>
[106]

Package hyperref Warning: Token not allowed in a PDF string (PDFDocEncoding):
(hyperref)                removing `\heartsuit' on input line 15025.

File: Pictorial_Key_to_the_Tarot_Cups_07.jpg Graphic file (type bmp)
<Pictorial_Key_to_the_Tarot_Cups_07.jpg>

Package hyperref Warning: Token not allowed in a PDF string (PDFDocEncoding):
(hyperref)                removing `\heartsuit' on input line 15139.

[107]
File: Pictorial_Key_to_the_Tarot_Cups_08.jpg Graphic file (type bmp)
<Pictorial_Key_to_the_Tarot_Cups_08.jpg>


Package hyperref Warning: Token not allowed in a PDF string (PDFDocEncoding):
(hyperref)                removing `\heartsuit' on input line 15249.

File: Pictorial_Key_to_the_Tarot_07_The_Chariot.jpg Graphic file (type bmp)
<Pictorial_Key_to_the_Tarot_07_The_Chariot.jpg>
[108]

Package hyperref Warning: Token not allowed in a PDF string (PDFDocEncoding):
(hyperref)                removing `\heartsuit' on input line 15383.

File: Pictorial_Key_to_the_Tarot_08_Strength.jpg Graphic file (type bmp)
<Pictorial_Key_to_the_Tarot_08_Strength.jpg>
[109]

Package hyperref Warning: Token not allowed in a PDF string (PDFDocEncoding):
(hyperref)                removing `\diamondsuit' on input line 15502.

File: Pictorial_Key_to_the_Tarot_Pentacles_01.jpg Graphic file (type bmp)
<Pictorial_Key_to_the_Tarot_Pentacles_01.jpg>

Package hyperref Warning: Token not allowed in a PDF string (PDFDocEncoding):
(hyperref)                removing `\diamondsuit' on input line 15616.

[110]
File: Pictorial_Key_to_the_Tarot_Pentacles_03.jpg Graphic file (type bmp)
<Pictorial_Key_to_the_Tarot_Pentacles_03.jpg>


Package hyperref Warning: Token not allowed in a PDF string (PDFDocEncoding):
(hyperref)                removing `\diamondsuit' on input line 15730.

File: Pictorial_Key_to_the_Tarot_Pentacles_04.jpg Graphic file (type bmp)
<Pictorial_Key_to_the_Tarot_Pentacles_04.jpg>
[111]

Package hyperref Warning: Token not allowed in a PDF string (PDFDocEncoding):
(hyperref)                removing `\diamondsuit' on input line 15840.

File: Pictorial_Key_to_the_Tarot_Pentacles_05.jpg Graphic file (type bmp)
<Pictorial_Key_to_the_Tarot_Pentacles_05.jpg>
[112]

Package hyperref Warning: Token not allowed in a PDF string (PDFDocEncoding):
(hyperref)                removing `\diamondsuit' on input line 15953.

File: Pictorial_Key_to_the_Tarot_Pentacles_08.jpg Graphic file (type bmp)
<Pictorial_Key_to_the_Tarot_Pentacles_08.jpg>

Package hyperref Warning: Token not allowed in a PDF string (PDFDocEncoding):
(hyperref)                removing `\diamondsuit' on input line 16063.

[113]
File: Pictorial_Key_to_the_Tarot_Pentacles_09.jpg Graphic file (type bmp)
<Pictorial_Key_to_the_Tarot_Pentacles_09.jpg>


Package hyperref Warning: Token not allowed in a PDF string (PDFDocEncoding):
(hyperref)                removing `\diamondsuit' on input line 16177.

File: Pictorial_Key_to_the_Tarot_02_The_High_Priestess.jpg Graphic file (type b
mp)
<Pictorial_Key_to_the_Tarot_02_The_High_Priestess.jpg>
[114]

Package hyperref Warning: Token not allowed in a PDF string (PDFDocEncoding):
(hyperref)                removing `\clubsuit' on input line 16312.

File: Pictorial_Key_to_the_Tarot_Wands_04.jpg Graphic file (type bmp)
<Pictorial_Key_to_the_Tarot_Wands_04.jpg>
[115]

Package hyperref Warning: Token not allowed in a PDF string (PDFDocEncoding):
(hyperref)                removing `\clubsuit' on input line 16426.

File: Pictorial_Key_to_the_Tarot_Wands_05.jpg Graphic file (type bmp)
<Pictorial_Key_to_the_Tarot_Wands_05.jpg>

Package hyperref Warning: Token not allowed in a PDF string (PDFDocEncoding):
(hyperref)                removing `\clubsuit' on input line 16540.

[116]
File: Pictorial_Key_to_the_Tarot_Wands_07.jpg Graphic file (type bmp)
<Pictorial_Key_to_the_Tarot_Wands_07.jpg>


Package hyperref Warning: Token not allowed in a PDF string (PDFDocEncoding):
(hyperref)                removing `\clubsuit' on input line 16650.

File: Pictorial_Key_to_the_Tarot_Wands_08.jpg Graphic file (type bmp)
<Pictorial_Key_to_the_Tarot_Wands_08.jpg>
[117]

Package hyperref Warning: Token not allowed in a PDF string (PDFDocEncoding):
(hyperref)                removing `\clubsuit' on input line 16760.

File: Pictorial_Key_to_the_Tarot_Wands_09.jpg Graphic file (type bmp)
<Pictorial_Key_to_the_Tarot_Wands_09.jpg>

Package hyperref Warning: Token not allowed in a PDF string (PDFDocEncoding):
(hyperref)                removing `\clubsuit' on input line 16870.

[118]
File: Pictorial_Key_to_the_Tarot_Wands_10.jpg Graphic file (type bmp)
<Pictorial_Key_to_the_Tarot_Wands_10.jpg>


Package hyperref Warning: Token not allowed in a PDF string (PDFDocEncoding):
(hyperref)                removing `\clubsuit' on input line 16980.

File: Pictorial_Key_to_the_Tarot_13_Death.jpg Graphic file (type bmp)
<Pictorial_Key_to_the_Tarot_13_Death.jpg>
[119] [120]
第9章
File: plantuml-a48ae812b7928018b87aae8625516edb5582f1c3.pdf Graphic file (type 
pdf)
<plantuml-a48ae812b7928018b87aae8625516edb5582f1c3.pdf>
[121

] [122]
File: abstract.pdf Graphic file (type pdf)
<abstract.pdf>
File: plantuml-23dc00db4b4de1657caa1d69096791c744461298.pdf Graphic file (type 
pdf)
<plantuml-23dc00db4b4de1657caa1d69096791c744461298.pdf>
 [123]
Overfull \hbox (129.2267pt too wide) in paragraph at lines 17404--17406
[]
 []


Overfull \hbox (129.2267pt too wide) in paragraph at lines 17408--17410
[]
 []


Overfull \hbox (129.2267pt too wide) in paragraph at lines 17424--17426
[]
 []


Overfull \hbox (129.2267pt too wide) in paragraph at lines 17428--17430
[]
 []


Overfull \hbox (129.2267pt too wide) in paragraph at lines 17446--17449
[]
 []


Overfull \hbox (131.07619pt too wide) in paragraph at lines 17449--17450
[]
 []


Overfull \hbox (129.2267pt too wide) in paragraph at lines 17470--17473
[]
 []


Overfull \hbox (131.07619pt too wide) in paragraph at lines 17473--17474
[]
 []

[124]
Overfull \hbox (129.2267pt too wide) in paragraph at lines 17527--17528
[]
 []


Overfull \hbox (129.2267pt too wide) in paragraph at lines 17554--17556
[]
 []


Overfull \hbox (129.2267pt too wide) in paragraph at lines 17558--17560
[]
 []


Overfull \hbox (129.2267pt too wide) in paragraph at lines 17562--17564
[]
 []


Overfull \hbox (129.2267pt too wide) in paragraph at lines 17566--17568
[]
 []

[125]
Overfull \hbox (129.2267pt too wide) in paragraph at lines 17579--17582
[]
 []


Overfull \hbox (129.2267pt too wide) in paragraph at lines 17584--17586
[]
 []


Overfull \hbox (129.2267pt too wide) in paragraph at lines 17597--17599
[]
 []


Overfull \hbox (129.2267pt too wide) in paragraph at lines 17604--17607
[]
 []


Overfull \hbox (129.2267pt too wide) in paragraph at lines 17612--17615
[]
 []

File: plantuml-e3598ea29fb852c45136cb979c397a63a8586247.pdf Graphic file (type 
pdf)
<plantuml-e3598ea29fb852c45136cb979c397a63a8586247.pdf>
[126]
File: plantuml-5e71291ebc7e6c2d8f01e965121a5a06f8f0bda4.pdf Graphic file (type 
pdf)
<plantuml-5e71291ebc7e6c2d8f01e965121a5a06f8f0bda4.pdf>
File: plantuml-7c9994aa40110a332ad4ea7418609bbeec92151d.pdf Graphic file (type 
pdf)
<plantuml-7c9994aa40110a332ad4ea7418609bbeec92151d.pdf>

Overfull \hbox (129.2267pt too wide) in paragraph at lines 17687--17689
[]
 []


Overfull \hbox (129.2267pt too wide) in paragraph at lines 17691--17693
[]
 []


Overfull \hbox (129.2267pt too wide) in paragraph at lines 17695--17698
[]
 []


Overfull \hbox (129.2267pt too wide) in paragraph at lines 17700--17702
[]
 []

[127]
Overfull \hbox (129.2267pt too wide) in paragraph at lines 17704--17709
[]
 []


Overfull \hbox (129.2267pt too wide) in paragraph at lines 17715--17719
[]
 []


Overfull \hbox (129.2267pt too wide) in paragraph at lines 17721--17723
[]
 []

[128]
Overfull \hbox (129.2267pt too wide) in paragraph at lines 17727--17731
[]
 []


Overfull \hbox (129.2267pt too wide) in paragraph at lines 17739--17741
[]
 []


Overfull \hbox (129.2267pt too wide) in paragraph at lines 17743--17745
[]
 []


Overfull \hbox (129.2267pt too wide) in paragraph at lines 17747--17749
[]
 []


Overfull \hbox (129.2267pt too wide) in paragraph at lines 17751--17753
[]
 []


Overfull \hbox (129.2267pt too wide) in paragraph at lines 17755--17757
[]
 []


Overfull \hbox (129.2267pt too wide) in paragraph at lines 17759--17761
[]
 []


Overfull \hbox (129.2267pt too wide) in paragraph at lines 17763--17768
[]
 []


Overfull \hbox (129.2267pt too wide) in paragraph at lines 17775--17778
[]
 []

File: plantuml-db20683e56afd11564804a24593b1871a9c0a1d3.pdf Graphic file (type 
pdf)
<plantuml-db20683e56afd11564804a24593b1871a9c0a1d3.pdf>

Overfull \hbox (129.2267pt too wide) in paragraph at lines 17809--17812
[]
 []

[129] [130]
Overfull \hbox (129.2267pt too wide) in paragraph at lines 17814--17817
[]
 []


Overfull \hbox (129.2267pt too wide) in paragraph at lines 17819--17823
[]
 []


Overfull \hbox (129.2267pt too wide) in paragraph at lines 17825--17829
[]
 []


Overfull \hbox (129.2267pt too wide) in paragraph at lines 17831--17834
[]
 []


Overfull \hbox (129.2267pt too wide) in paragraph at lines 17836--17839
[]
 []


Overfull \hbox (129.2267pt too wide) in paragraph at lines 17841--17844
[]
 []


Overfull \hbox (129.2267pt too wide) in paragraph at lines 17846--17850
[]
 []


Overfull \hbox (129.2267pt too wide) in paragraph at lines 17852--17856
[]
 []


Overfull \hbox (129.2267pt too wide) in paragraph at lines 17858--17861
[]
 []


Overfull \hbox (129.2267pt too wide) in paragraph at lines 17863--17866
[]
 []


Overfull \hbox (129.2267pt too wide) in paragraph at lines 17868--17871
[]
 []

[131]
File: plantuml-02291886d50a3eb3c98eef25815b7b266ee92b52.pdf Graphic file (type 
pdf)
<plantuml-02291886d50a3eb3c98eef25815b7b266ee92b52.pdf>

Overfull \hbox (129.2267pt too wide) in paragraph at lines 17897--17900
[]
 []


Overfull \hbox (129.2267pt too wide) in paragraph at lines 17902--17906
[]
 []


Overfull \hbox (129.2267pt too wide) in paragraph at lines 17908--17911
[]
 []


Overfull \hbox (129.2267pt too wide) in paragraph at lines 17913--17916
[]
 []


Overfull \hbox (129.2267pt too wide) in paragraph at lines 17918--17921
[]
 []


Overfull \hbox (129.2267pt too wide) in paragraph at lines 17923--17927
[]
 []

[132]
Overfull \hbox (129.2267pt too wide) in paragraph at lines 17929--17932
[]
 []


Overfull \hbox (129.2267pt too wide) in paragraph at lines 17934--17936
[]
 []


Overfull \hbox (129.2267pt too wide) in paragraph at lines 17938--17940
[]
 []


Overfull \hbox (129.2267pt too wide) in paragraph at lines 17942--17945
[]
 []


Overfull \hbox (129.2267pt too wide) in paragraph at lines 17947--17950
[]
 []


Overfull \hbox (129.2267pt too wide) in paragraph at lines 17952--17955
[]
 []


Overfull \hbox (131.07619pt too wide) in paragraph at lines 17984--17985
[]
 []


Overfull \hbox (131.07619pt too wide) in paragraph at lines 17995--17996
[]
 []


Overfull \hbox (131.07619pt too wide) in paragraph at lines 18006--18007
[]
 []

[133]
Overfull \hbox (123.6788pt too wide) in paragraph at lines 18027--18029
[]
 []


Overfull \hbox (123.6788pt too wide) in paragraph at lines 18034--18036
[]
 []


Overfull \hbox (123.6788pt too wide) in paragraph at lines 18041--18043
[]
 []


Overfull \hbox (131.07619pt too wide) in paragraph at lines 18063--18065
[]
 []


Overfull \hbox (131.07619pt too wide) in paragraph at lines 18070--18072
[]
 []


Overfull \hbox (131.07619pt too wide) in paragraph at lines 18077--18079
[]
 []


Overfull \hbox (131.07619pt too wide) in paragraph at lines 18084--18086
[]
 []

[134] [135] [136

]
第10章

Overfull \hbox (129.2267pt too wide) in paragraph at lines 18111--18113
[]
 []


Overfull \hbox (129.2267pt too wide) in paragraph at lines 18115--18117
[]
 []


Overfull \hbox (129.2267pt too wide) in paragraph at lines 18131--18133
[]
 []


Underfull \hbox (badness 10000) in paragraph at lines 18131--18133
[][]$\T1/qtm/m/n/10 https : / / blackpoker . github . io / BlackPoker / BlackPo
ker / issue363 / actionlist / html / all . html ? format =
 []


Overfull \hbox (129.2267pt too wide) in paragraph at lines 18135--18137
[]
 []


Underfull \hbox (badness 10000) in paragraph at lines 18138--18140
[][][]$\T1/qtm/m/n/10 https : / / blackpoker . github . io / BlackPoker / Black
Poker / issue363 / actionlist / pdf / blackpoker-[]lite-[]2up .
 []


Overfull \hbox (129.2267pt too wide) in paragraph at lines 18147--18149
[]
 []


Underfull \hbox (badness 10000) in paragraph at lines 18147--18149
[][]$\T1/qtm/m/n/10 https : / / blackpoker . github . io / BlackPoker / BlackPo
ker / issue363 / actionlist / html / all . html ? format =
 []


Overfull \hbox (129.2267pt too wide) in paragraph at lines 18151--18153
[]
 []


Underfull \hbox (badness 10000) in paragraph at lines 18154--18156
[][][]$\T1/qtm/m/n/10 https : / / blackpoker . github . io / BlackPoker / Black
Poker / issue363 / actionlist / pdf /
 []

[137]
Overfull \hbox (129.2267pt too wide) in paragraph at lines 18167--18169
[]
 []


Underfull \hbox (badness 10000) in paragraph at lines 18167--18169
[][]$\T1/qtm/m/n/10 https : / / blackpoker . github . io / BlackPoker / BlackPo
ker / issue363 / actionlist / html / all . html ? format =
 []


Underfull \hbox (badness 10000) in paragraph at lines 18167--18169
\T1/qtm/m/n/10 %E3 % 83 % 9E % E3 % 82 % B9 % E3 % 82 % BF % E3 % 83 % BC & fra
me = %E3 % 82 % A8 % E3 % 82 %
 []


Overfull \hbox (129.2267pt too wide) in paragraph at lines 18179--18181
[]
 []


Overfull \hbox (129.2267pt too wide) in paragraph at lines 18183--18185
[]
 []


Underfull \hbox (badness 10000) in paragraph at lines 18186--18188
[][][]$\T1/qtm/m/n/10 https : / / blackpoker . github . io / BlackPoker / Black
Poker / issue363 / actionlist / pdf /
 []

[138]
第11章
[139

] [140

]
第12章
[141] [142] [143] [144] [145] [146] [147]

Package hyperref Warning: Token not allowed in a PDF string (PDFDocEncoding):
(hyperref)                removing `math shift' on input line 18875.


Package hyperref Warning: Token not allowed in a PDF string (PDFDocEncoding):
(hyperref)                removing `\rightarrow' on input line 18875.


Package hyperref Warning: Token not allowed in a PDF string (PDFDocEncoding):
(hyperref)                removing `math shift' on input line 18875.


Package hyperref Warning: Token not allowed in a PDF string (PDFDocEncoding):
(hyperref)                removing `\rightarrow' on input line 18875.

[148] [149


] [150] [151] [152]
Overfull \hbox (129.2267pt too wide) in paragraph at lines 19641--19642
[]
 []


Overfull \hbox (129.2267pt too wide) in paragraph at lines 19652--19653
[]
 []

[153]
Overfull \hbox (129.2267pt too wide) in paragraph at lines 19683--19684
[]
 []


Overfull \hbox (129.2267pt too wide) in paragraph at lines 19706--19707
[]
 []

[154] [155] [156]
File: blackpoker_logo.pdf Graphic file (type pdf)
<blackpoker_logo.pdf>
 [157

] (./blackpoker.ind [158] [159


] [160])
LaTeX Font Info:    Font shape `JT1/mc/b/n' in size <12> not available
(Font)              Font shape `JT1/mc/bx/n' tried instead on input line 20111.

LaTeX Font Info:    Font shape `JT1/mc/bx/n' in size <12> not available
(Font)              Font shape `JT1/gt/m/n' tried instead on input line 20111.
LaTeX Font Info:    Font shape `JT1/gt/m/n' will be
(Font)              scaled to size 11.53198pt on input line 20111.
LaTeX Font Info:    Font shape `JY1/mc/b/n' in size <12> not available
(Font)              Font shape `JY1/mc/bx/n' tried instead on input line 20111.

LaTeX Font Info:    Font shape `JY1/mc/bx/n' in size <12> not available
(Font)              Font shape `JY1/gt/m/n' tried instead on input line 20111.
LaTeX Font Info:    Font shape `JY1/gt/m/n' will be
(Font)              scaled to size 11.53198pt on input line 20111.
LaTeX Font Info:    Font shape `JY1/mc/m/n' will be
(Font)              scaled to size 5.76599pt on input line 20115.
 [161


]
(./blackpoker.aux)
Package rerunfilecheck Info: File `blackpoker.out' has not changed.
(rerunfilecheck)             Checksum: ABBCBE43E5271004E08E292793ECC4CB;37774.
 ) 
Here is how much of TeX's memory you used:
 17153 strings out of 480496
 290596 string characters out of 5899437
 690944 words of memory out of 5000000
 34746 multiletter control sequences out of 15000+600000
 511823 words of font info for 128 fonts, out of 8000000 for 9000
 20 hyphenation exceptions out of 8191
 72i,15n,80p,760b,744s stack positions out of 5000i,500n,10000p,200000b,80000s

Output written on blackpoker.dvi (169 pages, 834236 bytes).
