%このファイルは日本語文字を含みます.
\BOOKMARK [0][-]{chapter.1}{はじめに}{}% 1
\BOOKMARK [1][-]{section.1.1}{BlackPokerとは}{chapter.1}% 2
\BOOKMARK [1][-]{section.1.2}{きっかけ}{chapter.1}% 3
\BOOKMARK [1][-]{section.1.3}{ゲームのストーリー}{chapter.1}% 4
\BOOKMARK [1][-]{section.1.4}{読み方}{chapter.1}% 5
\BOOKMARK [2][-]{subsection.1.4.1}{用途別読み方}{section.1.4}% 6
\BOOKMARK [1][-]{section.1.5}{ルール指針}{chapter.1}% 7
\BOOKMARK [0][-]{chapter.2}{対戦レギュレーション}{}% 8
\BOOKMARK [1][-]{section.2.1}{対戦レギュレーションとは}{chapter.2}% 9
\BOOKMARK [1][-]{section.2.2}{定義項目}{chapter.2}% 10
\BOOKMARK [2][-]{subsection.2.2.1}{対戦レギュレーションの表記}{section.2.2}% 11
\BOOKMARK [1][-]{section.2.3}{対戦レギュレーションの決め方}{chapter.2}% 12
\BOOKMARK [0][-]{chapter.3}{共通ルール: 基本}{}% 13
\BOOKMARK [1][-]{section.3.1}{プレイ人数}{chapter.3}% 14
\BOOKMARK [1][-]{section.3.2}{用意するもの}{chapter.3}% 15
\BOOKMARK [1][-]{section.3.3}{使用できるトランプ}{chapter.3}% 16
\BOOKMARK [1][-]{section.3.4}{トランプの数字}{chapter.3}% 17
\BOOKMARK [1][-]{section.3.5}{領域（ゾーン）}{chapter.3}% 18
\BOOKMARK [1][-]{section.3.6}{カードの配置}{chapter.3}% 19
\BOOKMARK [2][-]{subsection.3.6.1}{デッキとライフ}{section.3.6}% 20
\BOOKMARK [1][-]{section.3.7}{勝利条件}{chapter.3}% 21
\BOOKMARK [1][-]{section.3.8}{ダメージ}{chapter.3}% 22
\BOOKMARK [1][-]{section.3.9}{ゲームの始め方}{chapter.3}% 23
\BOOKMARK [2][-]{subsection.3.9.1}{共通手順：プリセット配置}{section.3.9}% 24
\BOOKMARK [2][-]{subsection.3.9.2}{共通手順：先攻決定}{section.3.9}% 25
\BOOKMARK [2][-]{subsection.3.9.3}{共通手順：ゲーム開始}{section.3.9}% 26
\BOOKMARK [1][-]{section.3.10}{基礎概念}{chapter.3}% 27
\BOOKMARK [2][-]{subsection.3.10.1}{BlackPokerとは}{section.3.10}% 28
\BOOKMARK [2][-]{subsection.3.10.2}{スクリプト}{section.3.10}% 29
\BOOKMARK [0][-]{chapter.4}{共通ルール: コンポーネント}{}% 30
\BOOKMARK [1][-]{section.4.1}{コンポーネントの概要}{chapter.4}% 31
\BOOKMARK [2][-]{subsection.4.1.1}{用語の要点}{section.4.1}% 32
\BOOKMARK [2][-]{subsection.4.1.2}{コンポーネントスクリプトの共通・必須項目}{section.4.1}% 33
\BOOKMARK [2][-]{subsection.4.1.3}{ユニットとコンポーネントスクリプトの対応（共通原則）}{section.4.1}% 34
\BOOKMARK [3][-]{subsubsection*.4}{例：一般兵（キャラクター）}{subsection.4.1.3}% 35
\BOOKMARK [2][-]{subsection.4.1.4}{この先の読み方}{section.4.1}% 36
\BOOKMARK [3][-]{subsubsection*.5}{補足：スクリプト一覧のない種別}{subsection.4.1.4}% 37
\BOOKMARK [4][-]{paragraph*.6}{共通原則}{subsubsection*.5}% 38
\BOOKMARK [1][-]{section.4.2}{キャラクター}{chapter.4}% 39
\BOOKMARK [2][-]{subsection.4.2.1}{チャージとドライブ}{section.4.2}% 40
\BOOKMARK [2][-]{subsection.4.2.2}{スクリプト一覧}{section.4.2}% 41
\BOOKMARK [2][-]{subsection.4.2.3}{キャラクターの持つ項目}{section.4.2}% 42
\BOOKMARK [3][-]{subsubsection*.7}{キャラクターのサイズ}{subsection.4.2.3}% 43
\BOOKMARK [1][-]{section.4.3}{フォグ}{chapter.4}% 44
\BOOKMARK [2][-]{subsection.4.3.1}{スクリプト一覧}{section.4.3}% 45
\BOOKMARK [2][-]{subsection.4.3.2}{フォグの持つ項目}{section.4.3}% 46
\BOOKMARK [1][-]{section.4.4}{切札}{chapter.4}% 47
\BOOKMARK [2][-]{subsection.4.4.1}{スクリプト一覧}{section.4.4}% 48
\BOOKMARK [2][-]{subsection.4.4.2}{切札の持つ項目}{section.4.4}% 49
\BOOKMARK [3][-]{subsubsection*.8}{よくある質問}{subsection.4.4.2}% 50
\BOOKMARK [0][-]{chapter.5}{共通ルール: アクション}{}% 51
\BOOKMARK [1][-]{section.5.1}{アクションが持つ項目}{chapter.5}% 52
\BOOKMARK [2][-]{subsection.5.1.1}{トリガー,スピード,タイミングの表記}{section.5.1}% 53
\BOOKMARK [2][-]{subsection.5.1.2}{記載されていないアクションの項目}{section.5.1}% 54
\BOOKMARK [1][-]{section.5.2}{コストの種類}{chapter.5}% 55
\BOOKMARK [1][-]{section.5.3}{アクションの起こし方\(リクエスト\)}{chapter.5}% 56
\BOOKMARK [1][-]{section.5.4}{アクションの解決}{chapter.5}% 57
\BOOKMARK [2][-]{subsection.5.4.1}{通常の場合}{section.5.4}% 58
\BOOKMARK [2][-]{subsection.5.4.2}{即時の場合}{section.5.4}% 59
\BOOKMARK [2][-]{subsection.5.4.3}{対象条件を確認}{section.5.4}% 60
\BOOKMARK [2][-]{subsection.5.4.4}{効果を発揮}{section.5.4}% 61
\BOOKMARK [2][-]{subsection.5.4.5}{解決は墓地移動までを含む}{section.5.4}% 62
\BOOKMARK [2][-]{subsection.5.4.6}{ステージ上で効果を発揮}{section.5.4}% 63
\BOOKMARK [2][-]{subsection.5.4.7}{キーカードを墓地に移す}{section.5.4}% 64
\BOOKMARK [1][-]{section.5.5}{勝敗判定}{chapter.5}% 65
\BOOKMARK [1][-]{section.5.6}{誘発チェック}{chapter.5}% 66
\BOOKMARK [2][-]{subsection.5.6.1}{パターン1: フェイズ系}{section.5.6}% 67
\BOOKMARK [2][-]{subsection.5.6.2}{パターン2: 世代交代}{section.5.6}% 68
\BOOKMARK [2][-]{subsection.5.6.3}{よくある質問}{section.5.6}% 69
\BOOKMARK [0][-]{chapter.6}{共通ルール: その他}{}% 70
\BOOKMARK [1][-]{section.6.1}{公開レベル}{chapter.6}% 71
\BOOKMARK [1][-]{section.6.2}{デッキのシャッフルについて}{chapter.6}% 72
\BOOKMARK [1][-]{section.6.3}{防壁の置き方}{chapter.6}% 73
\BOOKMARK [1][-]{section.6.4}{フォグの置き方}{chapter.6}% 74
\BOOKMARK [1][-]{section.6.5}{ステージの置き方}{chapter.6}% 75
\BOOKMARK [1][-]{section.6.6}{よくある質問}{chapter.6}% 76
\BOOKMARK [0][-]{chapter.7}{フォーマット}{}% 77
\BOOKMARK [1][-]{section.7.1}{フォーマットとは}{chapter.7}% 78
\BOOKMARK [1][-]{section.7.2}{定義項目}{chapter.7}% 79
\BOOKMARK [1][-]{section.7.3}{フォーマット定義}{chapter.7}% 80
\BOOKMARK [2][-]{subsection.7.3.1}{アクションリスト}{section.7.3}% 81
\BOOKMARK [3][-]{subsubsection*.14}{基本}{subsection.7.3.1}% 82
\BOOKMARK [3][-]{subsubsection*.22}{召喚}{subsection.7.3.1}% 83
\BOOKMARK [3][-]{subsubsection*.30}{基礎魔法}{subsection.7.3.1}% 84
\BOOKMARK [3][-]{subsubsection*.35}{中級魔法}{subsection.7.3.1}% 85
\BOOKMARK [3][-]{subsubsection*.49}{上級魔法}{subsection.7.3.1}% 86
\BOOKMARK [2][-]{subsection.7.3.2}{キャラクターリスト}{section.7.3}% 87
\BOOKMARK [3][-]{subsubsection*.64}{兵士}{subsection.7.3.2}% 88
\BOOKMARK [4][-]{paragraph*.66}{一般兵 \(兵士\)}{subsubsection*.64}% 89
\BOOKMARK [4][-]{paragraph*.68}{英雄 \(兵士\)}{subsubsection*.64}% 90
\BOOKMARK [4][-]{paragraph*.70}{エース \(兵士\)}{subsubsection*.64}% 91
\BOOKMARK [4][-]{paragraph*.72}{魔術士 \(兵士\)}{subsubsection*.64}% 92
\BOOKMARK [4][-]{paragraph*.74}{装備兵 \(兵士\)}{subsubsection*.64}% 93
\BOOKMARK [3][-]{subsubsection*.75}{防壁}{subsection.7.3.2}% 94
\BOOKMARK [4][-]{paragraph*.77}{防壁 \(防壁\)}{subsubsection*.75}% 95
\BOOKMARK [2][-]{subsection.7.3.3}{フォグリスト}{section.7.3}% 96
\BOOKMARK [3][-]{subsubsection*.82}{滞留魔法}{subsection.7.3.3}% 97
\BOOKMARK [4][-]{paragraph*.84}{アップ \(滞留魔法\)}{subsubsection*.82}% 98
\BOOKMARK [4][-]{paragraph*.86}{ダウン \(滞留魔法\)}{subsubsection*.82}% 99
\BOOKMARK [4][-]{paragraph*.88}{フォース \(滞留魔法\)}{subsubsection*.82}% 100
\BOOKMARK [0][-]{chapter.8}{フレーム}{}% 101
\BOOKMARK [1][-]{section.8.1}{フレームとは}{chapter.8}% 102
\BOOKMARK [1][-]{section.8.2}{定義項目}{chapter.8}% 103
\BOOKMARK [1][-]{section.8.3}{フレーム定義}{chapter.8}% 104
\BOOKMARK [2][-]{subsection.8.3.1}{公式フレーム}{section.8.3}% 105
\BOOKMARK [3][-]{subsubsection*.94}{エントリー16}{subsection.8.3.1}% 106
\BOOKMARK [3][-]{subsubsection*.95}{パック}{subsection.8.3.1}% 107
\BOOKMARK [3][-]{subsubsection*.96}{レアパック}{subsection.8.3.1}% 108
\BOOKMARK [3][-]{subsubsection*.97}{ストラテジー}{subsection.8.3.1}% 109
\BOOKMARK [3][-]{subsubsection*.98}{エクストラ}{subsection.8.3.1}% 110
\BOOKMARK [2][-]{subsection.8.3.2}{フレームアクションリスト}{section.8.3}% 111
\BOOKMARK [3][-]{subsubsection*.132}{パック操作}{subsection.8.3.2}% 112
\BOOKMARK [3][-]{subsubsection*.134}{レアカード操作}{subsection.8.3.2}% 113
\BOOKMARK [3][-]{subsubsection*.138}{切札操作}{subsection.8.3.2}% 114
\BOOKMARK [3][-]{subsubsection*.143}{切札 A 革命}{subsection.8.3.2}% 115
\BOOKMARK [3][-]{subsubsection*.145}{切札 2 スラッシュ}{subsection.8.3.2}% 116
\BOOKMARK [3][-]{subsubsection*.148}{切札 3 ドレイン}{subsection.8.3.2}% 117
\BOOKMARK [3][-]{subsubsection*.150}{切札 4 威圧}{subsection.8.3.2}% 118
\BOOKMARK [3][-]{subsubsection*.153}{切札 5 蘇生}{subsection.8.3.2}% 119
\BOOKMARK [3][-]{subsubsection*.155}{切札 7 瞬殺}{subsection.8.3.2}% 120
\BOOKMARK [3][-]{subsubsection*.157}{切札 J リアニメーター}{subsection.8.3.2}% 121
\BOOKMARK [3][-]{subsubsection*.162}{切札 K 魔王}{subsection.8.3.2}% 122
\BOOKMARK [3][-]{subsubsection*.165}{切札 2 援軍}{subsection.8.3.2}% 123
\BOOKMARK [3][-]{subsubsection*.167}{切札 3 誘惑}{subsection.8.3.2}% 124
\BOOKMARK [3][-]{subsubsection*.170}{切札 4 休戦}{subsection.8.3.2}% 125
\BOOKMARK [3][-]{subsubsection*.172}{切札 5 追撃}{subsection.8.3.2}% 126
\BOOKMARK [3][-]{subsubsection*.174}{切札 7 ファントム}{subsection.8.3.2}% 127
\BOOKMARK [3][-]{subsubsection*.177}{切札 8 救済}{subsection.8.3.2}% 128
\BOOKMARK [3][-]{subsubsection*.179}{切札 J 破砕士}{subsection.8.3.2}% 129
\BOOKMARK [3][-]{subsubsection*.184}{切札 K 巨人}{subsection.8.3.2}% 130
\BOOKMARK [3][-]{subsubsection*.186}{切札 A 防壁追加}{subsection.8.3.2}% 131
\BOOKMARK [3][-]{subsubsection*.189}{切札 3 交渉}{subsection.8.3.2}% 132
\BOOKMARK [3][-]{subsubsection*.192}{切札 4 相殺}{subsection.8.3.2}% 133
\BOOKMARK [3][-]{subsubsection*.194}{切札 5 喪失}{subsection.8.3.2}% 134
\BOOKMARK [3][-]{subsubsection*.196}{切札 8 修繕}{subsection.8.3.2}% 135
\BOOKMARK [3][-]{subsubsection*.198}{切札 9 充足}{subsection.8.3.2}% 136
\BOOKMARK [3][-]{subsubsection*.201}{切札 J 策士}{subsection.8.3.2}% 137
\BOOKMARK [3][-]{subsubsection*.207}{切札 4 スイッチ}{subsection.8.3.2}% 138
\BOOKMARK [3][-]{subsubsection*.210}{切札 5 内乱}{subsection.8.3.2}% 139
\BOOKMARK [3][-]{subsubsection*.213}{切札 7 手札補充}{subsection.8.3.2}% 140
\BOOKMARK [3][-]{subsubsection*.215}{切札 8 リセット}{subsection.8.3.2}% 141
\BOOKMARK [3][-]{subsubsection*.217}{切札 9 要塞}{subsection.8.3.2}% 142
\BOOKMARK [3][-]{subsubsection*.219}{切札 10 悪あがき}{subsection.8.3.2}% 143
\BOOKMARK [3][-]{subsubsection*.221}{切札 J 騎士}{subsection.8.3.2}% 144
\BOOKMARK [2][-]{subsection.8.3.3}{フレームキャラクターリスト}{section.8.3}% 145
\BOOKMARK [3][-]{subsubsection*.238}{切札 J リアニメーター}{subsection.8.3.3}% 146
\BOOKMARK [4][-]{paragraph*.240}{リアニメーター \(兵士\)}{subsubsection*.238}% 147
\BOOKMARK [3][-]{subsubsection*.241}{切札 K 魔王}{subsection.8.3.3}% 148
\BOOKMARK [4][-]{paragraph*.243}{魔王 \(兵士\)}{subsubsection*.241}% 149
\BOOKMARK [3][-]{subsubsection*.244}{切札 J 破砕士}{subsection.8.3.3}% 150
\BOOKMARK [4][-]{paragraph*.246}{破砕士 \(兵士\)}{subsubsection*.244}% 151
\BOOKMARK [3][-]{subsubsection*.247}{切札 K 巨人}{subsection.8.3.3}% 152
\BOOKMARK [4][-]{paragraph*.249}{巨人 \(兵士\)}{subsubsection*.247}% 153
\BOOKMARK [3][-]{subsubsection*.250}{切札 J 策士}{subsection.8.3.3}% 154
\BOOKMARK [4][-]{paragraph*.252}{策士 \(兵士\)}{subsubsection*.250}% 155
\BOOKMARK [3][-]{subsubsection*.253}{切札 J 騎士}{subsection.8.3.3}% 156
\BOOKMARK [4][-]{paragraph*.255}{騎士 \(兵士\)}{subsubsection*.253}% 157
\BOOKMARK [2][-]{subsection.8.3.4}{フレームフォグリスト}{section.8.3}% 158
\BOOKMARK [3][-]{subsubsection*.258}{滞留魔法}{subsection.8.3.4}% 159
\BOOKMARK [4][-]{paragraph*.260}{クローズ \(滞留魔法\)}{subsubsection*.258}% 160
\BOOKMARK [2][-]{subsection.8.3.5}{フレーム切札リスト}{section.8.3}% 161
\BOOKMARK [3][-]{subsubsection*.323}{切札 A 革命}{subsection.8.3.5}% 162
\BOOKMARK [4][-]{paragraph*.325}{革命 \(表切札\)}{subsubsection*.323}% 163
\BOOKMARK [3][-]{subsubsection*.326}{切札 2 スラッシュ}{subsection.8.3.5}% 164
\BOOKMARK [4][-]{paragraph*.328}{スラッシュ \(表切札\)}{subsubsection*.326}% 165
\BOOKMARK [3][-]{subsubsection*.329}{切札 3 ドレイン}{subsection.8.3.5}% 166
\BOOKMARK [4][-]{paragraph*.331}{ドレイン \(表切札\)}{subsubsection*.329}% 167
\BOOKMARK [3][-]{subsubsection*.332}{切札 4 威圧}{subsection.8.3.5}% 168
\BOOKMARK [4][-]{paragraph*.334}{威圧 \(表切札\)}{subsubsection*.332}% 169
\BOOKMARK [3][-]{subsubsection*.335}{切札 5 蘇生}{subsection.8.3.5}% 170
\BOOKMARK [4][-]{paragraph*.337}{蘇生 \(表切札\)}{subsubsection*.335}% 171
\BOOKMARK [3][-]{subsubsection*.338}{切札 7 瞬殺}{subsection.8.3.5}% 172
\BOOKMARK [4][-]{paragraph*.340}{瞬殺 \(表切札\)}{subsubsection*.338}% 173
\BOOKMARK [3][-]{subsubsection*.341}{切札 J リアニメーター}{subsection.8.3.5}% 174
\BOOKMARK [4][-]{paragraph*.343}{リアニメーター \(表切札\)}{subsubsection*.341}% 175
\BOOKMARK [3][-]{subsubsection*.344}{切札 K 魔王}{subsection.8.3.5}% 176
\BOOKMARK [4][-]{paragraph*.346}{魔王 \(表切札\)}{subsubsection*.344}% 177
\BOOKMARK [3][-]{subsubsection*.347}{切札 2 援軍}{subsection.8.3.5}% 178
\BOOKMARK [4][-]{paragraph*.349}{援軍 \(表切札\)}{subsubsection*.347}% 179
\BOOKMARK [3][-]{subsubsection*.350}{切札 3 誘惑}{subsection.8.3.5}% 180
\BOOKMARK [4][-]{paragraph*.352}{誘惑 \(表切札\)}{subsubsection*.350}% 181
\BOOKMARK [3][-]{subsubsection*.353}{切札 4 休戦}{subsection.8.3.5}% 182
\BOOKMARK [4][-]{paragraph*.355}{休戦 \(表切札\)}{subsubsection*.353}% 183
\BOOKMARK [3][-]{subsubsection*.356}{切札 5 追撃}{subsection.8.3.5}% 184
\BOOKMARK [4][-]{paragraph*.358}{追撃 \(表切札\)}{subsubsection*.356}% 185
\BOOKMARK [3][-]{subsubsection*.359}{切札 7 ファントム}{subsection.8.3.5}% 186
\BOOKMARK [4][-]{paragraph*.361}{ファントム \(表切札\)}{subsubsection*.359}% 187
\BOOKMARK [3][-]{subsubsection*.362}{切札 8 救済}{subsection.8.3.5}% 188
\BOOKMARK [4][-]{paragraph*.364}{救済 \(表切札\)}{subsubsection*.362}% 189
\BOOKMARK [3][-]{subsubsection*.365}{切札 J 破砕士}{subsection.8.3.5}% 190
\BOOKMARK [4][-]{paragraph*.367}{破砕士 \(表切札\)}{subsubsection*.365}% 191
\BOOKMARK [3][-]{subsubsection*.368}{切札 K 巨人}{subsection.8.3.5}% 192
\BOOKMARK [4][-]{paragraph*.370}{巨人 \(表切札\)}{subsubsection*.368}% 193
\BOOKMARK [3][-]{subsubsection*.371}{切札 A 防壁追加}{subsection.8.3.5}% 194
\BOOKMARK [4][-]{paragraph*.373}{防壁追加 \(表切札\)}{subsubsection*.371}% 195
\BOOKMARK [3][-]{subsubsection*.374}{切札 3 交渉}{subsection.8.3.5}% 196
\BOOKMARK [4][-]{paragraph*.376}{交渉 \(表切札\)}{subsubsection*.374}% 197
\BOOKMARK [3][-]{subsubsection*.377}{切札 4 相殺}{subsection.8.3.5}% 198
\BOOKMARK [4][-]{paragraph*.379}{相殺 \(表切札\)}{subsubsection*.377}% 199
\BOOKMARK [3][-]{subsubsection*.380}{切札 5 喪失}{subsection.8.3.5}% 200
\BOOKMARK [4][-]{paragraph*.382}{喪失 \(表切札\)}{subsubsection*.380}% 201
\BOOKMARK [3][-]{subsubsection*.383}{切札 8 修繕}{subsection.8.3.5}% 202
\BOOKMARK [4][-]{paragraph*.385}{修繕 \(表切札\)}{subsubsection*.383}% 203
\BOOKMARK [3][-]{subsubsection*.386}{切札 9 充足}{subsection.8.3.5}% 204
\BOOKMARK [4][-]{paragraph*.388}{充足 \(表切札\)}{subsubsection*.386}% 205
\BOOKMARK [3][-]{subsubsection*.389}{切札 J 策士}{subsection.8.3.5}% 206
\BOOKMARK [4][-]{paragraph*.391}{策士 \(表切札\)}{subsubsection*.389}% 207
\BOOKMARK [3][-]{subsubsection*.392}{切札 4 スイッチ}{subsection.8.3.5}% 208
\BOOKMARK [4][-]{paragraph*.394}{スイッチ \(表切札\)}{subsubsection*.392}% 209
\BOOKMARK [3][-]{subsubsection*.395}{切札 5 内乱}{subsection.8.3.5}% 210
\BOOKMARK [4][-]{paragraph*.397}{内乱 \(表切札\)}{subsubsection*.395}% 211
\BOOKMARK [3][-]{subsubsection*.398}{切札 7 手札補充}{subsection.8.3.5}% 212
\BOOKMARK [4][-]{paragraph*.400}{手札補充 \(表切札\)}{subsubsection*.398}% 213
\BOOKMARK [3][-]{subsubsection*.401}{切札 8 リセット}{subsection.8.3.5}% 214
\BOOKMARK [4][-]{paragraph*.403}{リセット \(表切札\)}{subsubsection*.401}% 215
\BOOKMARK [3][-]{subsubsection*.404}{切札 9 要塞}{subsection.8.3.5}% 216
\BOOKMARK [4][-]{paragraph*.406}{要塞 \(表切札\)}{subsubsection*.404}% 217
\BOOKMARK [3][-]{subsubsection*.407}{切札 10 悪あがき}{subsection.8.3.5}% 218
\BOOKMARK [4][-]{paragraph*.409}{悪あがき \(表切札\)}{subsubsection*.407}% 219
\BOOKMARK [3][-]{subsubsection*.410}{切札 J 騎士}{subsection.8.3.5}% 220
\BOOKMARK [4][-]{paragraph*.412}{騎士 \(表切札\)}{subsubsection*.410}% 221
\BOOKMARK [3][-]{subsubsection*.413}{裏切札}{subsection.8.3.5}% 222
\BOOKMARK [4][-]{paragraph*.415}{裏切札 \(裏切札\)}{subsubsection*.413}% 223
\BOOKMARK [0][-]{chapter.9}{コアルール}{}% 224
\BOOKMARK [1][-]{section.9.1}{基礎概念}{chapter.9}% 225
\BOOKMARK [2][-]{subsection.9.1.1}{ターン}{section.9.1}% 226
\BOOKMARK [2][-]{subsection.9.1.2}{アクション}{section.9.1}% 227
\BOOKMARK [2][-]{subsection.9.1.3}{リクエスト}{section.9.1}% 228
\BOOKMARK [2][-]{subsection.9.1.4}{解決}{section.9.1}% 229
\BOOKMARK [2][-]{subsection.9.1.5}{チャンス}{section.9.1}% 230
\BOOKMARK [2][-]{subsection.9.1.6}{パス}{section.9.1}% 231
\BOOKMARK [2][-]{subsection.9.1.7}{ステージ}{section.9.1}% 232
\BOOKMARK [2][-]{subsection.9.1.8}{コンポーネント}{section.9.1}% 233
\BOOKMARK [2][-]{subsection.9.1.9}{ユニット}{section.9.1}% 234
\BOOKMARK [2][-]{subsection.9.1.10}{コアフロー\(ルールシステム\)}{section.9.1}% 235
\BOOKMARK [1][-]{section.9.2}{詳細}{chapter.9}% 236
\BOOKMARK [2][-]{subsection.9.2.1}{アクションの定義項目}{section.9.2}% 237
\BOOKMARK [3][-]{subsubsection*.416}{オーナー}{subsection.9.2.1}% 238
\BOOKMARK [3][-]{subsubsection*.417}{トリガー}{subsection.9.2.1}% 239
\BOOKMARK [3][-]{subsubsection*.418}{スピード}{subsection.9.2.1}% 240
\BOOKMARK [3][-]{subsubsection*.419}{タイミング}{subsection.9.2.1}% 241
\BOOKMARK [3][-]{subsubsection*.420}{起動条件}{subsection.9.2.1}% 242
\BOOKMARK [3][-]{subsubsection*.421}{誘発条件}{subsection.9.2.1}% 243
\BOOKMARK [3][-]{subsubsection*.422}{効果}{subsection.9.2.1}% 244
\BOOKMARK [2][-]{subsection.9.2.2}{リクエストの定義項目}{section.9.2}% 245
\BOOKMARK [2][-]{subsection.9.2.3}{コンポーネントの定義項目}{section.9.2}% 246
\BOOKMARK [2][-]{subsection.9.2.4}{ユニットの定義項目}{section.9.2}% 247
\BOOKMARK [1][-]{section.9.3}{能力}{chapter.9}% 248
\BOOKMARK [1][-]{section.9.4}{コアフロー}{chapter.9}% 249
\BOOKMARK [2][-]{subsection.9.4.1}{誘発チェック}{section.9.4}% 250
\BOOKMARK [3][-]{subsubsection*.427}{誘発アクション処理}{subsection.9.4.1}% 251
\BOOKMARK [2][-]{subsection.9.4.2}{能力の適用順}{section.9.4}% 252
\BOOKMARK [3][-]{subsubsection*.428}{考え方の原則}{subsection.9.4.2}% 253
\BOOKMARK [3][-]{subsubsection*.429}{能力の適用ルール}{subsection.9.4.2}% 254
\BOOKMARK [3][-]{subsubsection*.430}{運用上の注意}{subsection.9.4.2}% 255
\BOOKMARK [1][-]{section.9.5}{まとめ}{chapter.9}% 256
\BOOKMARK [0][-]{chapter.10}{付録A: PDF版ルール・リスト}{}% 257
\BOOKMARK [1][-]{section.10.1}{PDF版ルール}{chapter.10}% 258
\BOOKMARK [1][-]{section.10.2}{アクションリスト}{chapter.10}% 259
\BOOKMARK [2][-]{subsection.10.2.1}{ライト}{section.10.2}% 260
\BOOKMARK [2][-]{subsection.10.2.2}{マスター}{section.10.2}% 261
\BOOKMARK [2][-]{subsection.10.2.3}{マスター+エクストラ}{section.10.2}% 262
\BOOKMARK [1][-]{section.10.3}{エクストラリスト}{chapter.10}% 263
\BOOKMARK [0][-]{chapter.11}{付録B: 周年大会記録}{}% 264
\BOOKMARK [0][-]{chapter.12}{付録C: ガイドライン}{}% 265
\BOOKMARK [1][-]{section.12.1}{BlackPoker二次創作ガイドライン}{chapter.12}% 266
\BOOKMARK [2][-]{subsection.12.1.1}{はじめに}{section.12.1}% 267
\BOOKMARK [2][-]{subsection.12.1.2}{二次創作の範囲}{section.12.1}% 268
\BOOKMARK [2][-]{subsection.12.1.3}{創作の自由と制限}{section.12.1}% 269
\BOOKMARK [2][-]{subsection.12.1.4}{クレジット表記について}{section.12.1}% 270
\BOOKMARK [2][-]{subsection.12.1.5}{禁止事項}{section.12.1}% 271
\BOOKMARK [2][-]{subsection.12.1.6}{商用利用について}{section.12.1}% 272
\BOOKMARK [2][-]{subsection.12.1.7}{ガイドラインにないケースについて}{section.12.1}% 273
\BOOKMARK [1][-]{section.12.2}{BlackPoker アクション・ルールガイドライン}{chapter.12}% 274
\BOOKMARK [2][-]{subsection.12.2.1}{はじめに}{section.12.2}% 275
\BOOKMARK [2][-]{subsection.12.2.2}{アクションを追加する際のルール}{section.12.2}% 276
\BOOKMARK [3][-]{subsubsection*.447}{アクションの対象は単対象 \(必須\)}{subsection.12.2.2}% 277
\BOOKMARK [3][-]{subsubsection*.448}{キーカード条件なしの通常-クイックアクションを作らない \(必須\)}{subsection.12.2.2}% 278
\BOOKMARK [3][-]{subsubsection*.449}{誘発アクションは即時 \(推奨\)}{subsection.12.2.2}% 279
\BOOKMARK [3][-]{subsubsection*.450}{先行1ターン目に確実に勝利できる効果を作らない \(必須\)}{subsection.12.2.2}% 280
\BOOKMARK [3][-]{subsubsection*.451}{誘発-メインは同時に2つ以上誘発しないように制限 \(必須\)}{subsection.12.2.2}% 281
\BOOKMARK [2][-]{subsection.12.2.3}{キャラクターを追加する際のルール}{section.12.2}% 282
\BOOKMARK [3][-]{subsubsection*.452}{場のキャラクターは一目でわかるように定義 \(必須\)}{subsection.12.2.3}% 283
\BOOKMARK [1][-]{section.12.3}{BlackPoker 対戦進行上のショートカット指針}{chapter.12}% 284
\BOOKMARK [2][-]{subsection.12.3.1}{目的}{section.12.3}% 285
\BOOKMARK [2][-]{subsection.12.3.2}{本文ルールとの関係}{section.12.3}% 286
\BOOKMARK [2][-]{subsection.12.3.3}{用語の定義}{section.12.3}% 287
\BOOKMARK [2][-]{subsection.12.3.4}{ショートカットの原則}{section.12.3}% 288
\BOOKMARK [3][-]{subsubsection*.453}{原則1：反応がなければパスとみなす}{subsection.12.3.4}% 289
\BOOKMARK [3][-]{subsubsection*.454}{原則2：連続する手順をまとめて進行できる}{subsection.12.3.4}% 290
\BOOKMARK [3][-]{subsubsection*.455}{原則3：割り込みの権利は常に保障される}{subsection.12.3.4}% 291
\BOOKMARK [3][-]{subsubsection*.456}{原則4：認識のずれは巻き戻す}{subsection.12.3.4}% 292
\BOOKMARK [2][-]{subsection.12.3.5}{運用上の注意}{section.12.3}% 293
\BOOKMARK [2][-]{subsection.12.3.6}{標準ショートカット}{section.12.3}% 294
\BOOKMARK [3][-]{subsubsection*.457}{メインアクションの実行}{subsection.12.3.6}% 295
\BOOKMARK [3][-]{subsubsection*.458}{アタックの進行}{subsection.12.3.6}% 296
\BOOKMARK [3][-]{subsubsection*.459}{ターンの受け渡し（エンドチャージドロー）}{subsection.12.3.6}% 297
\BOOKMARK [0][-]{chapter*.460}{変更履歴}{}% 298
\BOOKMARK [1][-]{section*.461}{第9版の主な変更点（第8.2版 \040第9.0版）}{chapter*.460}% 299
\BOOKMARK [2][-]{subsection*.462}{概要}{section*.461}% 300
\BOOKMARK [2][-]{subsection*.463}{最重要変更（プレイヤー向け）}{section*.461}% 301
\BOOKMARK [3][-]{subsubsection*.464}{1. 魔法分類の整理変更}{subsection*.463}% 302
\BOOKMARK [3][-]{subsubsection*.465}{2. 切札 \0403 は「激励」から「誘惑」に変更}{subsection*.463}% 303
\BOOKMARK [3][-]{subsubsection*.466}{3. 切札 \0405 は「疲弊」から「虚脱」に変更}{subsection*.463}% 304
\BOOKMARK [3][-]{subsubsection*.467}{4. 切札 \0409 要塞に「反撃」が追加}{subsection*.463}% 305
\BOOKMARK [3][-]{subsubsection*.468}{5. 切札 \040A「防壁追加」が使いやすく調整}{subsection*.463}% 306
\BOOKMARK [3][-]{subsubsection*.469}{6. 切札 \0404「相殺」は発動条件が緩和}{subsection*.463}% 307
\BOOKMARK [3][-]{subsubsection*.470}{7. 切札 \0405「蘇生」は対象範囲が拡大}{subsection*.463}% 308
\BOOKMARK [3][-]{subsubsection*.471}{8. 切札 \0408「修繕」は対象と素材条件が緩和}{subsection*.463}% 309
\BOOKMARK [3][-]{subsubsection*.472}{9. 切札 \0407「手札補充」は強化}{subsection*.463}% 310
\BOOKMARK [3][-]{subsubsection*.473}{10. 切札 \0408「リセット」はクイック化・簡略化}{subsection*.463}% 311
\BOOKMARK [3][-]{subsubsection*.474}{11. 切札 \0405「追撃」は使用後に閉じるよう変更}{subsection*.463}% 312
\BOOKMARK [3][-]{subsubsection*.475}{12. 「魔王の囁き」の条件変更}{subsection*.463}% 313
\BOOKMARK [3][-]{subsubsection*.476}{13. 新規のクイック展開手段が増加}{subsection*.463}% 314
\BOOKMARK [2][-]{subsection*.477}{文書構成・参照性の変更}{section*.461}% 315
\BOOKMARK [3][-]{subsubsection*.478}{1. 付録構成の拡張}{subsection*.477}% 316
\BOOKMARK [3][-]{subsubsection*.479}{2. FAQ 的な小見出しが増加}{subsection*.477}% 317
\BOOKMARK [3][-]{subsubsection*.480}{3. 見出し・用語の整理}{subsection*.477}% 318
\BOOKMARK [2][-]{subsection*.481}{差分早見表}{section*.461}% 319
\BOOKMARK [3][-]{subsubsection*.482}{名称変更}{subsection*.481}% 320
\BOOKMARK [3][-]{subsubsection*.483}{新規追加}{subsection*.481}% 321
\BOOKMARK [3][-]{subsubsection*.484}{性能変更}{subsection*.481}% 322
\BOOKMARK [2][-]{subsection*.485}{プレイヤー向け確認チェックリスト}{section*.461}% 323
\BOOKMARK [2][-]{subsection*.486}{採用用の短縮版見出し案}{section*.461}% 324
\BOOKMARK [1][-]{section*.487}{第8版の主な変更点}{chapter*.460}% 325
\BOOKMARK [2][-]{subsection*.488}{アクションの定義の変更}{section*.487}% 326
\BOOKMARK [2][-]{subsection*.489}{能力の解釈を変更}{section*.487}% 327
\BOOKMARK [2][-]{subsection*.490}{フォグ領域追加}{section*.487}% 328
\BOOKMARK [2][-]{subsection*.491}{用語追加/変更}{section*.487}% 329
\BOOKMARK [2][-]{subsection*.492}{オプション削除とフレームへの統合}{section*.487}% 330
\BOOKMARK [2][-]{subsection*.493}{エクストラをフレーム化 \(8.1\)}{section*.487}% 331
\BOOKMARK [2][-]{subsection*.494}{曖昧なルールの明確化}{section*.487}% 332
\BOOKMARK [2][-]{subsection*.495}{ルール外変更点}{section*.487}% 333
\BOOKMARK [1][-]{section*.496}{第7版の主な変更点}{chapter*.460}% 334
\BOOKMARK [2][-]{subsection*.497}{リバースのクイック化}{section*.496}% 335
\BOOKMARK [2][-]{subsection*.498}{ゲーム中のデッキ名称をライフに変更}{section*.496}% 336
\BOOKMARK [2][-]{subsection*.499}{対戦レギュレーションの定義方法変更}{section*.496}% 337
\BOOKMARK [2][-]{subsection*.500}{コアフローをわかりやすく整理}{section*.496}% 338
\BOOKMARK [2][-]{subsection*.501}{B・Jのクイック化}{section*.496}% 339
\BOOKMARK [2][-]{subsection*.502}{引き分け廃止}{section*.496}% 340
\BOOKMARK [2][-]{subsection*.503}{ルールの記載を微修正}{section*.496}% 341
\BOOKMARK [0][-]{chapter*.504}{あとがき}{}% 342
\BOOKMARK [1][-]{section*.505}{第9.0版アップデートの要点}{chapter*.504}% 343
\BOOKMARK [1][-]{section*.506}{ロゴと名前の由来}{chapter*.504}% 344
\BOOKMARK [1][-]{section*.507}{さらなる楽しみ方}{chapter*.504}% 345
\BOOKMARK [1][-]{section*.508}{最後に}{chapter*.504}% 346
