%このファイルは日本語文字を含みます.
\BOOKMARK [0][-]{chapter.1}{はじめに}{}% 1
\BOOKMARK [1][-]{section.1.1}{BlackPokerとは}{chapter.1}% 2
\BOOKMARK [1][-]{section.1.2}{きっかけ}{chapter.1}% 3
\BOOKMARK [1][-]{section.1.3}{ゲームのストーリー}{chapter.1}% 4
\BOOKMARK [1][-]{section.1.4}{読み方}{chapter.1}% 5
\BOOKMARK [2][-]{subsection.1.4.1}{用途別読み方}{section.1.4}% 6
\BOOKMARK [1][-]{section.1.5}{ルール指針}{chapter.1}% 7
\BOOKMARK [0][-]{chapter.2}{対戦レギュレーション}{}% 8
\BOOKMARK [1][-]{section.2.1}{対戦レギュレーションとは}{chapter.2}% 9
\BOOKMARK [1][-]{section.2.2}{定義項目}{chapter.2}% 10
\BOOKMARK [2][-]{subsection.2.2.1}{対戦レギュレーションの表記}{section.2.2}% 11
\BOOKMARK [1][-]{section.2.3}{対戦レギュレーションの決め方}{chapter.2}% 12
\BOOKMARK [0][-]{chapter.3}{共通ルール: 基本}{}% 13
\BOOKMARK [1][-]{section.3.1}{プレイ人数}{chapter.3}% 14
\BOOKMARK [1][-]{section.3.2}{用意するもの}{chapter.3}% 15
\BOOKMARK [1][-]{section.3.3}{使用できるトランプ}{chapter.3}% 16
\BOOKMARK [1][-]{section.3.4}{トランプの数字}{chapter.3}% 17
\BOOKMARK [1][-]{section.3.5}{領域（ゾーン）}{chapter.3}% 18
\BOOKMARK [1][-]{section.3.6}{カードの配置}{chapter.3}% 19
\BOOKMARK [2][-]{subsection.3.6.1}{デッキとライフ}{section.3.6}% 20
\BOOKMARK [1][-]{section.3.7}{勝利条件}{chapter.3}% 21
\BOOKMARK [1][-]{section.3.8}{ダメージ}{chapter.3}% 22
\BOOKMARK [1][-]{section.3.9}{ゲームの始め方}{chapter.3}% 23
\BOOKMARK [2][-]{subsection.3.9.1}{共通手順：プリセット配置}{section.3.9}% 24
\BOOKMARK [2][-]{subsection.3.9.2}{共通手順：先攻決定}{section.3.9}% 25
\BOOKMARK [2][-]{subsection.3.9.3}{共通手順：ゲーム開始}{section.3.9}% 26
\BOOKMARK [1][-]{section.3.10}{基礎概念}{chapter.3}% 27
\BOOKMARK [2][-]{subsection.3.10.1}{BlackPokerとは}{section.3.10}% 28
\BOOKMARK [2][-]{subsection.3.10.2}{スクリプト}{section.3.10}% 29
\BOOKMARK [0][-]{chapter.4}{共通ルール: コンポーネント}{}% 30
\BOOKMARK [1][-]{section.4.1}{コンポーネントの概要}{chapter.4}% 31
\BOOKMARK [2][-]{subsection.4.1.1}{用語の要点}{section.4.1}% 32
\BOOKMARK [2][-]{subsection.4.1.2}{コンポーネントスクリプトの共通・必須項目}{section.4.1}% 33
\BOOKMARK [2][-]{subsection.4.1.3}{ユニットとコンポーネントスクリプトの対応（共通原則）}{section.4.1}% 34
\BOOKMARK [3][-]{subsubsection*.4}{例：一般兵（キャラクター）}{subsection.4.1.3}% 35
\BOOKMARK [2][-]{subsection.4.1.4}{この先の読み方}{section.4.1}% 36
\BOOKMARK [3][-]{subsubsection*.5}{補足：スクリプト一覧のない種別}{subsection.4.1.4}% 37
\BOOKMARK [4][-]{paragraph*.6}{共通原則}{subsubsection*.5}% 38
\BOOKMARK [1][-]{section.4.2}{キャラクター}{chapter.4}% 39
\BOOKMARK [2][-]{subsection.4.2.1}{チャージとドライブ}{section.4.2}% 40
\BOOKMARK [2][-]{subsection.4.2.2}{スクリプト一覧}{section.4.2}% 41
\BOOKMARK [2][-]{subsection.4.2.3}{キャラクターの持つ項目}{section.4.2}% 42
\BOOKMARK [3][-]{subsubsection*.7}{キャラクターのサイズ}{subsection.4.2.3}% 43
\BOOKMARK [1][-]{section.4.3}{フォグ}{chapter.4}% 44
\BOOKMARK [2][-]{subsection.4.3.1}{スクリプト一覧}{section.4.3}% 45
\BOOKMARK [2][-]{subsection.4.3.2}{フォグの持つ項目}{section.4.3}% 46
\BOOKMARK [1][-]{section.4.4}{切札}{chapter.4}% 47
\BOOKMARK [2][-]{subsection.4.4.1}{スクリプト一覧}{section.4.4}% 48
\BOOKMARK [2][-]{subsection.4.4.2}{切札の持つ項目}{section.4.4}% 49
\BOOKMARK [3][-]{subsubsection*.8}{よくある質問}{subsection.4.4.2}% 50
\BOOKMARK [0][-]{chapter.5}{共通ルール: アクション}{}% 51
\BOOKMARK [1][-]{section.5.1}{アクションが持つ項目}{chapter.5}% 52
\BOOKMARK [2][-]{subsection.5.1.1}{トリガー,スピード,タイミングの表記}{section.5.1}% 53
\BOOKMARK [2][-]{subsection.5.1.2}{記載されていないアクションの項目}{section.5.1}% 54
\BOOKMARK [1][-]{section.5.2}{コストの種類}{chapter.5}% 55
\BOOKMARK [1][-]{section.5.3}{アクションの起こし方\(リクエスト\)}{chapter.5}% 56
\BOOKMARK [1][-]{section.5.4}{アクションの解決}{chapter.5}% 57
\BOOKMARK [2][-]{subsection.5.4.1}{通常の場合}{section.5.4}% 58
\BOOKMARK [2][-]{subsection.5.4.2}{即時の場合}{section.5.4}% 59
\BOOKMARK [2][-]{subsection.5.4.3}{対象条件を確認}{section.5.4}% 60
\BOOKMARK [2][-]{subsection.5.4.4}{効果を発揮}{section.5.4}% 61
\BOOKMARK [2][-]{subsection.5.4.5}{解決は墓地移動までを含む}{section.5.4}% 62
\BOOKMARK [2][-]{subsection.5.4.6}{ステージ上で効果を発揮}{section.5.4}% 63
\BOOKMARK [2][-]{subsection.5.4.7}{キーカードを墓地に移す}{section.5.4}% 64
\BOOKMARK [1][-]{section.5.5}{勝敗判定}{chapter.5}% 65
\BOOKMARK [1][-]{section.5.6}{誘発チェック}{chapter.5}% 66
\BOOKMARK [2][-]{subsection.5.6.1}{パターン1: フェイズ系}{section.5.6}% 67
\BOOKMARK [2][-]{subsection.5.6.2}{パターン2: 世代交代}{section.5.6}% 68
\BOOKMARK [2][-]{subsection.5.6.3}{よくある質問}{section.5.6}% 69
\BOOKMARK [0][-]{chapter.6}{共通ルール: その他}{}% 70
\BOOKMARK [1][-]{section.6.1}{公開レベル}{chapter.6}% 71
\BOOKMARK [1][-]{section.6.2}{デッキのシャッフルについて}{chapter.6}% 72
\BOOKMARK [1][-]{section.6.3}{防壁の置き方}{chapter.6}% 73
\BOOKMARK [1][-]{section.6.4}{フォグの置き方}{chapter.6}% 74
\BOOKMARK [1][-]{section.6.5}{ステージの置き方}{chapter.6}% 75
\BOOKMARK [1][-]{section.6.6}{よくある質問}{chapter.6}% 76
\BOOKMARK [0][-]{chapter.7}{フォーマット}{}% 77
\BOOKMARK [1][-]{section.7.1}{フォーマットとは}{chapter.7}% 78
\BOOKMARK [1][-]{section.7.2}{定義項目}{chapter.7}% 79
\BOOKMARK [1][-]{section.7.3}{フォーマット定義}{chapter.7}% 80
