%このファイルは日本語文字を含みます.
\BOOKMARK [0][-]{chapter.1}{はじめに}{}% 1
\BOOKMARK [1][-]{section.1.1}{BlackPokerとは}{chapter.1}% 2
\BOOKMARK [1][-]{section.1.2}{きっかけ}{chapter.1}% 3
\BOOKMARK [1][-]{section.1.3}{ゲームのストーリー}{chapter.1}% 4
\BOOKMARK [1][-]{section.1.4}{読み方}{chapter.1}% 5
\BOOKMARK [2][-]{subsection.1.4.1}{用途別読み方}{section.1.4}% 6
\BOOKMARK [1][-]{section.1.5}{ルール指針}{chapter.1}% 7
\BOOKMARK [1][-]{section.1.6}{ルールの構成}{chapter.1}% 8
\BOOKMARK [0][-]{chapter.2}{コアルール}{}% 9
\BOOKMARK [1][-]{section.2.1}{基礎概念}{chapter.2}% 10
\BOOKMARK [2][-]{subsection.2.1.1}{ターン}{section.2.1}% 11
\BOOKMARK [2][-]{subsection.2.1.2}{アクション}{section.2.1}% 12
\BOOKMARK [2][-]{subsection.2.1.3}{チャンス}{section.2.1}% 13
\BOOKMARK [2][-]{subsection.2.1.4}{ステージ}{section.2.1}% 14
\BOOKMARK [2][-]{subsection.2.1.5}{リクエスト}{section.2.1}% 15
\BOOKMARK [2][-]{subsection.2.1.6}{コンポーネント}{section.2.1}% 16
\BOOKMARK [2][-]{subsection.2.1.7}{コンポーネントインスタンス}{section.2.1}% 17
\BOOKMARK [2][-]{subsection.2.1.8}{コアフロー\(ルールシステム\)}{section.2.1}% 18
\BOOKMARK [1][-]{section.2.2}{詳細}{chapter.2}% 19
\BOOKMARK [2][-]{subsection.2.2.1}{アクションの定義項目}{section.2.2}% 20
\BOOKMARK [3][-]{subsubsection*.3}{トリガー}{subsection.2.2.1}% 21
\BOOKMARK [3][-]{subsubsection*.4}{スピード}{subsection.2.2.1}% 22
\BOOKMARK [3][-]{subsubsection*.5}{タイミング}{subsection.2.2.1}% 23
\BOOKMARK [3][-]{subsubsection*.6}{起動条件}{subsection.2.2.1}% 24
\BOOKMARK [3][-]{subsubsection*.7}{誘発条件}{subsection.2.2.1}% 25
\BOOKMARK [3][-]{subsubsection*.8}{効果}{subsection.2.2.1}% 26
\BOOKMARK [2][-]{subsection.2.2.2}{リクエストの定義項目}{section.2.2}% 27
\BOOKMARK [2][-]{subsection.2.2.3}{コンポーネントの定義項目}{section.2.2}% 28
\BOOKMARK [2][-]{subsection.2.2.4}{コンポーネントインスタンスの定義項目}{section.2.2}% 29
\BOOKMARK [1][-]{section.2.3}{能力}{chapter.2}% 30
\BOOKMARK [1][-]{section.2.4}{コアフロー}{chapter.2}% 31
\BOOKMARK [2][-]{subsection.2.4.1}{誘発チェック}{section.2.4}% 32
\BOOKMARK [3][-]{subsubsection*.13}{誘発即時解決}{subsection.2.4.1}% 33
\BOOKMARK [3][-]{subsubsection*.14}{通常：アクション毎に処理}{subsection.2.4.1}% 34
\BOOKMARK [1][-]{section.2.5}{まとめ}{chapter.2}% 35
\BOOKMARK [0][-]{chapter.3}{共通ルール}{}% 36
\BOOKMARK [1][-]{section.3.1}{プレイ人数}{chapter.3}% 37
\BOOKMARK [1][-]{section.3.2}{用意するもの}{chapter.3}% 38
\BOOKMARK [1][-]{section.3.3}{使用できるトランプ}{chapter.3}% 39
\BOOKMARK [1][-]{section.3.4}{トランプの数字}{chapter.3}% 40
\BOOKMARK [1][-]{section.3.5}{カードの配置}{chapter.3}% 41
\BOOKMARK [2][-]{subsection.3.5.1}{デッキとライフ}{section.3.5}% 42
\BOOKMARK [1][-]{section.3.6}{勝利条件}{chapter.3}% 43
\BOOKMARK [1][-]{section.3.7}{ダメージ}{chapter.3}% 44
\BOOKMARK [1][-]{section.3.8}{キャラクター}{chapter.3}% 45
\BOOKMARK [2][-]{subsection.3.8.1}{キャラクターのもつ項目}{section.3.8}% 46
\BOOKMARK [2][-]{subsection.3.8.2}{キャラクターの数字}{section.3.8}% 47
\BOOKMARK [2][-]{subsection.3.8.3}{キャラクターの注意点}{section.3.8}% 48
\BOOKMARK [3][-]{subsubsection*.15}{複数枚で1体となるキャラクターが防壁になったら？}{subsection.3.8.3}% 49
\BOOKMARK [2][-]{subsection.3.8.4}{チャージとドライブ}{section.3.8}% 50
\BOOKMARK [1][-]{section.3.9}{ゲームの始め方}{chapter.3}% 51
\BOOKMARK [1][-]{section.3.10}{アクション}{chapter.3}% 52
\BOOKMARK [2][-]{subsection.3.10.1}{アクションが持つ項目}{section.3.10}% 53
\BOOKMARK [3][-]{subsubsection*.16}{記載されていないアクションの項目}{subsection.3.10.1}% 54
\BOOKMARK [2][-]{subsection.3.10.2}{コストの種類}{section.3.10}% 55
\BOOKMARK [2][-]{subsection.3.10.3}{アクションの起こし方}{section.3.10}% 56
\BOOKMARK [3][-]{subsubsection*.17}{アクションを起こすときの注意点}{subsection.3.10.3}% 57
\BOOKMARK [4][-]{paragraph*.18}{対象を指定しないでアクションを起こせるか？}{subsubsection*.17}% 58
\BOOKMARK [4][-]{paragraph*.19}{アクションを対象とするアクションは自身を対象にできるか？}{subsubsection*.17}% 59
\BOOKMARK [2][-]{subsection.3.10.4}{アクションの解決}{section.3.10}% 60
\BOOKMARK [3][-]{subsubsection*.20}{対象条件を確認}{subsection.3.10.4}% 61
\BOOKMARK [3][-]{subsubsection*.21}{効果を発揮}{subsection.3.10.4}% 62
\BOOKMARK [3][-]{subsubsection*.22}{キーカードを墓地に移す}{subsection.3.10.4}% 63
\BOOKMARK [2][-]{subsection.3.10.5}{勝敗判定}{section.3.10}% 64
\BOOKMARK [2][-]{subsection.3.10.6}{その他補足事項}{section.3.10}% 65
\BOOKMARK [3][-]{subsubsection*.23}{防壁の置き方}{subsection.3.10.6}% 66
\BOOKMARK [3][-]{subsubsection*.24}{1ターンに1回制限}{subsection.3.10.6}% 67
\BOOKMARK [3][-]{subsubsection*.25}{直接起こせないアクション}{subsection.3.10.6}% 68
\BOOKMARK [1][-]{section.3.11}{エクストラ}{chapter.3}% 69
\BOOKMARK [2][-]{subsection.3.11.1}{切札}{section.3.11}% 70
\BOOKMARK [2][-]{subsection.3.11.2}{バージョン}{section.3.11}% 71
\BOOKMARK [3][-]{subsubsection*.26}{版数との関係}{subsection.3.11.2}% 72
\BOOKMARK [2][-]{subsection.3.11.3}{ゲームのはじめ方}{section.3.11}% 73
\BOOKMARK [2][-]{subsection.3.11.4}{切札の能力}{section.3.11}% 74
\BOOKMARK [3][-]{subsubsection*.27}{能力を有効にする}{subsection.3.11.4}% 75
\BOOKMARK [3][-]{subsubsection*.28}{能力を無効する}{subsection.3.11.4}% 76
\BOOKMARK [2][-]{subsection.3.11.5}{エクストラ注意事項}{section.3.11}% 77
\BOOKMARK [3][-]{subsubsection*.29}{1ターンに1回制限のアクションについて}{subsection.3.11.5}% 78
\BOOKMARK [1][-]{section.3.12}{その他のルール}{chapter.3}% 79
\BOOKMARK [2][-]{subsection.3.12.1}{公開・非公開情報}{section.3.12}% 80
\BOOKMARK [3][-]{subsubsection*.30}{残りライフを聞かれたらどうしたらいいの？}{subsection.3.12.1}% 81
\BOOKMARK [3][-]{subsubsection*.31}{墓地の一番上のカードはいつ決まるのか？}{subsection.3.12.1}% 82
\BOOKMARK [2][-]{subsection.3.12.2}{デッキのシャッフルについて}{section.3.12}% 83
\BOOKMARK [0][-]{chapter.4}{フォーマット}{}% 84
\BOOKMARK [1][-]{section.4.1}{フォーマットとは}{chapter.4}% 85
\BOOKMARK [2][-]{subsection.4.1.1}{対戦レギュレーションとの違い}{section.4.1}% 86
\BOOKMARK [1][-]{section.4.2}{定義項目}{chapter.4}% 87
\BOOKMARK [1][-]{section.4.3}{フォーマット定義}{chapter.4}% 88
\BOOKMARK [2][-]{subsection.4.3.1}{BlackPoker アクションリスト}{section.4.3}% 89
\BOOKMARK [3][-]{subsubsection*.74}{展開系}{subsection.4.3.1}% 90
\BOOKMARK [4][-]{paragraph*.75}{防壁設置 \(召喚\)}{subsubsection*.74}% 91
\BOOKMARK [4][-]{paragraph*.76}{兵士召喚 \(召喚\)}{subsubsection*.74}% 92
\BOOKMARK [4][-]{paragraph*.77}{英雄召喚 \(召喚\)}{subsubsection*.74}% 93
\BOOKMARK [4][-]{paragraph*.78}{エース召喚 \(召喚\)}{subsubsection*.74}% 94
\BOOKMARK [4][-]{paragraph*.79}{クイック召喚 \(召喚\)}{subsubsection*.74}% 95
\BOOKMARK [4][-]{paragraph*.80}{魔術士召喚 \(召喚\)}{subsubsection*.74}% 96
\BOOKMARK [4][-]{paragraph*.81}{装備 \(召喚\)}{subsubsection*.74}% 97
\BOOKMARK [4][-]{paragraph*.82}{帰還 \(召喚\)}{subsubsection*.74}% 98
\BOOKMARK [3][-]{subsubsection*.83}{ターン制御系}{subsection.4.3.1}% 99
\BOOKMARK [4][-]{paragraph*.84}{エンド \(ターン制御\)}{subsubsection*.83}% 100
\BOOKMARK [4][-]{paragraph*.85}{チャージ \(ターン制御\)}{subsubsection*.83}% 101
\BOOKMARK [4][-]{paragraph*.86}{ドロー \(ターン制御\)}{subsubsection*.83}% 102
\BOOKMARK [3][-]{subsubsection*.87}{攻撃系}{subsection.4.3.1}% 103
\BOOKMARK [4][-]{paragraph*.88}{アタック \(攻防\)}{subsubsection*.87}% 104
\BOOKMARK [4][-]{paragraph*.89}{ブロック \(攻防\)}{subsubsection*.87}% 105
\BOOKMARK [4][-]{paragraph*.90}{ダメージ判定 \(攻防\)}{subsubsection*.87}% 106
\BOOKMARK [3][-]{subsubsection*.91}{魔法系}{subsection.4.3.1}% 107
\BOOKMARK [4][-]{paragraph*.92}{アップ \(速攻魔法\)}{subsubsection*.91}% 108
\BOOKMARK [4][-]{paragraph*.93}{ダウン \(速攻魔法\)}{subsubsection*.91}% 109
\BOOKMARK [4][-]{paragraph*.94}{ツイスト \(速攻魔法\)}{subsubsection*.91}% 110
\BOOKMARK [4][-]{paragraph*.95}{カウンター \(速攻魔法\)}{subsubsection*.91}% 111
\BOOKMARK [4][-]{paragraph*.96}{再会 \(速攻魔法\)}{subsubsection*.91}% 112
\BOOKMARK [4][-]{paragraph*.97}{キル \(速攻魔法\)}{subsubsection*.91}% 113
\BOOKMARK [4][-]{paragraph*.98}{停戦 \(速攻魔法\)}{subsubsection*.91}% 114
\BOOKMARK [4][-]{paragraph*.99}{対象変更 \(速攻魔法\)}{subsubsection*.91}% 115
\BOOKMARK [4][-]{paragraph*.100}{防壁破壊 \(通常魔法\)}{subsubsection*.91}% 116
\BOOKMARK [4][-]{paragraph*.101}{投擲 \(通常魔法\)}{subsubsection*.91}% 117
\BOOKMARK [4][-]{paragraph*.102}{死の槍 \(通常魔法\)}{subsubsection*.91}% 118
\BOOKMARK [4][-]{paragraph*.103}{防壁補充 \(通常魔法\)}{subsubsection*.91}% 119
\BOOKMARK [4][-]{paragraph*.104}{リアニメイト \(通常魔法\)}{subsubsection*.91}% 120
\BOOKMARK [4][-]{paragraph*.105}{ハンデス \(通常魔法\)}{subsubsection*.91}% 121
\BOOKMARK [4][-]{paragraph*.106}{フォース \(通常魔法\)}{subsubsection*.91}% 122
\BOOKMARK [4][-]{paragraph*.107}{剣の雨 \(通常魔法\)}{subsubsection*.91}% 123
\BOOKMARK [4][-]{paragraph*.108}{徴募 \(通常魔法\)}{subsubsection*.91}% 124
\BOOKMARK [4][-]{paragraph*.109}{奇襲 \(通常魔法\)}{subsubsection*.91}% 125
\BOOKMARK [4][-]{paragraph*.110}{サーチ \(速攻魔法\)}{subsubsection*.91}% 126
\BOOKMARK [4][-]{paragraph*.111}{B・J \(速攻魔法\)}{subsubsection*.91}% 127
\BOOKMARK [4][-]{paragraph*.112}{R・S・F \(速攻魔法\)}{subsubsection*.91}% 128
\BOOKMARK [4][-]{paragraph*.113}{リバース \(速攻魔法\)}{subsubsection*.91}% 129
\BOOKMARK [3][-]{subsubsection*.114}{誘発系}{subsection.4.3.1}% 130
\BOOKMARK [4][-]{paragraph*.115}{世代交代 \(誘発\)}{subsubsection*.114}% 131
\BOOKMARK [0][-]{chapter.5}{対戦レギュレーション}{}% 132
\BOOKMARK [1][-]{section.5.1}{対戦レギュレーションとは}{chapter.5}% 133
\BOOKMARK [1][-]{section.5.2}{定義項目}{chapter.5}% 134
\BOOKMARK [2][-]{subsection.5.2.1}{対戦レギュレーションの表記}{section.5.2}% 135
\BOOKMARK [2][-]{subsection.5.2.2}{対戦\(マッチ\)とゲーム\(試合\)}{section.5.2}% 136
\BOOKMARK [1][-]{section.5.3}{フレーム定義}{chapter.5}% 137
\BOOKMARK [2][-]{subsection.5.3.1}{マッチ形式}{section.5.3}% 138
\BOOKMARK [1][-]{section.5.4}{オプション定義}{chapter.5}% 139
\BOOKMARK [2][-]{subsection.5.4.1}{プリセット2}{section.5.4}% 140
\BOOKMARK [2][-]{subsection.5.4.2}{プリセット4}{section.5.4}% 141
\BOOKMARK [2][-]{subsection.5.4.3}{パック}{section.5.4}% 142
\BOOKMARK [1][-]{section.5.5}{対戦レギュレーションの決め方}{chapter.5}% 143
\BOOKMARK [0][-]{chapter.6}{付録}{}% 144
\BOOKMARK [1][-]{section.6.1}{PDF版ルール}{chapter.6}% 145
\BOOKMARK [1][-]{section.6.2}{アクションリスト}{chapter.6}% 146
\BOOKMARK [2][-]{subsection.6.2.1}{ライト}{section.6.2}% 147
\BOOKMARK [2][-]{subsection.6.2.2}{スタンダード}{section.6.2}% 148
\BOOKMARK [2][-]{subsection.6.2.3}{プロ}{section.6.2}% 149
\BOOKMARK [2][-]{subsection.6.2.4}{マスター}{section.6.2}% 150
\BOOKMARK [1][-]{section.6.3}{エクストラリスト}{chapter.6}% 151
