This is e-pTeX, Version 3.141592653-p3.9.0-210218-2.6 (utf8.euc) (TeX Live 2021) (preloaded format=platex 2021.7.14)  27 JUN 2026 17:23
entering extended mode
 restricted \write18 enabled.
 %&-line parsing enabled.
**blackpoker.tex
(./blackpoker.tex
pLaTeX2e <2021-06-01>+2 (based on LaTeX2e <2021-06-01> patch level 1)
L3 programming layer <2021-07-12> (./sphinxmanual.cls
Document Class: sphinxmanual 2019/12/01 v2.3.0 Document class (Sphinx manual)
(/usr/local/texlive/2021/texmf-dist/tex/platex/jsclasses/jsbook.cls
Document Class: jsbook 2021/06/28 jsclasses (okumura, texjporg)
\jsc@mpt=\dimen154
\jsc@mmm=\dimen155
\jsc@smallskipamount=\skip47
LaTeX Info: Redefining \textmc on input line 502.
LaTeX Info: Redefining \textgt on input line 504.
\symmincho=\mathgroup4
LaTeX Font Info:    Overwriting symbol font `mincho' in version `bold'
(Font)                  JY1/mc/m/n --> JY1/gt/m/n on input line 566.
LaTeX Font Info:    Font shape `JT1/mc/m/n' will be
(Font)              scaled to size 9.60999pt on input line 760.
LaTeX Font Info:    Font shape `JY1/mc/m/n' will be
(Font)              scaled to size 9.60999pt on input line 760.
\fullwidth=\dimen156
LaTeX Font Info:    Font shape `JT1/mc/m/n' will be
(Font)              scaled to size 7.68799pt on input line 921.
LaTeX Font Info:    Font shape `JY1/mc/m/n' will be
(Font)              scaled to size 7.68799pt on input line 921.
\c@part=\count181
\c@chapter=\count182
\c@section=\count183
\c@subsection=\count184
\c@subsubsection=\count185
\c@paragraph=\count186
\c@subparagraph=\count187
\c@figure=\count188
\c@table=\count189
\abovecaptionskip=\skip48
\belowcaptionskip=\skip49
\jsc@tocl@width=\dimen157
\@lnumwidth=\dimen158
\bibindent=\dimen159
(/usr/local/texlive/2021/texmf-dist/tex/platex/jsclasses/jslogo.sty
Package: jslogo 2019/07/25 okumura, texjporg
LaTeX Info: Redefining \TeX on input line 82.
LaTeX Info: Redefining \LaTeX on input line 135.
LaTeX Info: Redefining \LaTeXe on input line 188.
)
\heisei=\count190
)
LaTeX Info: Redefining \and on input line 35.
)
\sphinxpxdimen=\dimen160
(/usr/local/texlive/2021/texmf-dist/tex/latex/cmap/cmap.sty
Package: cmap 2021/02/06 v1.0j CMap support: searchable PDF

Package cmap Warning: pdftex not detected - exiting.

) (/usr/local/texlive/2021/texmf-dist/tex/latex/base/fontenc.sty
Package: fontenc 2021/04/29 v2.0v Standard LaTeX package
) (/usr/local/texlive/2021/texmf-dist/tex/latex/amsmath/amsmath.sty
Package: amsmath 2021/04/20 v2.17j AMS math features
\@mathmargin=\skip50
For additional information on amsmath, use the `?' option.
(/usr/local/texlive/2021/texmf-dist/tex/latex/amsmath/amstext.sty
Package: amstext 2000/06/29 v2.01 AMS text
(/usr/local/texlive/2021/texmf-dist/tex/latex/amsmath/amsgen.sty
File: amsgen.sty 1999/11/30 v2.0 generic functions
\@emptytoks=\toks17
\ex@=\dimen161
)) (/usr/local/texlive/2021/texmf-dist/tex/latex/amsmath/amsbsy.sty
Package: amsbsy 1999/11/29 v1.2d Bold Symbols
\pmbraise@=\dimen162
) (/usr/local/texlive/2021/texmf-dist/tex/latex/amsmath/amsopn.sty
Package: amsopn 2016/03/08 v2.02 operator names
)
\inf@bad=\count191
LaTeX Info: Redefining \frac on input line 234.
\uproot@=\count192
\leftroot@=\count193
LaTeX Info: Redefining \overline on input line 399.
\classnum@=\count194
\DOTSCASE@=\count195
LaTeX Info: Redefining \ldots on input line 496.
LaTeX Info: Redefining \dots on input line 499.
LaTeX Info: Redefining \cdots on input line 620.
\Mathstrutbox@=\box67
\strutbox@=\box68
\big@size=\dimen163
LaTeX Font Info:    Redeclaring font encoding OML on input line 743.
LaTeX Font Info:    Redeclaring font encoding OMS on input line 744.
\macc@depth=\count196
\c@MaxMatrixCols=\count197
\dotsspace@=\muskip16
\c@parentequation=\count198
\dspbrk@lvl=\count199
\tag@help=\toks18
\row@=\count266
\column@=\count267
\maxfields@=\count268
\andhelp@=\toks19
\eqnshift@=\dimen164
\alignsep@=\dimen165
\tagshift@=\dimen166
\tagwidth@=\dimen167
\totwidth@=\dimen168
\lineht@=\dimen169
\@envbody=\toks20
\multlinegap=\skip51
\multlinetaggap=\skip52
\mathdisplay@stack=\toks21
LaTeX Info: Redefining \[ on input line 2923.
LaTeX Info: Redefining \] on input line 2924.
) (/usr/local/texlive/2021/texmf-dist/tex/latex/amsfonts/amssymb.sty
Package: amssymb 2013/01/14 v3.01 AMS font symbols
(/usr/local/texlive/2021/texmf-dist/tex/latex/amsfonts/amsfonts.sty
Package: amsfonts 2013/01/14 v3.01 Basic AMSFonts support
\symAMSa=\mathgroup5
\symAMSb=\mathgroup6
LaTeX Font Info:    Redeclaring math symbol \hbar on input line 98.
LaTeX Font Info:    Overwriting math alphabet `\mathfrak' in version `bold'
(Font)                  U/euf/m/n --> U/euf/b/n on input line 106.
)) (/usr/local/texlive/2021/texmf-dist/tex/latex/tex-gyre/tgtermes.sty
Package: tgtermes 2009/09/27 v1.2 TeX Gyre Termes as default roman family
(/usr/local/texlive/2021/texmf-dist/tex/latex/kvoptions/kvoptions.sty
Package: kvoptions 2020-10-07 v3.14 Key value format for package options (HO)
(/usr/local/texlive/2021/texmf-dist/tex/latex/graphics/keyval.sty
Package: keyval 2014/10/28 v1.15 key=value parser (DPC)
\KV@toks@=\toks22
) (/usr/local/texlive/2021/texmf-dist/tex/generic/ltxcmds/ltxcmds.sty
Package: ltxcmds 2020-05-10 v1.25 LaTeX kernel commands for general use (HO)
) (/usr/local/texlive/2021/texmf-dist/tex/generic/kvsetkeys/kvsetkeys.sty
Package: kvsetkeys 2019/12/15 v1.18 Key value parser (HO)
)) (I search kanjifont definition file: . . ) (I search font definition file: .
. . . . . . )) (/usr/local/texlive/2021/texmf-dist/tex/latex/tex-gyre/tgheros.s
ty
Package: tgheros 2009/09/27 v1.2 TeX Gyre Heros as default sans serif family
) (./sphinx.sty
Package: sphinx 2022/08/15 v5.3.0 LaTeX package (Sphinx markup)
(/usr/local/texlive/2021/texmf-dist/tex/latex/xcolor/xcolor.sty
Package: xcolor 2016/05/11 v2.12 LaTeX color extensions (UK)
(/usr/local/texlive/2021/texmf-dist/tex/latex/graphics-cfg/color.cfg
File: color.cfg 2016/01/02 v1.6 sample color configuration
)
Package xcolor Info: Driver file: dvipdfmx.def on input line 225.
(/usr/local/texlive/2021/texmf-dist/tex/latex/graphics-def/dvipdfmx.def
File: dvipdfmx.def 2021/03/18 v5.0j Graphics/color driver for dvipdfmx
)
Package xcolor Info: Model `cmy' substituted by `cmy0' on input line 1348.
Package xcolor Info: Model `RGB' extended on input line 1364.
Package xcolor Info: Model `HTML' substituted by `rgb' on input line 1366.
Package xcolor Info: Model `Hsb' substituted by `hsb' on input line 1367.
Package xcolor Info: Model `tHsb' substituted by `hsb' on input line 1368.
Package xcolor Info: Model `HSB' substituted by `hsb' on input line 1369.
Package xcolor Info: Model `Gray' substituted by `gray' on input line 1370.
Package xcolor Info: Model `wave' substituted by `hsb' on input line 1371.
)
\sphinxverbatimsep=\dimen170
\sphinxverbatimborder=\dimen171
\sphinxshadowsep=\dimen172
\sphinxshadowsize=\dimen173
\sphinxshadowrule=\dimen174
\spx@notice@border=\dimen175
(./sphinxoptionshyperref.sty
File: sphinxoptionshyperref.sty 2021/01/27 hyperref
(/usr/local/texlive/2021/texmf-dist/tex/latex/base/atbegshi-ltx.sty
Package: atbegshi-ltx 2021/01/10 v1.0c Emulation of the original atbegshi
package with kernel methods
)) (./sphinxoptionsgeometry.sty
File: sphinxoptionsgeometry.sty 2021/01/27 geometry
LaTeX Font Info:    Trying to load font information for T1+qtm on input line 17
.
(/usr/local/texlive/2021/texmf-dist/tex/latex/tex-gyre/t1qtm.fd
File: t1qtm.fd 2009/09/25 v1.2 font definition file for T1/qtm
)) (/usr/local/texlive/2021/texmf-dist/tex/latex/base/textcomp.sty
Package: textcomp 2020/02/02 v2.0n Standard LaTeX package
) (/usr/local/texlive/2021/texmf-dist/tex/latex/float/float.sty
Package: float 2001/11/08 v1.3d Float enhancements (AL)
\c@float@type=\count269
\float@exts=\toks23
\float@box=\box69
\@float@everytoks=\toks24
\@floatcapt=\box70
) (/usr/local/texlive/2021/texmf-dist/tex/latex/wrapfig/wrapfig.sty
\wrapoverhang=\dimen176
\WF@size=\dimen177
\c@WF@wrappedlines=\count270
\WF@box=\box71
\WF@everypar=\toks25
Package: wrapfig 2003/01/31  v 3.6
) (/usr/local/texlive/2021/texmf-dist/tex/latex/capt-of/capt-of.sty
Package: capt-of 2009/12/29 v0.2 standard captions outside of floats
) (/usr/local/texlive/2021/texmf-dist/tex/latex/tools/multicol.sty
Package: multicol 2019/12/09 v1.8y multicolumn formatting (FMi)
\c@tracingmulticols=\count271
\mult@box=\box72
\multicol@leftmargin=\dimen178
\c@unbalance=\count272
\c@collectmore=\count273
\doublecol@number=\count274
\multicoltolerance=\count275
\multicolpretolerance=\count276
\full@width=\dimen179
\page@free=\dimen180
\premulticols=\dimen181
\postmulticols=\dimen182
\multicolsep=\skip53
\multicolbaselineskip=\skip54
\partial@page=\box73
\last@line=\box74
\maxbalancingoverflow=\dimen183
\mult@rightbox=\box75
\mult@grightbox=\box76
\mult@gfirstbox=\box77
\mult@firstbox=\box78
\@tempa=\box79
\@tempa=\box80
\@tempa=\box81
\@tempa=\box82
\@tempa=\box83
\@tempa=\box84
\@tempa=\box85
\@tempa=\box86
\@tempa=\box87
\@tempa=\box88
\@tempa=\box89
\@tempa=\box90
\@tempa=\box91
\@tempa=\box92
\@tempa=\box93
\@tempa=\box94
\@tempa=\box95
\@tempa=\box96
\@tempa=\box97
\@tempa=\box98
\@tempa=\box99
\@tempa=\box100
\@tempa=\box101
\@tempa=\box102
\@tempa=\box103
\@tempa=\box104
\@tempa=\box105
\@tempa=\box106
\@tempa=\box107
\@tempa=\box108
\@tempa=\box109
\@tempa=\box110
\@tempa=\box111
\@tempa=\box112
\@tempa=\box113
\@tempa=\box114
\@tempa=\box115
\c@minrows=\count277
\c@columnbadness=\count278
\c@finalcolumnbadness=\count279
\last@try=\dimen184
\multicolovershoot=\dimen185
\multicolundershoot=\dimen186
\mult@nat@firstbox=\box116
\colbreak@box=\box117
\mc@col@check@num=\count280
) (/usr/local/texlive/2021/texmf-dist/tex/latex/graphics/graphicx.sty
Package: graphicx 2020/12/05 v1.2c Enhanced LaTeX Graphics (DPC,SPQR)
(/usr/local/texlive/2021/texmf-dist/tex/latex/graphics/graphics.sty
Package: graphics 2021/03/04 v1.4d Standard LaTeX Graphics (DPC,SPQR)
(/usr/local/texlive/2021/texmf-dist/tex/latex/graphics/trig.sty
Package: trig 2016/01/03 v1.10 sin cos tan (DPC)
) (/usr/local/texlive/2021/texmf-dist/tex/latex/graphics-cfg/graphics.cfg
File: graphics.cfg 2016/06/04 v1.11 sample graphics configuration
)
Package graphics Info: Driver file: dvipdfmx.def on input line 107.
)
\Gin@req@height=\dimen187
\Gin@req@width=\dimen188
) (./sphinxlatexgraphics.sty
File: sphinxlatexgraphics.sty 2021/01/27 graphics
\spx@image@maxheight=\dimen189
\spx@image@box=\box118
) (./sphinxpackageboxes.sty
Package: sphinxpackageboxes 2022/07/04 v5.1.0 advanced colored boxes
\spx@tempboxa=\box119
\spx@tempboxb=\box120
\spx@boxes@border=\dimen190
\spx@boxes@border@top=\dimen191
\spx@boxes@border@right=\dimen192
\spx@boxes@border@bottom=\dimen193
\spx@boxes@border@left=\dimen194
\spx@boxes@padding@top=\dimen195
\spx@boxes@padding@right=\dimen196
\spx@boxes@padding@bottom=\dimen197
\spx@boxes@padding@left=\dimen198
\spx@boxes@shadow@xoffset=\dimen199
\spx@boxes@shadow@yoffset=\dimen256
\spx@boxes@radius@topleft=\dimen257
\spx@boxes@radius@topright=\dimen258
\spx@boxes@radius@bottomright=\dimen259
\spx@boxes@radius@bottomleft=\dimen260
) (./sphinxlatexadmonitions.sty
File: sphinxlatexadmonitions.sty 2022/07/03 admonitions
(/usr/local/texlive/2021/texmf-dist/tex/latex/framed/framed.sty
Package: framed 2011/10/22 v 0.96: framed or shaded text with page breaks
\OuterFrameSep=\skip55
\fb@frw=\dimen261
\fb@frh=\dimen262
\FrameRule=\dimen263
\FrameSep=\dimen264
)) (./sphinxlatexliterals.sty
File: sphinxlatexliterals.sty 2022/07/29 code-blocks and parsed literals
(/usr/local/texlive/2021/texmf-dist/tex/latex/fancyvrb/fancyvrb.sty
Package: fancyvrb 2021/01/20 v3.7 verbatim text (tvz,hv)
\FV@CodeLineNo=\count281
\FV@InFile=\read2
\FV@TabBox=\box121
\c@FancyVerbLine=\count282
\FV@StepNumber=\count283
\FV@OutFile=\write3
) (/usr/local/texlive/2021/texmf-dist/tex/latex/base/alltt.sty
Package: alltt 2021/01/29 v2.0g defines alltt environment
) (/usr/local/texlive/2021/texmf-dist/tex/latex/upquote/upquote.sty
Package: upquote 2012/04/19 v1.3 upright-quote and grave-accent glyphs in verba
tim
) (/usr/local/texlive/2021/texmf-dist/tex/latex/needspace/needspace.sty
Package: needspace 2010/09/12 v1.3d reserve vertical space
)
\sphinxcontinuationbox=\box122
\sphinxvisiblespacebox=\box123
\sphinxVerbatim@TitleBox=\box124
\sphinxVerbatim@ContentsBox=\box125
) (./sphinxlatexshadowbox.sty
File: sphinxlatexshadowbox.sty 2022/07/03 sphinxShadowBox
) (./sphinxlatexcontainers.sty
File: sphinxlatexcontainers.sty 2021/05/03 containers
) (./sphinxhighlight.sty
Package: sphinxhighlight 2022/06/30 stylesheet for highlighting with pygments
) (./sphinxlatextables.sty
File: sphinxlatextables.sty 2022/08/15 tables
(/usr/local/texlive/2021/texmf-dist/tex/latex/tabulary/tabulary.sty
Package: tabulary 2014/06/11 v0.10 tabulary package (DPC)
(/usr/local/texlive/2021/texmf-dist/tex/latex/tools/array.sty
Package: array 2021/04/20 v2.5e Tabular extension package (FMi)
\col@sep=\dimen265
\ar@mcellbox=\box126
\extrarowheight=\dimen266
\NC@list=\toks26
\extratabsurround=\skip56
\backup@length=\skip57
\ar@cellbox=\box127
)
\TY@count=\count284
\TY@linewidth=\dimen267
\tymin=\dimen268
\tymax=\dimen269
\TY@tablewidth=\dimen270
) (/usr/local/texlive/2021/texmf-dist/tex/latex/tools/longtable.sty
Package: longtable 2021-05-07 v4.16 Multi-page Table package (DPC)
\LTleft=\skip58
\LTright=\skip59
\LTpre=\skip60
\LTpost=\skip61
\LTchunksize=\count285
\LTcapwidth=\dimen271
\LT@head=\box128
\LT@firsthead=\box129
\LT@foot=\box130
\LT@lastfoot=\box131
\LT@gbox=\box132
\LT@cols=\count286
\LT@rows=\count287
\c@LT@tables=\count288
\c@LT@chunks=\count289
\LT@p@ftn=\toks27
) (/usr/local/texlive/2021/texmf-dist/tex/latex/varwidth/varwidth.sty
Package: varwidth 2009/03/30 ver 0.92;  Variable-width minipages
\@vwid@box=\box133
\sift@deathcycles=\count290
\@vwid@loff=\dimen272
\@vwid@roff=\dimen273
)
\sphinx@TY@tablewidth=\dimen274
(/usr/local/texlive/2021/texmf-dist/tex/latex/colortbl/colortbl.sty
Package: colortbl 2020/01/04 v1.0e Color table columns (DPC)
\everycr=\toks28
\minrowclearance=\skip62
)
\rownum=\count291
) (./sphinxlatexnumfig.sty
File: sphinxlatexnumfig.sty 2021/01/27 numbering
) (./sphinxlatexlists.sty
File: sphinxlatexlists.sty 2021/12/20 lists
\spx@lineitemlabel=\toks29
)
\c@sphinxscope=\count292
(./sphinxpackagefootnote.sty
Package: sphinxpackagefootnote 2022/08/15 v5.3.0 Sphinx custom footnotehyper pa
ckage (Sphinx team)
\FNH@notes=\box134
\FNH@toks=\toks30
\FNH@width=\dimen275
\c@sphinxfootnotemark=\count293
) (./sphinxlatexindbibtoc.sty
File: sphinxlatexindbibtoc.sty 2021/01/27 index, bib., toc
(/usr/local/texlive/2021/texmf-dist/tex/latex/base/makeidx.sty
Package: makeidx 2014/09/29 v1.0m Standard LaTeX package
)) (./sphinxlatexstylepage.sty
File: sphinxlatexstylepage.sty 2021/01/27 page styling
(/usr/local/texlive/2021/texmf-dist/tex/latex/parskip/parskip.sty
Rollback for package 'parskip' requested -> version 'v1'.
         This corresponds to the release introduced on 2001-04-09.
(/usr/local/texlive/2021/texmf-dist/tex/latex/parskip/parskip-2001-04-09.sty
Package: parskip 2001/04/09 non-zero parskip adjustments
)) (/usr/local/texlive/2021/texmf-dist/tex/latex/fancyhdr/fancyhdr.sty
Package: fancyhdr 2021/01/28 v4.0.1 Extensive control of page headers and foote
rs
\f@nch@headwidth=\skip63
\f@nch@O@elh=\skip64
\f@nch@O@erh=\skip65
\f@nch@O@olh=\skip66
\f@nch@O@orh=\skip67
\f@nch@O@elf=\skip68
\f@nch@O@erf=\skip69
\f@nch@O@olf=\skip70
\f@nch@O@orf=\skip71
)) (./sphinxlatexstyleheadings.sty
File: sphinxlatexstyleheadings.sty 2022/08/15 headings
(/usr/local/texlive/2021/texmf-dist/tex/latex/titlesec/titlesec.sty
Package: titlesec 2021/07/05 v2.14 Sectioning titles
\ttl@box=\box135
\beforetitleunit=\skip72
\aftertitleunit=\skip73
\ttl@plus=\dimen276
\ttl@minus=\dimen277
\ttl@toksa=\toks31
\titlewidth=\dimen278
\titlewidthlast=\dimen279
\titlewidthfirst=\dimen280
)) (./sphinxlatexstyletext.sty
File: sphinxlatexstyletext.sty 2022/07/02 text styling
) (./sphinxlatexobjects.sty
File: sphinxlatexobjects.sty 2022/01/13 documentation environments
\sphinxsignaturesep=\skip74
\py@argswidth=\skip75
\lineblockindentation=\skip76
\DUlineblockindent=\skip77
)) (/usr/local/texlive/2021/texmf-dist/tex/latex/geometry/geometry.sty
Package: geometry 2020/01/02 v5.9 Page Geometry
(/usr/local/texlive/2021/texmf-dist/tex/generic/iftex/ifvtex.sty
Package: ifvtex 2019/10/25 v1.7 ifvtex legacy package. Use iftex instead.
(/usr/local/texlive/2021/texmf-dist/tex/generic/iftex/iftex.sty
Package: iftex 2020/03/06 v1.0d TeX engine tests
))
\Gm@cnth=\count294
\Gm@cntv=\count295
\c@Gm@tempcnt=\count296
\Gm@bindingoffset=\dimen281
\Gm@wd@mp=\dimen282
\Gm@odd@mp=\dimen283
\Gm@even@mp=\dimen284
\Gm@layoutwidth=\dimen285
\Gm@layoutheight=\dimen286
\Gm@layouthoffset=\dimen287
\Gm@layoutvoffset=\dimen288
\Gm@dimlist=\toks32

Package geometry Warning: Over-specification in `h'-direction.
    `width' (332.88739pt) is ignored.


Package geometry Warning: Over-specification in `v'-direction.
    `height' (537.76073pt) is ignored.

) (/usr/local/texlive/2021/texmf-dist/tex/latex/hyperref/hyperref.sty
Package: hyperref 2021-06-07 v7.00m Hypertext links for LaTeX
(/usr/local/texlive/2021/texmf-dist/tex/generic/pdftexcmds/pdftexcmds.sty
Package: pdftexcmds 2020-06-27 v0.33 Utility functions of pdfTeX for LuaTeX (HO
)
(/usr/local/texlive/2021/texmf-dist/tex/generic/infwarerr/infwarerr.sty
Package: infwarerr 2019/12/03 v1.5 Providing info/warning/error messages (HO)
)
Package pdftexcmds Info: \pdf@primitive is available.
Package pdftexcmds Info: \pdf@ifprimitive is available.
Package pdftexcmds Info: \pdfdraftmode not found.
) (/usr/local/texlive/2021/texmf-dist/tex/generic/kvdefinekeys/kvdefinekeys.sty
Package: kvdefinekeys 2019-12-19 v1.6 Define keys (HO)
) (/usr/local/texlive/2021/texmf-dist/tex/generic/pdfescape/pdfescape.sty
Package: pdfescape 2019/12/09 v1.15 Implements pdfTeX's escape features (HO)
) (/usr/local/texlive/2021/texmf-dist/tex/latex/hycolor/hycolor.sty
Package: hycolor 2020-01-27 v1.10 Color options for hyperref/bookmark (HO)
) (/usr/local/texlive/2021/texmf-dist/tex/latex/letltxmacro/letltxmacro.sty
Package: letltxmacro 2019/12/03 v1.6 Let assignment for LaTeX macros (HO)
) (/usr/local/texlive/2021/texmf-dist/tex/latex/auxhook/auxhook.sty
Package: auxhook 2019-12-17 v1.6 Hooks for auxiliary files (HO)
)
\@linkdim=\dimen289
\Hy@linkcounter=\count297
\Hy@pagecounter=\count298
(/usr/local/texlive/2021/texmf-dist/tex/latex/hyperref/pd1enc.def
File: pd1enc.def 2021-06-07 v7.00m Hyperref: PDFDocEncoding definition (HO)
Now handling font encoding PD1 ...
... no UTF-8 mapping file for font encoding PD1
)
(/usr/local/texlive/2021/texmf-dist/tex/latex/hyperref/hyperref-langpatches.def
File: hyperref-langpatches.def 2021-06-07 v7.00m Hyperref: patches for babel la
nguages
) (/usr/local/texlive/2021/texmf-dist/tex/generic/intcalc/intcalc.sty
Package: intcalc 2019/12/15 v1.3 Expandable calculations with integers (HO)
) (/usr/local/texlive/2021/texmf-dist/tex/generic/etexcmds/etexcmds.sty
Package: etexcmds 2019/12/15 v1.7 Avoid name clashes with e-TeX commands (HO)
)
\Hy@SavedSpaceFactor=\count299
(/usr/local/texlive/2021/texmf-dist/tex/latex/hyperref/puenc.def
File: puenc.def 2021-06-07 v7.00m Hyperref: PDF Unicode definition (HO)
Now handling font encoding PU ...
... no UTF-8 mapping file for font encoding PU
)
Package hyperref Info: Option `setpagesize' set `false' on input line 4073.
Package hyperref Info: Option `colorlinks' set `true' on input line 4073.
Package hyperref Info: Option `breaklinks' set `true' on input line 4073.
Package hyperref Info: Hyper figures OFF on input line 4192.
Package hyperref Info: Link nesting OFF on input line 4197.
Package hyperref Info: Hyper index ON on input line 4200.
Package hyperref Info: Plain pages OFF on input line 4207.
Package hyperref Info: Backreferencing OFF on input line 4212.
Package hyperref Info: Implicit mode ON; LaTeX internals redefined.
Package hyperref Info: Bookmarks ON on input line 4445.
\c@Hy@tempcnt=\count300
(/usr/local/texlive/2021/texmf-dist/tex/latex/url/url.sty
\Urlmuskip=\muskip17
Package: url 2013/09/16  ver 3.4  Verb mode for urls, etc.
)
LaTeX Info: Redefining \url on input line 4804.
\XeTeXLinkMargin=\dimen290
(/usr/local/texlive/2021/texmf-dist/tex/generic/bitset/bitset.sty
Package: bitset 2019/12/09 v1.3 Handle bit-vector datatype (HO)
(/usr/local/texlive/2021/texmf-dist/tex/generic/bigintcalc/bigintcalc.sty
Package: bigintcalc 2019/12/15 v1.5 Expandable calculations on big integers (HO
)
))
\Fld@menulength=\count301
\Field@Width=\dimen291
\Fld@charsize=\dimen292
Package hyperref Info: Hyper figures OFF on input line 6076.
Package hyperref Info: Link nesting OFF on input line 6081.
Package hyperref Info: Hyper index ON on input line 6084.
Package hyperref Info: backreferencing OFF on input line 6091.
Package hyperref Info: Link coloring ON on input line 6094.
Package hyperref Info: Link coloring with OCG OFF on input line 6101.
Package hyperref Info: PDF/A mode OFF on input line 6106.
LaTeX Info: Redefining \ref on input line 6146.
LaTeX Info: Redefining \pageref on input line 6150.
\Hy@abspage=\count302
\c@Item=\count303
\c@Hfootnote=\count304
)
Package hyperref Info: Driver: hdvipdfm.
(/usr/local/texlive/2021/texmf-dist/tex/latex/hyperref/hdvipdfm.def
File: hdvipdfm.def 2021-06-07 v7.00m Hyperref driver for dvipdfm
\pdfm@box=\box136
\c@Hy@AnnotLevel=\count305
\HyField@AnnotCount=\count306
\Fld@listcount=\count307
\c@bookmark@seq@number=\count308

(/usr/local/texlive/2021/texmf-dist/tex/latex/rerunfilecheck/rerunfilecheck.sty
Package: rerunfilecheck 2019/12/05 v1.9 Rerun checks for auxiliary files (HO)
(/usr/local/texlive/2021/texmf-dist/tex/latex/base/atveryend-ltx.sty
Package: atveryend-ltx 2020/08/19 v1.0a Emulation of the original atvery packag
e
with kernel methods
)
(/usr/local/texlive/2021/texmf-dist/tex/generic/uniquecounter/uniquecounter.sty
Package: uniquecounter 2019/12/15 v1.4 Provide unlimited unique counter (HO)
)
Package uniquecounter Info: New unique counter `rerunfilecheck' on input line 2
86.
)
\Hy@SectionHShift=\skip78
) (/usr/local/texlive/2021/texmf-dist/tex/latex/oberdiek/hypcap.sty
Package: hypcap 2016/05/16 v1.12 Adjusting the anchors of captions (HO)
) (/usr/local/texlive/2021/texmf-dist/tex/platex/pxjahyper/pxjahyper.sty
Package: pxjahyper 2021/06/06 v0.9c
(/usr/local/texlive/2021/texmf-dist/tex/latex/etoolbox/etoolbox.sty
Package: etoolbox 2020/10/05 v2.5k e-TeX tools for LaTeX (JAW)
\etb@tempcnta=\count309
) (/usr/local/texlive/2021/texmf-dist/tex/platex/pxjahyper/pxjahyper-enc.sty
Package: pxjahyper-enc 2021/06/06 v0.9c
) (/usr/local/texlive/2021/texmf-dist/tex/latex/bxjatoucs/bxjatoucs.sty
Package: bxjatoucs 2019/10/20 v0.2
)) (./sphinxmessages.sty
Package: sphinxmessages 2019/01/04 v2.0 Localized LaTeX macros (Sphinx team)
) (/usr/local/texlive/2021/texmf-dist/tex/platex/pxrubrica/pxrubrica.sty
Package: pxrubrica 2021/03/06 v1.3d PX Japanese-style ruby
\pxrr@cnta=\count310
\pxrr@cntr=\count311
\pxrr@dima=\dimen293
\pxrr@boxa=\box137
\pxrr@boxb=\box138
\pxrr@boxr=\box139
)
\@indexfile=\write4
\openout4 = `blackpoker.idx'.

Writing index file blackpoker.idx
(/usr/local/texlive/2021/texmf-dist/tex/latex/enumitem/enumitem.sty
Package: enumitem 2019/06/20 v3.9 Customized lists
\labelindent=\skip79
\enit@outerparindent=\dimen294
\enit@toks=\toks33
\enit@inbox=\box140
\enit@count@id=\count312
\enitdp@description=\count313
) (/usr/local/texlive/2021/texmf-dist/tex/latex/l3backend/l3backend-dvipdfmx.de
f
File: l3backend-dvipdfmx.def 2021-07-12 L3 backend support: dvipdfmx
(|extractbb --version)
\c__kernel_sys_dvipdfmx_version_int=\count314
\l__color_backend_stack_int=\count315
\g__color_backend_stack_int=\count316
\g__graphics_track_int=\count317
\l__pdf_internal_box=\box141
\g__pdf_backend_object_int=\count318
\g__pdf_backend_annotation_int=\count319
\g__pdf_backend_link_int=\count320
) (./blackpoker.aux)
\openout1 = `blackpoker.aux'.

LaTeX Font Info:    Checking defaults for OML/cmm/m/it on input line 127.
LaTeX Font Info:    ... okay on input line 127.
LaTeX Font Info:    Checking defaults for OMS/cmsy/m/n on input line 127.
LaTeX Font Info:    ... okay on input line 127.
LaTeX Font Info:    Checking defaults for OT1/cmr/m/n on input line 127.
LaTeX Font Info:    ... okay on input line 127.
LaTeX Font Info:    Checking defaults for T1/cmr/m/n on input line 127.
LaTeX Font Info:    ... okay on input line 127.
LaTeX Font Info:    Checking defaults for TS1/cmr/m/n on input line 127.
LaTeX Font Info:    ... okay on input line 127.
LaTeX Font Info:    Checking defaults for OMX/cmex/m/n on input line 127.
LaTeX Font Info:    ... okay on input line 127.
LaTeX Font Info:    Checking defaults for U/cmr/m/n on input line 127.
LaTeX Font Info:    ... okay on input line 127.
LaTeX Font Info:    Checking defaults for JY1/mc/m/n on input line 127.
LaTeX Font Info:    ... okay on input line 127.
LaTeX Font Info:    Checking defaults for JT1/mc/m/n on input line 127.
LaTeX Font Info:    ... okay on input line 127.
LaTeX Font Info:    Checking defaults for PD1/pdf/m/n on input line 127.
LaTeX Font Info:    ... okay on input line 127.
LaTeX Font Info:    Checking defaults for PU/pdf/m/n on input line 127.
LaTeX Font Info:    ... okay on input line 127.
\c@literalblock=\count321
*geometry* detected driver: dvipdfm
*geometry* verbose mode - [ preamble ] result:
* driver: dvipdfm
* paper: a5paper
* layout: <same size as paper>
* layoutoffset:(h,v)=(0.0pt,0.0pt)
* lines: 36
* hratio: 1:1
* vratio: 1:1
* modes: twoside truedimen 
* h-part:(L,W,R)=(42.67912pt, 420.1649pt, 42.67912pt)
* v-part:(T,H,B)=(42.67912pt, 631.93808pt, 42.67912pt)
* \paperwidth=421.08852pt
* \paperheight=597.49854pt
* \textwidth=420.1649pt
* \textheight=631.93808pt
* \oddsidemargin=-44.07883pt
* \evensidemargin=-44.07883pt
* \topmargin=-78.38966pt
* \headheight=20.0pt
* \headsep=14.31084pt
* \topskip=12.76073pt
* \footskip=30.0pt
* \marginparwidth=46.23436pt
* \marginparsep=18.49374pt
* \columnsep=18.49374pt
* \skip\footins=16.0pt plus 5.0pt minus 2.0pt
* \hoffset=0.01173pt
* \voffset=0.01173pt
* \mag=833
* \@twocolumnfalse
* \@twosidetrue
* \@mparswitchtrue
* \@reversemarginfalse
* (1in=72.27pt=25.4mm, 1cm=28.453pt)

Package hyperref Info: Link coloring ON on input line 127.
(/usr/local/texlive/2021/texmf-dist/tex/latex/hyperref/nameref.sty
Package: nameref 2021-04-02 v2.47 Cross-referencing by name of section
(/usr/local/texlive/2021/texmf-dist/tex/latex/refcount/refcount.sty
Package: refcount 2019/12/15 v3.6 Data extraction from label references (HO)
)
(/usr/local/texlive/2021/texmf-dist/tex/generic/gettitlestring/gettitlestring.s
ty
Package: gettitlestring 2019/12/15 v1.6 Cleanup title references (HO)
)
\c@section@level=\count322
)
LaTeX Info: Redefining \ref on input line 127.
LaTeX Info: Redefining \pageref on input line 127.
LaTeX Info: Redefining \nameref on input line 127.
(./blackpoker.out) (./blackpoker.out)
\@outlinefile=\write5
\openout5 = `blackpoker.out'.

File: blackpoker_logo.pdf Graphic file (type pdf)
<blackpoker_logo.pdf>
LaTeX Font Info:    Font shape `JT1/mc/m/n' will be
(Font)              scaled to size 23.90964pt on input line 139.
LaTeX Font Info:    Font shape `JY1/mc/m/n' will be
(Font)              scaled to size 23.90964pt on input line 139.
LaTeX Font Info:    Font shape `JT1/mc/b/n' in size <24.88> not available
(Font)              Font shape `JT1/mc/bx/n' tried instead on input line 139.
LaTeX Font Info:    Font shape `JT1/mc/bx/n' in size <24.88> not available
(Font)              Font shape `JT1/gt/m/n' tried instead on input line 139.
LaTeX Font Info:    Font shape `JT1/gt/m/n' will be
(Font)              scaled to size 23.90964pt on input line 139.
LaTeX Font Info:    Font shape `JY1/mc/b/n' in size <24.88> not available
(Font)              Font shape `JY1/mc/bx/n' tried instead on input line 139.
LaTeX Font Info:    Font shape `JY1/mc/bx/n' in size <24.88> not available
(Font)              Font shape `JY1/gt/m/n' tried instead on input line 139.
LaTeX Font Info:    Font shape `JY1/gt/m/n' will be
(Font)              scaled to size 23.90964pt on input line 139.
LaTeX Font Info:    Font shape `JT1/mc/m/n' will be
(Font)              scaled to size 13.83836pt on input line 140.
LaTeX Font Info:    Font shape `JY1/mc/m/n' will be
(Font)              scaled to size 13.83836pt on input line 140.
LaTeX Font Info:    Font shape `JT1/mc/m/n' will be
(Font)              scaled to size 19.9311pt on input line 143.
LaTeX Font Info:    Font shape `JY1/mc/m/n' will be
(Font)              scaled to size 19.9311pt on input line 143.
LaTeX Font Info:    Font shape `JT1/mc/m/n' will be
(Font)              scaled to size 8.64899pt on input line 148.
LaTeX Font Info:    Font shape `JY1/mc/m/n' will be
(Font)              scaled to size 8.64899pt on input line 148.
LaTeX Font Info:    Trying to load font information for TS1+qtm on input line 1
48.
(/usr/local/texlive/2021/texmf-dist/tex/latex/tex-gyre/ts1qtm.fd
File: ts1qtm.fd 2009/09/25 v1.2 font definition file for TS1/qtm
) [1


] [2

]
LaTeX Font Info:    Font shape `JT1/gt/m/n' will be
(Font)              scaled to size 9.60999pt on input line 161.
LaTeX Font Info:    Font shape `JY1/gt/m/n' will be
(Font)              scaled to size 9.60999pt on input line 161.
LaTeX Font Info:    Trying to load font information for T1+qhv on input line 16
1.
(/usr/local/texlive/2021/texmf-dist/tex/latex/tex-gyre/t1qhv.fd
File: t1qhv.fd 2009/09/25 v1.2 font definition file for T1/qhv
) (./blackpoker.toc
LaTeX Font Info:    Font shape `JY1/mc/m/n' will be
(Font)              scaled to size 6.72699pt on input line 2.
LaTeX Font Info:    Font shape `JY1/mc/m/n' will be
(Font)              scaled to size 4.805pt on input line 2.
LaTeX Font Info:    Trying to load font information for U+msa on input line 2.
(/usr/local/texlive/2021/texmf-dist/tex/latex/amsfonts/umsa.fd
File: umsa.fd 2013/01/14 v3.01 AMS symbols A
)
LaTeX Font Info:    Trying to load font information for U+msb on input line 2.
(/usr/local/texlive/2021/texmf-dist/tex/latex/amsfonts/umsb.fd
File: umsb.fd 2013/01/14 v3.01 AMS symbols B
)
LaTeX Font Info:    Font shape `JT1/mc/b/n' in size <10> not available
(Font)              Font shape `JT1/mc/bx/n' tried instead on input line 34.
LaTeX Font Info:    Font shape `JT1/mc/bx/n' in size <10> not available
(Font)              Font shape `JT1/gt/m/n' tried instead on input line 34.
LaTeX Font Info:    Font shape `JT1/gt/m/n' will be
(Font)              scaled to size 9.60999pt on input line 34.
LaTeX Font Info:    Font shape `JY1/mc/b/n' in size <10> not available
(Font)              Font shape `JY1/mc/bx/n' tried instead on input line 34.
LaTeX Font Info:    Font shape `JY1/mc/bx/n' in size <10> not available
(Font)              Font shape `JY1/gt/m/n' tried instead on input line 34.
LaTeX Font Info:    Font shape `JY1/gt/m/n' will be
(Font)              scaled to size 9.60999pt on input line 34.
[1


]
LaTeX Font Info:    Font shape `JT1/gt/b/n' in size <10> not available
(Font)              Font shape `JT1/gt/bx/n' tried instead on input line 74.
LaTeX Font Info:    Font shape `JT1/gt/bx/n' in size <10> not available
(Font)              Font shape `JT1/gt/m/n' tried instead on input line 74.
LaTeX Font Info:    Font shape `JT1/gt/m/n' will be
(Font)              scaled to size 9.60999pt on input line 74.
LaTeX Font Info:    Font shape `JY1/gt/b/n' in size <10> not available
(Font)              Font shape `JY1/gt/bx/n' tried instead on input line 74.
LaTeX Font Info:    Font shape `JY1/gt/bx/n' in size <10> not available
(Font)              Font shape `JY1/gt/m/n' tried instead on input line 74.
LaTeX Font Info:    Font shape `JY1/gt/m/n' will be
(Font)              scaled to size 9.60999pt on input line 74.
[2]
LaTeX Font Info:    Font shape `JT1/mc/m/n' will be
(Font)              scaled to size 4.805pt on input line 93.
[3] [4] [5] [6] [7] [8] [9] [10]
LaTeX Font Info:    Trying to load font information for T1+txtt on input line 4
26.
(/usr/local/texlive/2021/texmf-dist/tex/latex/txfonts/t1txtt.fd
File: t1txtt.fd 2000/12/15 v3.1
) [11])
\tf@toc=\write6
\openout6 = `blackpoker.toc'.

[12] [1

] [2

]
第1章
LaTeX Font Info:    Font shape `JT1/gt/m/n' will be
(Font)              scaled to size 19.9311pt on input line 172.
LaTeX Font Info:    Font shape `JY1/gt/m/n' will be
(Font)              scaled to size 19.9311pt on input line 172.
LaTeX Font Info:    Font shape `JT1/gt/m/n' will be
(Font)              scaled to size 13.83836pt on input line 187.
LaTeX Font Info:    Font shape `JY1/gt/m/n' will be
(Font)              scaled to size 13.83836pt on input line 187.
LaTeX Font Info:    Font shape `JT1/gt/b/n' in size <14.4> not available
(Font)              Font shape `JT1/gt/bx/n' tried instead on input line 187.
LaTeX Font Info:    Font shape `JT1/gt/bx/n' in size <14.4> not available
(Font)              Font shape `JT1/gt/m/n' tried instead on input line 187.
LaTeX Font Info:    Font shape `JT1/gt/m/n' will be
(Font)              scaled to size 13.83836pt on input line 187.
LaTeX Font Info:    Font shape `JY1/gt/b/n' in size <14.4> not available
(Font)              Font shape `JY1/gt/bx/n' tried instead on input line 187.
LaTeX Font Info:    Font shape `JY1/gt/bx/n' in size <14.4> not available
(Font)              Font shape `JY1/gt/m/n' tried instead on input line 187.
LaTeX Font Info:    Font shape `JY1/gt/m/n' will be
(Font)              scaled to size 13.83836pt on input line 187.
File: play-image.pdf Graphic file (type pdf)
<play-image.pdf>
[3]
LaTeX Font Info:    Font shape `JT1/gt/m/n' will be
(Font)              scaled to size 4.805pt on input line 207.
LaTeX Font Info:    Font shape `JY1/gt/m/n' will be
(Font)              scaled to size 4.805pt on input line 207.

Overfull \hbox (152.52876pt too wide) in paragraph at lines 241--243
[]
 []


Overfull \hbox (152.52876pt too wide) in paragraph at lines 245--247
[]
 []


Overfull \hbox (152.52876pt too wide) in paragraph at lines 249--251
[]
 []


Overfull \hbox (152.52876pt too wide) in paragraph at lines 253--255
[]
 []


Overfull \hbox (152.52876pt too wide) in paragraph at lines 257--259
[]
 []


Overfull \hbox (152.52876pt too wide) in paragraph at lines 261--263
[]
 []

LaTeX Font Info:    Font shape `JT1/mc/m/n' will be
(Font)              scaled to size 11.53198pt on input line 267.
LaTeX Font Info:    Font shape `JY1/mc/m/n' will be
(Font)              scaled to size 11.53198pt on input line 267.
LaTeX Font Info:    Font shape `JT1/gt/m/n' will be
(Font)              scaled to size 11.53198pt on input line 267.
LaTeX Font Info:    Font shape `JY1/gt/m/n' will be
(Font)              scaled to size 11.53198pt on input line 267.
LaTeX Font Info:    Font shape `JT1/gt/b/n' in size <12> not available
(Font)              Font shape `JT1/gt/bx/n' tried instead on input line 267.
LaTeX Font Info:    Font shape `JT1/gt/bx/n' in size <12> not available
(Font)              Font shape `JT1/gt/m/n' tried instead on input line 267.
LaTeX Font Info:    Font shape `JT1/gt/m/n' will be
(Font)              scaled to size 11.53198pt on input line 267.
LaTeX Font Info:    Font shape `JY1/gt/b/n' in size <12> not available
(Font)              Font shape `JY1/gt/bx/n' tried instead on input line 267.
LaTeX Font Info:    Font shape `JY1/gt/bx/n' in size <12> not available
(Font)              Font shape `JY1/gt/m/n' tried instead on input line 267.
LaTeX Font Info:    Font shape `JY1/gt/m/n' will be
(Font)              scaled to size 11.53198pt on input line 267.

Overfull \hbox (152.52876pt too wide) in paragraph at lines 273--275
[]
 []


Overfull \hbox (152.52876pt too wide) in paragraph at lines 280--282
[]
 []


Overfull \hbox (152.52876pt too wide) in paragraph at lines 284--286
[]
 []

[4]
Overfull \hbox (152.52876pt too wide) in paragraph at lines 297--299
[]
 []


Overfull \hbox (152.52876pt too wide) in paragraph at lines 301--304
[]
 []


Overfull \hbox (152.52876pt too wide) in paragraph at lines 306--308
[]
 []


Overfull \hbox (152.52876pt too wide) in paragraph at lines 310--312
[]
 []


Overfull \hbox (152.52876pt too wide) in paragraph at lines 314--316
[]
 []


Overfull \hbox (152.52876pt too wide) in paragraph at lines 318--320
[]
 []


Overfull \hbox (152.52876pt too wide) in paragraph at lines 322--324
[]
 []


Overfull \hbox (152.52876pt too wide) in paragraph at lines 326--328
[]
 []


Overfull \hbox (152.52876pt too wide) in paragraph at lines 330--332
[]
 []


Overfull \hbox (152.52876pt too wide) in paragraph at lines 334--336
[]
 []

[5] [6

]
第2章

Overfull \hbox (152.52876pt too wide) in paragraph at lines 370--372
[]
 []


Overfull \hbox (152.52876pt too wide) in paragraph at lines 387--389
[]
 []

[7] [8] [9] [10]
第3章
[11

] [12]
File: extra.pdf Graphic file (type pdf)
<extra.pdf>

Overfull \hbox (152.52876pt too wide) in paragraph at lines 986--989
[]
 []


Overfull \hbox (152.52876pt too wide) in paragraph at lines 994--996
[]
 []


Overfull \hbox (152.52876pt too wide) in paragraph at lines 1001--1003
[]
 []


Overfull \hbox (152.52876pt too wide) in paragraph at lines 1008--1010
[]
 []


Overfull \hbox (152.52876pt too wide) in paragraph at lines 1015--1017
[]
 []


Overfull \hbox (152.52876pt too wide) in paragraph at lines 1022--1025
[]
 []


Overfull \hbox (152.52876pt too wide) in paragraph at lines 1030--1033
[]
 []

[13]
Overfull \hbox (152.52876pt too wide) in paragraph at lines 1038--1040
[]
 []


Overfull \hbox (152.52876pt too wide) in paragraph at lines 1051--1054
[]
 []

File: plantuml-0277597f1fe8b18352cb5b3b41a13aa564f71311.pdf Graphic file (type 
pdf)
<plantuml-0277597f1fe8b18352cb5b3b41a13aa564f71311.pdf>
[14] [15]
LaTeX Font Info:    Font shape `JT1/gt/m/it' in size <10> not available
(Font)              Font shape `JT1/gt/m/n' tried instead on input line 1197.
LaTeX Font Info:    Font shape `JT1/gt/m/n' will be
(Font)              scaled to size 9.60999pt on input line 1197.
LaTeX Font Info:    Font shape `JY1/gt/m/it' in size <10> not available
(Font)              Font shape `JY1/gt/m/n' tried instead on input line 1197.
LaTeX Font Info:    Font shape `JY1/gt/m/n' will be
(Font)              scaled to size 9.60999pt on input line 1197.

Overfull \hbox (152.52876pt too wide) in paragraph at lines 1213--1218
[]
 []


Overfull \hbox (152.52876pt too wide) in paragraph at lines 1220--1225
[]
 []

File: abstract_editable_fixed.pdf Graphic file (type pdf)
<abstract_editable_fixed.pdf>

Overfull \hbox (152.52876pt too wide) in paragraph at lines 1264--1266
[]
 []


Overfull \hbox (152.52876pt too wide) in paragraph at lines 1268--1270
[]
 []


Overfull \hbox (152.52876pt too wide) in paragraph at lines 1272--1274
[]
 []

[16] [17] [18

]
第4章

Overfull \hbox (152.52876pt too wide) in paragraph at lines 1347--1351
[]
 []


Overfull \hbox (152.52876pt too wide) in paragraph at lines 1356--1358
[]
 []


Overfull \hbox (152.52876pt too wide) in paragraph at lines 1363--1366
[]
 []


Overfull \hbox (152.52876pt too wide) in paragraph at lines 1379--1381
[]
 []


Overfull \hbox (152.52876pt too wide) in paragraph at lines 1383--1386
[]
 []

[19]
Overfull \hbox (152.52876pt too wide) in paragraph at lines 1396--1400
[]
 []


Overfull \hbox (152.52876pt too wide) in paragraph at lines 1402--1405
[]
 []


Overfull \hbox (152.52876pt too wide) in paragraph at lines 1437--1439
[]
 []


Overfull \hbox (152.52876pt too wide) in paragraph at lines 1441--1443
[]
 []


Overfull \hbox (152.52876pt too wide) in paragraph at lines 1445--1447
[]
 []

[20]
File: character.pdf Graphic file (type pdf)
<character.pdf>
File: charge&drive.pdf Graphic file (type pdf)
<charge&drive.pdf>
[21]
Overfull \hbox (152.52876pt too wide) in paragraph at lines 1552--1554
[]
 []


Overfull \hbox (152.52876pt too wide) in paragraph at lines 1559--1561
[]
 []


Overfull \hbox (152.52876pt too wide) in paragraph at lines 1566--1569
[]
 []


Overfull \hbox (152.52876pt too wide) in paragraph at lines 1574--1576
[]
 []


Overfull \hbox (152.52876pt too wide) in paragraph at lines 1581--1583
[]
 []


Overfull \hbox (152.52876pt too wide) in paragraph at lines 1632--1634
[]
 []

[22]
Overfull \hbox (152.52876pt too wide) in paragraph at lines 1666--1668
[]
 []


Overfull \hbox (152.52876pt too wide) in paragraph at lines 1673--1676
[]
 []

[23] [24

]
第5章

Overfull \hbox (152.52876pt too wide) in paragraph at lines 1764--1766
[]
 []


Overfull \hbox (152.52876pt too wide) in paragraph at lines 1771--1773
[]
 []


Overfull \hbox (152.52876pt too wide) in paragraph at lines 1778--1781
[]
 []


Overfull \hbox (152.52876pt too wide) in paragraph at lines 1789--1793
[]
 []


Overfull \hbox (148.09035pt too wide) in paragraph at lines 1794--1797
[]
 []


Overfull \hbox (148.09035pt too wide) in paragraph at lines 1799--1801
[]
 []

[25]
Overfull \hbox (152.52876pt too wide) in paragraph at lines 1811--1814
[]
 []


Overfull \hbox (152.52876pt too wide) in paragraph at lines 1822--1826
[]
 []


Overfull \hbox (152.52876pt too wide) in paragraph at lines 1831--1835
[]
 []


Overfull \hbox (152.52876pt too wide) in paragraph at lines 1840--1843
[]
 []


Overfull \hbox (152.52876pt too wide) in paragraph at lines 1848--1850
[]
 []


Overfull \hbox (152.52876pt too wide) in paragraph at lines 1855--1857
[]
 []


Overfull \hbox (152.52876pt too wide) in paragraph at lines 1862--1864
[]
 []


Overfull \hbox (152.52876pt too wide) in paragraph at lines 1869--1871
[]
 []


Overfull \hbox (152.52876pt too wide) in paragraph at lines 1876--1878
[]
 []

[26]
File: plantuml-8fc2394adc50c732a67d8e146f59a878f83db7f6.pdf Graphic file (type 
pdf)
<plantuml-8fc2394adc50c732a67d8e146f59a878f83db7f6.pdf>

Overfull \hbox (152.52876pt too wide) in paragraph at lines 2093--2095
[]
 []


Overfull \hbox (152.52876pt too wide) in paragraph at lines 2100--2102
[]
 []


Overfull \hbox (152.52876pt too wide) in paragraph at lines 2107--2109
[]
 []


Overfull \hbox (152.52876pt too wide) in paragraph at lines 2114--2116
[]
 []

[27]
Overfull \hbox (152.52876pt too wide) in paragraph at lines 2121--2124
[]
 []

[28]
File: action-request1.pdf Graphic file (type pdf)
<action-request1.pdf>
File: action-request2.pdf Graphic file (type pdf)
<action-request2.pdf>
File: action-request3.pdf Graphic file (type pdf)
<action-request3.pdf>
[29]
File: plantuml-cb9fd2d1334b3cabcd0fd4de0ac3ea76b2c5530d.pdf Graphic file (type 
pdf)
<plantuml-cb9fd2d1334b3cabcd0fd4de0ac3ea76b2c5530d.pdf>
[30]
File: plantuml-7a9b36752e6075b8875ba8580e620f32df549a3b.pdf Graphic file (type 
pdf)
<plantuml-7a9b36752e6075b8875ba8580e620f32df549a3b.pdf>
[31] [32] [33] [34

]
第6章

Overfull \hbox (152.52876pt too wide) in paragraph at lines 2467--2470
[]
 []


Overfull \hbox (152.52876pt too wide) in paragraph at lines 2472--2474
[]
 []


Overfull \hbox (152.52876pt too wide) in paragraph at lines 2476--2478
[]
 []

[35]
File: set-bulwork.pdf Graphic file (type pdf)
<set-bulwork.pdf>
File: set-fog.pdf Graphic file (type pdf)
<set-fog.pdf>
File: set-stage.pdf Graphic file (type pdf)
<set-stage.pdf>
[36] [37] [38]
第7章

Overfull \hbox (152.52876pt too wide) in paragraph at lines 2756--2758
[]
 []


Overfull \hbox (152.52876pt too wide) in paragraph at lines 2760--2762
[]
 []


Overfull \hbox (152.52876pt too wide) in paragraph at lines 2764--2766
[]
 []


Overfull \hbox (152.52876pt too wide) in paragraph at lines 2776--2778
[]
 []


Overfull \hbox (152.52876pt too wide) in paragraph at lines 2780--2782
[]
 []


Overfull \hbox (152.52876pt too wide) in paragraph at lines 2784--2786
[]
 []


Overfull \hbox (152.52876pt too wide) in paragraph at lines 2788--2790
[]
 []

[39

]
LaTeX Font Info:    Font shape `JT1/gt/m/it' in size <5> not available
(Font)              Font shape `JT1/gt/m/n' tried instead on input line 2887.
LaTeX Font Info:    Font shape `JT1/gt/m/n' will be
(Font)              scaled to size 4.805pt on input line 2887.
LaTeX Font Info:    Font shape `JY1/gt/m/it' in size <5> not available
(Font)              Font shape `JY1/gt/m/n' tried instead on input line 2887.
LaTeX Font Info:    Font shape `JY1/gt/m/n' will be
(Font)              scaled to size 4.805pt on input line 2887.
[40] [41] [42]
LaTeX Font Info:    Font shape `JT1/gt/b/n' in size <5> not available
(Font)              Font shape `JT1/gt/bx/n' tried instead on input line 3419.
LaTeX Font Info:    Font shape `JT1/gt/bx/n' in size <5> not available
(Font)              Font shape `JT1/gt/m/n' tried instead on input line 3419.
LaTeX Font Info:    Font shape `JT1/gt/m/n' will be
(Font)              scaled to size 4.805pt on input line 3419.
LaTeX Font Info:    Font shape `JY1/gt/b/n' in size <5> not available
(Font)              Font shape `JY1/gt/bx/n' tried instead on input line 3419.
LaTeX Font Info:    Font shape `JY1/gt/bx/n' in size <5> not available
(Font)              Font shape `JY1/gt/m/n' tried instead on input line 3419.
LaTeX Font Info:    Font shape `JY1/gt/m/n' will be
(Font)              scaled to size 4.805pt on input line 3419.
[43] [44] [45] [46] [47] [48] [49] [50] [51] [52] [53] [54] [55] [56] [57] [58]
[59] [60

]
第8章

Overfull \hbox (152.52876pt too wide) in paragraph at lines 6602--6605
[]
 []


Overfull \hbox (152.52876pt too wide) in paragraph at lines 6607--6609
[]
 []


Overfull \hbox (152.52876pt too wide) in paragraph at lines 6611--6613
[]
 []


Overfull \hbox (152.52876pt too wide) in paragraph at lines 6615--6617
[]
 []


Overfull \hbox (152.52876pt too wide) in paragraph at lines 6619--6621
[]
 []


Overfull \hbox (152.52876pt too wide) in paragraph at lines 6623--6625
[]
 []


Overfull \hbox (152.52876pt too wide) in paragraph at lines 6627--6629
[]
 []

[61]
File: entry.pdf Graphic file (type pdf)
<entry.pdf>
[62]
File: pack.pdf Graphic file (type pdf)
<pack.pdf>
[63]
File: rarePack.pdf Graphic file (type pdf)
<rarePack.pdf>
[64]
File: rarePack.pdf Graphic file (type pdf)
<rarePack.pdf>
[65] [66]
File: extra.pdf Graphic file (type pdf)
<extra.pdf>
[67]
File: extra.pdf Graphic file (type pdf)
<extra.pdf>
[68] [69]
Underfull \vbox (badness 1603) detected at line 8007
 []

[70]
Underfull \vbox (badness 10000) detected at line 8007
 []


Underfull \vbox (badness 10000) detected at line 8007
 []


Overfull \vbox (2.23927pt too high) has occurred while \output is active []

[71] [72] [73] [74] [75] [76] [77] [78] [79] [80] [81] [82] [83] [84] [85] [86]
[87] [88] [89] [90] [91] [92] [93] [94] [95] [96] [97] [98] [99]
Underfull \vbox (badness 10000) detected at line 14438
 []


Underfull \vbox (badness 10000) detected at line 14438
 []


Overfull \vbox (2.23927pt too high) has occurred while \output is active []

[100]
File: Pictorial_Key_to_the_Tarot_Swords_01.jpg Graphic file (type bmp)
<Pictorial_Key_to_the_Tarot_Swords_01.jpg>
[101]
File: Pictorial_Key_to_the_Tarot_Swords_02.jpg Graphic file (type bmp)
<Pictorial_Key_to_the_Tarot_Swords_02.jpg>
File: Pictorial_Key_to_the_Tarot_Swords_03.jpg Graphic file (type bmp)
<Pictorial_Key_to_the_Tarot_Swords_03.jpg>
[102]
File: Pictorial_Key_to_the_Tarot_Swords_04.jpg Graphic file (type bmp)
<Pictorial_Key_to_the_Tarot_Swords_04.jpg>
File: Pictorial_Key_to_the_Tarot_Swords_05.jpg Graphic file (type bmp)
<Pictorial_Key_to_the_Tarot_Swords_05.jpg>
[103]
File: Pictorial_Key_to_the_Tarot_Swords_07.jpg Graphic file (type bmp)
<Pictorial_Key_to_the_Tarot_Swords_07.jpg>
File: Pictorial_Key_to_the_Tarot_20_Judgement.jpg Graphic file (type bmp)
<Pictorial_Key_to_the_Tarot_20_Judgement.jpg>
[104]
File: Pictorial_Key_to_the_Tarot_04_The_Emperor.jpg Graphic file (type bmp)
<Pictorial_Key_to_the_Tarot_04_The_Emperor.jpg>
File: Pictorial_Key_to_the_Tarot_Cups_02.jpg Graphic file (type bmp)
<Pictorial_Key_to_the_Tarot_Cups_02.jpg>
[105]
File: Pictorial_Key_to_the_Tarot_Cups_03.jpg Graphic file (type bmp)
<Pictorial_Key_to_the_Tarot_Cups_03.jpg>
File: Pictorial_Key_to_the_Tarot_Cups_04.jpg Graphic file (type bmp)
<Pictorial_Key_to_the_Tarot_Cups_04.jpg>
[106]
File: Pictorial_Key_to_the_Tarot_Cups_05.jpg Graphic file (type bmp)
<Pictorial_Key_to_the_Tarot_Cups_05.jpg>
File: Pictorial_Key_to_the_Tarot_Cups_07.jpg Graphic file (type bmp)
<Pictorial_Key_to_the_Tarot_Cups_07.jpg>
[107]
File: Pictorial_Key_to_the_Tarot_Cups_08.jpg Graphic file (type bmp)
<Pictorial_Key_to_the_Tarot_Cups_08.jpg>
File: Pictorial_Key_to_the_Tarot_07_The_Chariot.jpg Graphic file (type bmp)
<Pictorial_Key_to_the_Tarot_07_The_Chariot.jpg>
[108]
File: Pictorial_Key_to_the_Tarot_08_Strength.jpg Graphic file (type bmp)
<Pictorial_Key_to_the_Tarot_08_Strength.jpg>
File: Pictorial_Key_to_the_Tarot_Pentacles_01.jpg Graphic file (type bmp)
<Pictorial_Key_to_the_Tarot_Pentacles_01.jpg>
[109]
File: Pictorial_Key_to_the_Tarot_Pentacles_03.jpg Graphic file (type bmp)
<Pictorial_Key_to_the_Tarot_Pentacles_03.jpg>
File: Pictorial_Key_to_the_Tarot_Pentacles_04.jpg Graphic file (type bmp)
<Pictorial_Key_to_the_Tarot_Pentacles_04.jpg>
[110]
File: Pictorial_Key_to_the_Tarot_Pentacles_05.jpg Graphic file (type bmp)
<Pictorial_Key_to_the_Tarot_Pentacles_05.jpg>
File: Pictorial_Key_to_the_Tarot_Pentacles_08.jpg Graphic file (type bmp)
<Pictorial_Key_to_the_Tarot_Pentacles_08.jpg>
[111]
File: Pictorial_Key_to_the_Tarot_Pentacles_09.jpg Graphic file (type bmp)
<Pictorial_Key_to_the_Tarot_Pentacles_09.jpg>
File: Pictorial_Key_to_the_Tarot_02_The_High_Priestess.jpg Graphic file (type b
mp)
<Pictorial_Key_to_the_Tarot_02_The_High_Priestess.jpg>
[112]
File: Pictorial_Key_to_the_Tarot_Wands_04.jpg Graphic file (type bmp)
<Pictorial_Key_to_the_Tarot_Wands_04.jpg>
File: Pictorial_Key_to_the_Tarot_Wands_05.jpg Graphic file (type bmp)
<Pictorial_Key_to_the_Tarot_Wands_05.jpg>
[113]
File: Pictorial_Key_to_the_Tarot_Wands_07.jpg Graphic file (type bmp)
<Pictorial_Key_to_the_Tarot_Wands_07.jpg>
File: Pictorial_Key_to_the_Tarot_Wands_08.jpg Graphic file (type bmp)
<Pictorial_Key_to_the_Tarot_Wands_08.jpg>
[114]
File: Pictorial_Key_to_the_Tarot_Wands_09.jpg Graphic file (type bmp)
<Pictorial_Key_to_the_Tarot_Wands_09.jpg>
File: Pictorial_Key_to_the_Tarot_Wands_10.jpg Graphic file (type bmp)
<Pictorial_Key_to_the_Tarot_Wands_10.jpg>
[115]
File: Pictorial_Key_to_the_Tarot_13_Death.jpg Graphic file (type bmp)
<Pictorial_Key_to_the_Tarot_13_Death.jpg>
[116]
第9章
File: plantuml-a48ae812b7928018b87aae8625516edb5582f1c3.pdf Graphic file (type 
pdf)
<plantuml-a48ae812b7928018b87aae8625516edb5582f1c3.pdf>
[117

] [118]
File: abstract.pdf Graphic file (type pdf)
<abstract.pdf>
File: plantuml-23dc00db4b4de1657caa1d69096791c744461298.pdf Graphic file (type 
pdf)
<plantuml-23dc00db4b4de1657caa1d69096791c744461298.pdf>
[119]
Overfull \hbox (152.52876pt too wide) in paragraph at lines 18315--18317
[]
 []


Overfull \hbox (152.52876pt too wide) in paragraph at lines 18319--18321
[]
 []


Overfull \hbox (152.52876pt too wide) in paragraph at lines 18335--18337
[]
 []


Overfull \hbox (152.52876pt too wide) in paragraph at lines 18339--18341
[]
 []


Overfull \hbox (152.52876pt too wide) in paragraph at lines 18357--18360
[]
 []


Overfull \hbox (148.09035pt too wide) in paragraph at lines 18360--18361
[]
 []


Overfull \hbox (152.52876pt too wide) in paragraph at lines 18381--18384
[]
 []


Overfull \hbox (148.09035pt too wide) in paragraph at lines 18384--18385
[]
 []

[120]
Overfull \hbox (152.52876pt too wide) in paragraph at lines 18438--18439
[]
 []


Overfull \hbox (152.52876pt too wide) in paragraph at lines 18465--18467
[]
 []


Overfull \hbox (152.52876pt too wide) in paragraph at lines 18469--18471
[]
 []


Overfull \hbox (152.52876pt too wide) in paragraph at lines 18473--18475
[]
 []


Overfull \hbox (152.52876pt too wide) in paragraph at lines 18477--18479
[]
 []

[121]
Overfull \hbox (152.52876pt too wide) in paragraph at lines 18490--18493
[]
 []


Overfull \hbox (152.52876pt too wide) in paragraph at lines 18495--18497
[]
 []


Overfull \hbox (152.52876pt too wide) in paragraph at lines 18508--18510
[]
 []


Overfull \hbox (152.52876pt too wide) in paragraph at lines 18515--18518
[]
 []


Overfull \hbox (152.52876pt too wide) in paragraph at lines 18523--18526
[]
 []

File: plantuml-f054e590a564faf99144812faf8134b519ac3b3c.pdf Graphic file (type 
pdf)
<plantuml-f054e590a564faf99144812faf8134b519ac3b3c.pdf>
[122]
File: plantuml-5e71291ebc7e6c2d8f01e965121a5a06f8f0bda4.pdf Graphic file (type 
pdf)
<plantuml-5e71291ebc7e6c2d8f01e965121a5a06f8f0bda4.pdf>
[123]
Overfull \hbox (148.09035pt too wide) in paragraph at lines 18604--18605
[]
 []


Overfull \hbox (148.09035pt too wide) in paragraph at lines 18615--18616
[]
 []


Overfull \hbox (148.09035pt too wide) in paragraph at lines 18626--18627
[]
 []


Overfull \hbox (143.65193pt too wide) in paragraph at lines 18647--18649
[]
 []


Overfull \hbox (143.65193pt too wide) in paragraph at lines 18654--18656
[]
 []


Overfull \hbox (143.65193pt too wide) in paragraph at lines 18661--18663
[]
 []


Overfull \hbox (148.09035pt too wide) in paragraph at lines 18683--18685
[]
 []


Overfull \hbox (148.09035pt too wide) in paragraph at lines 18690--18692
[]
 []

[124]
Overfull \hbox (148.09035pt too wide) in paragraph at lines 18697--18699
[]
 []


Overfull \hbox (148.09035pt too wide) in paragraph at lines 18704--18706
[]
 []

File: plantuml-7c9994aa40110a332ad4ea7418609bbeec92151d.pdf Graphic file (type 
pdf)
<plantuml-7c9994aa40110a332ad4ea7418609bbeec92151d.pdf>

Overfull \hbox (152.52876pt too wide) in paragraph at lines 18737--18739
[]
 []


Overfull \hbox (152.52876pt too wide) in paragraph at lines 18741--18743
[]
 []


Overfull \hbox (152.52876pt too wide) in paragraph at lines 18745--18748
[]
 []


Overfull \hbox (152.52876pt too wide) in paragraph at lines 18750--18752
[]
 []


Overfull \hbox (152.52876pt too wide) in paragraph at lines 18754--18759
[]
 []


Overfull \hbox (152.52876pt too wide) in paragraph at lines 18765--18769
[]
 []


Overfull \hbox (152.52876pt too wide) in paragraph at lines 18771--18773
[]
 []


Overfull \hbox (152.52876pt too wide) in paragraph at lines 18777--18781
[]
 []

[125]
Overfull \hbox (152.52876pt too wide) in paragraph at lines 18789--18791
[]
 []


Overfull \hbox (152.52876pt too wide) in paragraph at lines 18793--18795
[]
 []


Overfull \hbox (152.52876pt too wide) in paragraph at lines 18797--18799
[]
 []


Overfull \hbox (152.52876pt too wide) in paragraph at lines 18801--18803
[]
 []

[126]
Overfull \hbox (152.52876pt too wide) in paragraph at lines 18805--18807
[]
 []


Overfull \hbox (152.52876pt too wide) in paragraph at lines 18809--18811
[]
 []


Overfull \hbox (152.52876pt too wide) in paragraph at lines 18813--18818
[]
 []


Overfull \hbox (152.52876pt too wide) in paragraph at lines 18825--18828
[]
 []

File: plantuml-db20683e56afd11564804a24593b1871a9c0a1d3.pdf Graphic file (type 
pdf)
<plantuml-db20683e56afd11564804a24593b1871a9c0a1d3.pdf>

Overfull \hbox (152.52876pt too wide) in paragraph at lines 18859--18862
[]
 []


Overfull \hbox (152.52876pt too wide) in paragraph at lines 18864--18867
[]
 []


Overfull \hbox (152.52876pt too wide) in paragraph at lines 18869--18873
[]
 []


Overfull \hbox (152.52876pt too wide) in paragraph at lines 18875--18879
[]
 []


Overfull \hbox (152.52876pt too wide) in paragraph at lines 18881--18884
[]
 []


Overfull \hbox (152.52876pt too wide) in paragraph at lines 18886--18889
[]
 []

[127] [128]
Overfull \hbox (152.52876pt too wide) in paragraph at lines 18891--18894
[]
 []


Overfull \hbox (152.52876pt too wide) in paragraph at lines 18896--18900
[]
 []


Overfull \hbox (152.52876pt too wide) in paragraph at lines 18902--18906
[]
 []


Overfull \hbox (152.52876pt too wide) in paragraph at lines 18908--18911
[]
 []


Overfull \hbox (152.52876pt too wide) in paragraph at lines 18913--18916
[]
 []


Overfull \hbox (152.52876pt too wide) in paragraph at lines 18918--18921
[]
 []

File: plantuml-02291886d50a3eb3c98eef25815b7b266ee92b52.pdf Graphic file (type 
pdf)
<plantuml-02291886d50a3eb3c98eef25815b7b266ee92b52.pdf>

Overfull \hbox (152.52876pt too wide) in paragraph at lines 18947--18950
[]
 []


Overfull \hbox (152.52876pt too wide) in paragraph at lines 18952--18956
[]
 []


Overfull \hbox (152.52876pt too wide) in paragraph at lines 18958--18961
[]
 []


Overfull \hbox (152.52876pt too wide) in paragraph at lines 18963--18966
[]
 []


Overfull \hbox (152.52876pt too wide) in paragraph at lines 18968--18971
[]
 []

[129]
Overfull \hbox (152.52876pt too wide) in paragraph at lines 18973--18977
[]
 []


Overfull \hbox (152.52876pt too wide) in paragraph at lines 18979--18982
[]
 []


Overfull \hbox (152.52876pt too wide) in paragraph at lines 18984--18986
[]
 []


Overfull \hbox (152.52876pt too wide) in paragraph at lines 18988--18990
[]
 []


Overfull \hbox (152.52876pt too wide) in paragraph at lines 18992--18995
[]
 []


Overfull \hbox (152.52876pt too wide) in paragraph at lines 18997--19000
[]
 []


Overfull \hbox (152.52876pt too wide) in paragraph at lines 19002--19005
[]
 []

[130] [131] [132

]
第10章

Overfull \hbox (152.52876pt too wide) in paragraph at lines 19025--19027
[]
 []


Overfull \hbox (152.52876pt too wide) in paragraph at lines 19029--19031
[]
 []


Overfull \hbox (152.52876pt too wide) in paragraph at lines 19045--19047
[]
 []


Underfull \hbox (badness 10000) in paragraph at lines 19045--19047
[][]$\T1/qtm/m/n/10 https : / / blackpoker . github . io / BlackPoker / BlackPo
ker / issue527 / actionlist / html / all . html ? format = %E3 %
 []


Overfull \hbox (152.52876pt too wide) in paragraph at lines 19049--19051
[]
 []


Overfull \hbox (152.52876pt too wide) in paragraph at lines 19061--19063
[]
 []


Underfull \hbox (badness 10000) in paragraph at lines 19061--19063
[][]$\T1/qtm/m/n/10 https : / / blackpoker . github . io / BlackPoker / BlackPo
ker / issue527 / actionlist / html / all . html ? format = %E3 %
 []


Overfull \hbox (152.52876pt too wide) in paragraph at lines 19065--19067
[]
 []

[133]
Overfull \hbox (152.52876pt too wide) in paragraph at lines 19081--19083
[]
 []


Underfull \hbox (badness 10000) in paragraph at lines 19081--19083
[][]$\T1/qtm/m/n/10 https : / / blackpoker . github . io / BlackPoker / BlackPo
ker / issue527 / actionlist / html / all . html ? format = %E3 %
 []


Underfull \hbox (badness 10000) in paragraph at lines 19081--19083
\T1/qtm/m/n/10 83 % 9E % E3 % 82 % B9 % E3 % 82 % BF % E3 % 83 % BC & frame = %
E3 % 82 % A8 % E3 % 82 % AF % E3 % 82 %
 []


Overfull \hbox (152.52876pt too wide) in paragraph at lines 19093--19095
[]
 []


Overfull \hbox (152.52876pt too wide) in paragraph at lines 19097--19099
[]
 []

[134]
第11章
[135

] [136

]
第12章
[137] [138] [139]
Overfull \hbox (152.52876pt too wide) in paragraph at lines 19416--19418
[]
 []


Overfull \hbox (152.52876pt too wide) in paragraph at lines 19420--19422
[]
 []


Overfull \hbox (152.52876pt too wide) in paragraph at lines 19429--19431
[]
 []


Overfull \hbox (152.52876pt too wide) in paragraph at lines 19433--19435
[]
 []


Overfull \hbox (152.52876pt too wide) in paragraph at lines 19442--19444
[]
 []


Overfull \hbox (152.52876pt too wide) in paragraph at lines 19446--19452
[]
 []


Overfull \hbox (152.52876pt too wide) in paragraph at lines 19459--19461
[]
 []


Overfull \hbox (152.52876pt too wide) in paragraph at lines 19463--19465
[]
 []


Overfull \hbox (152.52876pt too wide) in paragraph at lines 19472--19474
[]
 []


Overfull \hbox (152.52876pt too wide) in paragraph at lines 19476--19480
[]
 []

[140]
Overfull \hbox (152.52876pt too wide) in paragraph at lines 19490--19492
[]
 []


Overfull \hbox (152.52876pt too wide) in paragraph at lines 19494--19496
[]
 []

[141] [142] [143]

Package hyperref Warning: Token not allowed in a PDF string (PDFDocEncoding):
(hyperref)                removing `math shift' on input line 19753.


Package hyperref Warning: Token not allowed in a PDF string (PDFDocEncoding):
(hyperref)                removing `\rightarrow' on input line 19753.


Package hyperref Warning: Token not allowed in a PDF string (PDFDocEncoding):
(hyperref)                removing `math shift' on input line 19753.


Package hyperref Warning: Token not allowed in a PDF string (PDFDocEncoding):
(hyperref)                removing `\rightarrow' on input line 19753.

[144]
第13章

Overfull \hbox (152.52876pt too wide) in paragraph at lines 19854--19856
[]
 []


Overfull \hbox (152.52876pt too wide) in paragraph at lines 19858--19860
[]
 []


Overfull \hbox (152.52876pt too wide) in paragraph at lines 19869--19872
[]
 []

[145

]
Overfull \hbox (152.52876pt too wide) in paragraph at lines 19887--19890
[]
 []


Overfull \hbox (152.52876pt too wide) in paragraph at lines 19904--19905
[]
 []


Overfull \hbox (152.52876pt too wide) in paragraph at lines 19919--19920
[]
 []

[146] [147


] [148] [149] [150]
LaTeX Font Info:    Font shape `T1/txtt/b/n' in size <10> not available
(Font)              Font shape `T1/txtt/bx/n' tried instead on input line 20578
.
[151]

Package hyperref Warning: Token not allowed in a PDF string (PDFDocEncoding):
(hyperref)                removing `math shift' on input line 20655.


Package hyperref Warning: Token not allowed in a PDF string (PDFDocEncoding):
(hyperref)                removing `\rightarrow' on input line 20655.

[152]

Package hyperref Warning: Token not allowed in a PDF string (PDFDocEncoding):
(hyperref)                removing `math shift' on input line 20736.


Package hyperref Warning: Token not allowed in a PDF string (PDFDocEncoding):
(hyperref)                removing `\rightarrow' on input line 20736.

[153] [154] [155] [156

]
File: blackpoker_logo.pdf Graphic file (type pdf)
<blackpoker_logo.pdf>
[157] (./blackpoker.ind [158] [159


] [160])
LaTeX Font Info:    Font shape `JT1/mc/b/n' in size <12> not available
(Font)              Font shape `JT1/mc/bx/n' tried instead on input line 21223.

LaTeX Font Info:    Font shape `JT1/mc/bx/n' in size <12> not available
(Font)              Font shape `JT1/gt/m/n' tried instead on input line 21223.
LaTeX Font Info:    Font shape `JT1/gt/m/n' will be
(Font)              scaled to size 11.53198pt on input line 21223.
LaTeX Font Info:    Font shape `JY1/mc/b/n' in size <12> not available
(Font)              Font shape `JY1/mc/bx/n' tried instead on input line 21223.

LaTeX Font Info:    Font shape `JY1/mc/bx/n' in size <12> not available
(Font)              Font shape `JY1/gt/m/n' tried instead on input line 21223.
LaTeX Font Info:    Font shape `JY1/gt/m/n' will be
(Font)              scaled to size 11.53198pt on input line 21223.
LaTeX Font Info:    Font shape `JY1/mc/m/n' will be
(Font)              scaled to size 5.76599pt on input line 21227.
[161


] (./blackpoker.aux)
Package rerunfilecheck Info: File `blackpoker.out' has not changed.
(rerunfilecheck)             Checksum: 3267520830AA6C6185491518E39C65AC;42107.
 ) 
Here is how much of TeX's memory you used:
 17076 strings out of 480496
 288663 string characters out of 5899437
 693292 words of memory out of 5000000
 34668 multiletter control sequences out of 15000+600000
 515199 words of font info for 131 fonts, out of 8000000 for 9000
 20 hyphenation exceptions out of 8191
 72i,15n,80p,531b,724s stack positions out of 5000i,500n,10000p,200000b,80000s

Output written on blackpoker.dvi (175 pages, 1031416 bytes).
