%このファイルは日本語文字を含みます.
\BOOKMARK [0][-]{chapter.1}{はじめに}{}% 1
\BOOKMARK [1][-]{section.1.1}{ルールの構成}{chapter.1}% 2
\BOOKMARK [1][-]{section.1.2}{ルール指針}{chapter.1}% 3
\BOOKMARK [2][-]{subsection.1.2.1}{誰とでも戦える \176目指すは老若男女\176}{section.1.2}% 4
\BOOKMARK [2][-]{subsection.1.2.2}{個性が出せる \176オリジナルトランプ・デッキ構築\176}{section.1.2}% 5
\BOOKMARK [2][-]{subsection.1.2.3}{短く終わる \1761戦15分\176}{section.1.2}% 6
\BOOKMARK [2][-]{subsection.1.2.4}{ずっと使えるデッキ}{section.1.2}% 7
\BOOKMARK [2][-]{subsection.1.2.5}{必要な物は最小限 \176トランプのみ\176}{section.1.2}% 8
\BOOKMARK [2][-]{subsection.1.2.6}{プレイング重視 \1765：3：2＝技：運：構築\176}{section.1.2}% 9
\BOOKMARK [2][-]{subsection.1.2.7}{ベースルールはトレーディングカードゲーム}{section.1.2}% 10
\BOOKMARK [2][-]{subsection.1.2.8}{カスタマイズ可能 \176基本と拡張の分離\176}{section.1.2}% 11
\BOOKMARK [2][-]{subsection.1.2.9}{ルールの更新 \176飽き防止＆不備改善\176}{section.1.2}% 12
\BOOKMARK [2][-]{subsection.1.2.10}{相手のカードに触らない}{section.1.2}% 13
\BOOKMARK [0][-]{chapter.2}{コアルール}{}% 14
\BOOKMARK [1][-]{section.2.1}{ターン}{chapter.2}% 15
\BOOKMARK [1][-]{section.2.2}{アクション}{chapter.2}% 16
\BOOKMARK [1][-]{section.2.3}{チャンス}{chapter.2}% 17
\BOOKMARK [1][-]{section.2.4}{ステージ}{chapter.2}% 18
\BOOKMARK [1][-]{section.2.5}{アクションの定義項目}{chapter.2}% 19
\BOOKMARK [2][-]{subsection.2.5.1}{効果}{section.2.5}% 20
\BOOKMARK [2][-]{subsection.2.5.2}{タイミング}{section.2.5}% 21
\BOOKMARK [3][-]{subsubsection*.3}{エンドアクションの定義}{subsection.2.5.2}% 22
\BOOKMARK [3][-]{subsubsection*.4}{アクションのコントローラー}{subsection.2.5.2}% 23
\BOOKMARK [1][-]{section.2.6}{コンポーネント}{chapter.2}% 24
\BOOKMARK [1][-]{section.2.7}{能力}{chapter.2}% 25
\BOOKMARK [1][-]{section.2.8}{コアフロー}{chapter.2}% 26
\BOOKMARK [2][-]{subsection.2.8.1}{[1]ゲーム開始}{section.2.8}% 27
\BOOKMARK [2][-]{subsection.2.8.2}{[2]ターンプレイヤーにチャンスを移動}{section.2.8}% 28
\BOOKMARK [2][-]{subsection.2.8.3}{[3]ステージが空か？}{section.2.8}% 29
\BOOKMARK [2][-]{subsection.2.8.4}{[4]パス名簿リセット}{section.2.8}% 30
\BOOKMARK [2][-]{subsection.2.8.5}{[5]アクションを起こす}{section.2.8}% 31
\BOOKMARK [2][-]{subsection.2.8.6}{[6]即時効果か？}{section.2.8}% 32
\BOOKMARK [2][-]{subsection.2.8.7}{[7]アクションの解決}{section.2.8}% 33
\BOOKMARK [2][-]{subsection.2.8.8}{[8]勝敗判定}{section.2.8}% 34
\BOOKMARK [2][-]{subsection.2.8.9}{[9]ステージに追加}{section.2.8}% 35
\BOOKMARK [2][-]{subsection.2.8.10}{[10]誘発チェック}{section.2.8}% 36
\BOOKMARK [2][-]{subsection.2.8.11}{[11]アクションを起こすか？}{section.2.8}% 37
\BOOKMARK [2][-]{subsection.2.8.12}{[12]パス名簿に登録}{section.2.8}% 38
\BOOKMARK [2][-]{subsection.2.8.13}{[13]パス名簿の件数=プレイヤー数か？}{section.2.8}% 39
\BOOKMARK [2][-]{subsection.2.8.14}{[14]ステージから取出し}{section.2.8}% 40
\BOOKMARK [2][-]{subsection.2.8.15}{[15]チャンス移動}{section.2.8}% 41
\BOOKMARK [2][-]{subsection.2.8.16}{誘発チェック}{section.2.8}% 42
\BOOKMARK [3][-]{subsubsection*.5}{[10-1]誘発したアクションをプレイヤー毎に誘発リストにまとめる}{subsection.2.8.16}% 43
\BOOKMARK [3][-]{subsubsection*.6}{[10-2]誘発リスト全体の件数判定}{subsection.2.8.16}% 44
\BOOKMARK [3][-]{subsubsection*.7}{[10-3]プレイヤー毎に誘発リストの即時効果のアクションを解決}{subsection.2.8.16}% 45
\BOOKMARK [3][-]{subsubsection*.8}{[10-4]誘発リストから即時効果のアクションを1つ取り出す}{subsection.2.8.16}% 46
\BOOKMARK [3][-]{subsubsection*.9}{[10-5]即時効果のアクションを解決}{subsection.2.8.16}% 47
\BOOKMARK [3][-]{subsubsection*.10}{[10-6]勝敗判定}{subsection.2.8.16}% 48
\BOOKMARK [3][-]{subsubsection*.11}{[10-7]誘発したアクションをプレイヤー毎の誘発リストに追加}{subsection.2.8.16}% 49
\BOOKMARK [3][-]{subsubsection*.12}{[10-8]未解決の即時効果があれば繰り返す}{subsection.2.8.16}% 50
\BOOKMARK [3][-]{subsubsection*.13}{[10-9]誘発リストに即時効果のアクションがあれば繰り返す}{subsection.2.8.16}% 51
\BOOKMARK [3][-]{subsubsection*.14}{[10-10]プレイヤー毎に通常効果nのアクションをステージに追加}{subsection.2.8.16}% 52
\BOOKMARK [3][-]{subsubsection*.15}{[10-11]通常効果のアクションを任意の順でステージに追加}{subsection.2.8.16}% 53
\BOOKMARK [3][-]{subsubsection*.16}{[10-12]誘発したアクションをプレイヤー毎の誘発リストに追加}{subsection.2.8.16}% 54
\BOOKMARK [3][-]{subsubsection*.17}{[10-13]誘発リストに通常効果のアクションがあれば繰り返す}{subsection.2.8.16}% 55
\BOOKMARK [1][-]{section.2.9}{まとめ}{chapter.2}% 56
\BOOKMARK [0][-]{chapter.3}{共通ルール}{}% 57
\BOOKMARK [1][-]{section.3.1}{プレイ人数}{chapter.3}% 58
\BOOKMARK [1][-]{section.3.2}{用意するもの}{chapter.3}% 59
\BOOKMARK [1][-]{section.3.3}{使用できるトランプ}{chapter.3}% 60
\BOOKMARK [1][-]{section.3.4}{トランプの数字}{chapter.3}% 61
\BOOKMARK [1][-]{section.3.5}{カードの配置}{chapter.3}% 62
\BOOKMARK [1][-]{section.3.6}{勝利条件}{chapter.3}% 63
\BOOKMARK [1][-]{section.3.7}{ダメージ}{chapter.3}% 64
\BOOKMARK [1][-]{section.3.8}{キャラクター}{chapter.3}% 65
\BOOKMARK [2][-]{subsection.3.8.1}{キャラクターのもつ項目}{section.3.8}% 66
\BOOKMARK [2][-]{subsection.3.8.2}{キャラクターの数字}{section.3.8}% 67
\BOOKMARK [2][-]{subsection.3.8.3}{キャラクターの注意点}{section.3.8}% 68
\BOOKMARK [3][-]{subsubsection*.18}{複数枚で1体となるキャラクターが防壁になったら？}{subsection.3.8.3}% 69
\BOOKMARK [2][-]{subsection.3.8.4}{チャージとドライブ}{section.3.8}% 70
\BOOKMARK [1][-]{section.3.9}{ゲームの始め方}{chapter.3}% 71
\BOOKMARK [1][-]{section.3.10}{アクション}{chapter.3}% 72
\BOOKMARK [2][-]{subsection.3.10.1}{アクションが持つ項目}{section.3.10}% 73
\BOOKMARK [3][-]{subsubsection*.19}{記載されていないアクションの項目}{subsection.3.10.1}% 74
\BOOKMARK [2][-]{subsection.3.10.2}{コストの種類}{section.3.10}% 75
\BOOKMARK [2][-]{subsection.3.10.3}{アクションの起こし方}{section.3.10}% 76
\BOOKMARK [3][-]{subsubsection*.20}{アクションを起こすときの注意点}{subsection.3.10.3}% 77
\BOOKMARK [4][-]{paragraph*.21}{対象を指定しないでアクションを起こせるか？}{subsubsection*.20}% 78
\BOOKMARK [4][-]{paragraph*.22}{アクションを対象とするアクションは自身を対象にできるか？}{subsubsection*.20}% 79
\BOOKMARK [2][-]{subsection.3.10.4}{アクションの解決}{section.3.10}% 80
\BOOKMARK [3][-]{subsubsection*.23}{対象条件を確認}{subsection.3.10.4}% 81
\BOOKMARK [3][-]{subsubsection*.24}{効果を発揮}{subsection.3.10.4}% 82
\BOOKMARK [3][-]{subsubsection*.25}{キーカードを墓地に移す}{subsection.3.10.4}% 83
\BOOKMARK [2][-]{subsection.3.10.5}{勝敗判定}{section.3.10}% 84
\BOOKMARK [2][-]{subsection.3.10.6}{その他補足事項}{section.3.10}% 85
\BOOKMARK [3][-]{subsubsection*.26}{防壁の置き方}{subsection.3.10.6}% 86
\BOOKMARK [3][-]{subsubsection*.27}{1ターンに1回制限}{subsection.3.10.6}% 87
\BOOKMARK [3][-]{subsubsection*.28}{直接起こせないアクション}{subsection.3.10.6}% 88
\BOOKMARK [1][-]{section.3.11}{エクストラ}{chapter.3}% 89
\BOOKMARK [2][-]{subsection.3.11.1}{切札}{section.3.11}% 90
\BOOKMARK [2][-]{subsection.3.11.2}{バージョン}{section.3.11}% 91
\BOOKMARK [2][-]{subsection.3.11.3}{版数との関係}{section.3.11}% 92
\BOOKMARK [2][-]{subsection.3.11.4}{ゲームのはじめ方}{section.3.11}% 93
\BOOKMARK [2][-]{subsection.3.11.5}{切札の能力}{section.3.11}% 94
\BOOKMARK [3][-]{subsubsection*.29}{能力を有効にする}{subsection.3.11.5}% 95
\BOOKMARK [3][-]{subsubsection*.30}{能力を無効する}{subsection.3.11.5}% 96
\BOOKMARK [2][-]{subsection.3.11.6}{エクストラ注意事項}{section.3.11}% 97
\BOOKMARK [3][-]{subsubsection*.31}{1ターンに1回制限のアクションについて}{subsection.3.11.6}% 98
\BOOKMARK [1][-]{section.3.12}{その他のルール}{chapter.3}% 99
\BOOKMARK [2][-]{subsection.3.12.1}{公開・非公開情報}{section.3.12}% 100
\BOOKMARK [3][-]{subsubsection*.32}{残りのデッキ枚数を聞かれたらどうしたらいいの？}{subsection.3.12.1}% 101
\BOOKMARK [3][-]{subsubsection*.33}{墓地の一番上のカードはいつ決まるのか？}{subsection.3.12.1}% 102
\BOOKMARK [2][-]{subsection.3.12.2}{デッキのシャッフルについて}{section.3.12}% 103
\BOOKMARK [0][-]{chapter.4}{フォーマット}{}% 104
\BOOKMARK [1][-]{section.4.1}{フォーマットとは}{chapter.4}% 105
\BOOKMARK [2][-]{subsection.4.1.1}{対戦レギュレーションとの違い}{section.4.1}% 106
\BOOKMARK [2][-]{subsection.4.1.2}{共通ルールとの関係}{section.4.1}% 107
\BOOKMARK [1][-]{section.4.2}{種類}{chapter.4}% 108
\BOOKMARK [1][-]{section.4.3}{定義項目}{chapter.4}% 109
\BOOKMARK [1][-]{section.4.4}{フォーマット定義}{chapter.4}% 110
\BOOKMARK [2][-]{subsection.4.4.1}{ライト}{section.4.4}% 111
\BOOKMARK [3][-]{subsubsection*.34}{アクションリスト}{subsection.4.4.1}% 112
\BOOKMARK [3][-]{subsubsection*.35}{エクストラリスト}{subsection.4.4.1}% 113
\BOOKMARK [3][-]{subsubsection*.36}{事前準備}{subsection.4.4.1}% 114
\BOOKMARK [3][-]{subsubsection*.37}{その他事項}{subsection.4.4.1}% 115
\BOOKMARK [2][-]{subsection.4.4.2}{スタンダード}{section.4.4}% 116
\BOOKMARK [3][-]{subsubsection*.38}{アクションリスト}{subsection.4.4.2}% 117
\BOOKMARK [3][-]{subsubsection*.39}{エクストラリスト}{subsection.4.4.2}% 118
\BOOKMARK [3][-]{subsubsection*.40}{事前準備}{subsection.4.4.2}% 119
\BOOKMARK [3][-]{subsubsection*.41}{その他事項}{subsection.4.4.2}% 120
\BOOKMARK [2][-]{subsection.4.4.3}{プロ}{section.4.4}% 121
\BOOKMARK [3][-]{subsubsection*.42}{アクションリスト}{subsection.4.4.3}% 122
\BOOKMARK [3][-]{subsubsection*.43}{エクストラリスト}{subsection.4.4.3}% 123
\BOOKMARK [3][-]{subsubsection*.44}{事前準備}{subsection.4.4.3}% 124
\BOOKMARK [3][-]{subsubsection*.45}{その他事項}{subsection.4.4.3}% 125
\BOOKMARK [2][-]{subsection.4.4.4}{マスター}{section.4.4}% 126
\BOOKMARK [3][-]{subsubsection*.46}{アクションリスト}{subsection.4.4.4}% 127
\BOOKMARK [3][-]{subsubsection*.47}{エクストラリスト}{subsection.4.4.4}% 128
\BOOKMARK [3][-]{subsubsection*.48}{事前準備}{subsection.4.4.4}% 129
\BOOKMARK [3][-]{subsubsection*.49}{その他事項}{subsection.4.4.4}% 130
\BOOKMARK [2][-]{subsection.4.4.5}{エクストラ}{section.4.4}% 131
\BOOKMARK [3][-]{subsubsection*.50}{アクションリスト}{subsection.4.4.5}% 132
\BOOKMARK [3][-]{subsubsection*.51}{エクストラリスト}{subsection.4.4.5}% 133
\BOOKMARK [3][-]{subsubsection*.52}{事前準備}{subsection.4.4.5}% 134
\BOOKMARK [3][-]{subsubsection*.53}{その他事項}{subsection.4.4.5}% 135
\BOOKMARK [0][-]{chapter.5}{対戦レギュレーション}{}% 136
\BOOKMARK [1][-]{section.5.1}{定義項目}{chapter.5}% 137
\BOOKMARK [1][-]{section.5.2}{レギュレーション定義}{chapter.5}% 138
\BOOKMARK [2][-]{subsection.5.2.1}{ライト}{section.5.2}% 139
\BOOKMARK [3][-]{subsubsection*.54}{フォーマット}{subsection.5.2.1}% 140
\BOOKMARK [3][-]{subsubsection*.55}{デッキ条件}{subsection.5.2.1}% 141
\BOOKMARK [3][-]{subsubsection*.56}{対戦前準備事項}{subsection.5.2.1}% 142
\BOOKMARK [3][-]{subsubsection*.57}{その他制限事項}{subsection.5.2.1}% 143
\BOOKMARK [2][-]{subsection.5.2.2}{ライト40}{section.5.2}% 144
\BOOKMARK [3][-]{subsubsection*.58}{フォーマット}{subsection.5.2.2}% 145
\BOOKMARK [3][-]{subsubsection*.59}{デッキ条件}{subsection.5.2.2}% 146
\BOOKMARK [3][-]{subsubsection*.60}{対戦前準備事項}{subsection.5.2.2}% 147
\BOOKMARK [3][-]{subsubsection*.61}{その他制限事項}{subsection.5.2.2}% 148
\BOOKMARK [2][-]{subsection.5.2.3}{ライトランダムハーフ}{section.5.2}% 149
\BOOKMARK [3][-]{subsubsection*.62}{フォーマット}{subsection.5.2.3}% 150
\BOOKMARK [3][-]{subsubsection*.63}{デッキ条件}{subsection.5.2.3}% 151
\BOOKMARK [3][-]{subsubsection*.64}{対戦前準備事項}{subsection.5.2.3}% 152
\BOOKMARK [3][-]{subsubsection*.65}{その他制限事項}{subsection.5.2.3}% 153
\BOOKMARK [2][-]{subsection.5.2.4}{スタンダード}{section.5.2}% 154
\BOOKMARK [3][-]{subsubsection*.66}{フォーマット}{subsection.5.2.4}% 155
\BOOKMARK [3][-]{subsubsection*.67}{デッキ条件}{subsection.5.2.4}% 156
\BOOKMARK [3][-]{subsubsection*.68}{対戦前準備事項}{subsection.5.2.4}% 157
\BOOKMARK [3][-]{subsubsection*.69}{その他制限事項}{subsection.5.2.4}% 158
\BOOKMARK [2][-]{subsection.5.2.5}{スタンダード40}{section.5.2}% 159
\BOOKMARK [3][-]{subsubsection*.70}{フォーマット}{subsection.5.2.5}% 160
\BOOKMARK [3][-]{subsubsection*.71}{デッキ条件}{subsection.5.2.5}% 161
\BOOKMARK [3][-]{subsubsection*.72}{対戦前準備事項}{subsection.5.2.5}% 162
\BOOKMARK [3][-]{subsubsection*.73}{その他制限事項}{subsection.5.2.5}% 163
\BOOKMARK [2][-]{subsection.5.2.6}{スタンダードランダムハーフ}{section.5.2}% 164
\BOOKMARK [3][-]{subsubsection*.74}{フォーマット}{subsection.5.2.6}% 165
\BOOKMARK [3][-]{subsubsection*.75}{デッキ条件}{subsection.5.2.6}% 166
\BOOKMARK [3][-]{subsubsection*.76}{対戦前準備事項}{subsection.5.2.6}% 167
\BOOKMARK [3][-]{subsubsection*.77}{その他制限事項}{subsection.5.2.6}% 168
\BOOKMARK [2][-]{subsection.5.2.7}{プロ}{section.5.2}% 169
\BOOKMARK [3][-]{subsubsection*.78}{フォーマット}{subsection.5.2.7}% 170
\BOOKMARK [3][-]{subsubsection*.79}{デッキ条件}{subsection.5.2.7}% 171
\BOOKMARK [3][-]{subsubsection*.80}{対戦前準備事項}{subsection.5.2.7}% 172
\BOOKMARK [3][-]{subsubsection*.81}{その他制限事項}{subsection.5.2.7}% 173
\BOOKMARK [2][-]{subsection.5.2.8}{プロ40}{section.5.2}% 174
\BOOKMARK [3][-]{subsubsection*.82}{フォーマット}{subsection.5.2.8}% 175
\BOOKMARK [3][-]{subsubsection*.83}{デッキ条件}{subsection.5.2.8}% 176
\BOOKMARK [3][-]{subsubsection*.84}{対戦前準備事項}{subsection.5.2.8}% 177
\BOOKMARK [3][-]{subsubsection*.85}{その他制限事項}{subsection.5.2.8}% 178
\BOOKMARK [2][-]{subsection.5.2.9}{プロランダムハーフ}{section.5.2}% 179
\BOOKMARK [3][-]{subsubsection*.86}{フォーマット}{subsection.5.2.9}% 180
\BOOKMARK [3][-]{subsubsection*.87}{デッキ条件}{subsection.5.2.9}% 181
\BOOKMARK [3][-]{subsubsection*.88}{対戦前準備事項}{subsection.5.2.9}% 182
\BOOKMARK [3][-]{subsubsection*.89}{その他制限事項}{subsection.5.2.9}% 183
\BOOKMARK [2][-]{subsection.5.2.10}{マスター}{section.5.2}% 184
\BOOKMARK [3][-]{subsubsection*.90}{フォーマット}{subsection.5.2.10}% 185
\BOOKMARK [3][-]{subsubsection*.91}{デッキ条件}{subsection.5.2.10}% 186
\BOOKMARK [3][-]{subsubsection*.92}{対戦前準備事項}{subsection.5.2.10}% 187
\BOOKMARK [3][-]{subsubsection*.93}{その他制限事項}{subsection.5.2.10}% 188
\BOOKMARK [2][-]{subsection.5.2.11}{マスター40}{section.5.2}% 189
\BOOKMARK [3][-]{subsubsection*.94}{フォーマット}{subsection.5.2.11}% 190
\BOOKMARK [3][-]{subsubsection*.95}{デッキ条件}{subsection.5.2.11}% 191
\BOOKMARK [3][-]{subsubsection*.96}{対戦前準備事項}{subsection.5.2.11}% 192
\BOOKMARK [3][-]{subsubsection*.97}{その他制限事項}{subsection.5.2.11}% 193
\BOOKMARK [2][-]{subsection.5.2.12}{マスターランダムハーフ}{section.5.2}% 194
\BOOKMARK [3][-]{subsubsection*.98}{フォーマット}{subsection.5.2.12}% 195
\BOOKMARK [3][-]{subsubsection*.99}{デッキ条件}{subsection.5.2.12}% 196
\BOOKMARK [3][-]{subsubsection*.100}{対戦前準備事項}{subsection.5.2.12}% 197
\BOOKMARK [3][-]{subsubsection*.101}{その他制限事項}{subsection.5.2.12}% 198
\BOOKMARK [2][-]{subsection.5.2.13}{エクストラ}{section.5.2}% 199
\BOOKMARK [3][-]{subsubsection*.102}{フォーマット}{subsection.5.2.13}% 200
\BOOKMARK [3][-]{subsubsection*.103}{デッキ条件}{subsection.5.2.13}% 201
\BOOKMARK [3][-]{subsubsection*.104}{対戦前準備事項}{subsection.5.2.13}% 202
\BOOKMARK [3][-]{subsubsection*.105}{その他制限事項}{subsection.5.2.13}% 203
\BOOKMARK [0][-]{chapter.6}{付録}{}% 204
\BOOKMARK [1][-]{section.6.1}{PDF版ルール}{chapter.6}% 205
\BOOKMARK [1][-]{section.6.2}{アクションリスト}{chapter.6}% 206
\BOOKMARK [2][-]{subsection.6.2.1}{ライト}{section.6.2}% 207
\BOOKMARK [2][-]{subsection.6.2.2}{スタンダード}{section.6.2}% 208
\BOOKMARK [2][-]{subsection.6.2.3}{プロ}{section.6.2}% 209
\BOOKMARK [2][-]{subsection.6.2.4}{マスター}{section.6.2}% 210
\BOOKMARK [1][-]{section.6.3}{エクストラリスト}{chapter.6}% 211
